[0.813s] Invoking command in '/home/mh/Documents/ros2_drone_swarm/build/swarm_controller': DEBUGINFOD_URLS=https://debuginfod.ubuntu.com PYTHONPATH=/home/mh/Documents/ros2_drone_swarm/build/swarm_controller/prefix_override:/usr/lib/python3/dist-packages/colcon_core/task/python/colcon_distutils_commands:/home/mh/Documents/ros2_drone_swarm/install/swarm_controller/lib/python3.12/site-packages:${PYTHONPATH} /usr/bin/python3 -W ignore:setup.py install is deprecated -W ignore:easy_install command is deprecated setup.py develop --editable --build-directory /home/mh/Documents/ros2_drone_swarm/build/swarm_controller/build --no-deps symlink_data
[1.144s] running develop
[1.361s] running egg_info
[1.361s] creating swarm_controller.egg-info
[1.382s] writing swarm_controller.egg-info/PKG-INFO
[1.382s] writing dependency_links to swarm_controller.egg-info/dependency_links.txt
[1.383s] writing entry points to swarm_controller.egg-info/entry_points.txt
[1.383s] writing requirements to swarm_controller.egg-info/requires.txt
[1.383s] writing top-level names to swarm_controller.egg-info/top_level.txt
[1.383s] writing manifest file 'swarm_controller.egg-info/SOURCES.txt'
[1.426s] reading manifest file 'swarm_controller.egg-info/SOURCES.txt'
[1.427s] writing manifest file 'swarm_controller.egg-info/SOURCES.txt'
[1.449s] running build_ext
[1.449s] Creating /home/mh/Documents/ros2_drone_swarm/install/swarm_controller/lib/python3.12/site-packages/swarm-controller.egg-link (link to .)
[1.450s] Installing formation_controller script to /home/mh/Documents/ros2_drone_swarm/install/swarm_controller/bin
[1.450s] Installing mission_executor script to /home/mh/Documents/ros2_drone_swarm/install/swarm_controller/bin
[1.450s] Installing swarm_drone script to /home/mh/Documents/ros2_drone_swarm/install/swarm_controller/bin
[1.450s] 
[1.450s] Installed /home/mh/Documents/ros2_drone_swarm/build/swarm_controller
[1.451s] running symlink_data
[1.451s] creating /home/mh/Documents/ros2_drone_swarm/install/swarm_controller/share/ament_index
[1.451s] creating /home/mh/Documents/ros2_drone_swarm/install/swarm_controller/share/ament_index/resource_index
[1.451s] creating /home/mh/Documents/ros2_drone_swarm/install/swarm_controller/share/ament_index/resource_index/packages
[1.451s] symbolically linking /home/mh/Documents/ros2_drone_swarm/build/swarm_controller/resource/swarm_controller -> /home/mh/Documents/ros2_drone_swarm/install/swarm_controller/share/ament_index/resource_index/packages
[1.451s] symbolically linking /home/mh/Documents/ros2_drone_swarm/build/swarm_controller/package.xml -> /home/mh/Documents/ros2_drone_swarm/install/swarm_controller/share/swarm_controller
[1.451s] creating /home/mh/Documents/ros2_drone_swarm/install/swarm_controller/share/swarm_controller/launch
[1.451s] symbolically linking /home/mh/Documents/ros2_drone_swarm/build/swarm_controller/launch/simple_test.launch.py -> /home/mh/Documents/ros2_drone_swarm/install/swarm_controller/share/swarm_controller/launch
[1.451s] symbolically linking /home/mh/Documents/ros2_drone_swarm/build/swarm_controller/launch/run_competition.launch.py -> /home/mh/Documents/ros2_drone_swarm/install/swarm_controller/share/swarm_controller/launch
[1.451s] creating /home/mh/Documents/ros2_drone_swarm/install/swarm_controller/share/swarm_controller/worlds
[1.451s] symbolically linking /home/mh/Documents/ros2_drone_swarm/build/swarm_controller/worlds/swarm_arena.world -> /home/mh/Documents/ros2_drone_swarm/install/swarm_controller/share/swarm_controller/worlds
[1.452s] creating /home/mh/Documents/ros2_drone_swarm/install/swarm_controller/share/swarm_controller/config
[1.452s] symbolically linking /home/mh/Documents/ros2_drone_swarm/build/swarm_controller/config/swarm_params.yaml -> /home/mh/Documents/ros2_drone_swarm/install/swarm_controller/share/swarm_controller/config
[1.452s] symbolically linking /home/mh/Documents/ros2_drone_swarm/build/swarm_controller/config/swarm_viz.rviz -> /home/mh/Documents/ros2_drone_swarm/install/swarm_controller/share/swarm_controller/config
[1.452s] creating /home/mh/Documents/ros2_drone_swarm/install/swarm_controller/share/swarm_controller/models
[1.452s] creating /home/mh/Documents/ros2_drone_swarm/install/swarm_controller/share/swarm_controller/models/x500
[1.452s] symbolically linking /home/mh/Documents/ros2_drone_swarm/build/swarm_controller/models/x500/model.sdf -> /home/mh/Documents/ros2_drone_swarm/install/swarm_controller/share/swarm_controller/models/x500
[1.452s] symbolically linking /home/mh/Documents/ros2_drone_swarm/build/swarm_controller/models/x500/model.config -> /home/mh/Documents/ros2_drone_swarm/install/swarm_controller/share/swarm_controller/models/x500
[1.477s] Invoked command in '/home/mh/Documents/ros2_drone_swarm/build/swarm_controller' returned '0': DEBUGINFOD_URLS=https://debuginfod.ubuntu.com PYTHONPATH=/home/mh/Documents/ros2_drone_swarm/build/swarm_controller/prefix_override:/usr/lib/python3/dist-packages/colcon_core/task/python/colcon_distutils_commands:/home/mh/Documents/ros2_drone_swarm/install/swarm_controller/lib/python3.12/site-packages:${PYTHONPATH} /usr/bin/python3 -W ignore:setup.py install is deprecated -W ignore:easy_install command is deprecated setup.py develop --editable --build-directory /home/mh/Documents/ros2_drone_swarm/build/swarm_controller/build --no-deps symlink_data
