[0.107s] DEBUG:colcon:Command line arguments: ['/usr/bin/colcon', 'build', '--packages-select', 'swarm_msgs', '--cmake-args', '-DCMAKE_BUILD_TYPE=Release']
[0.107s] DEBUG:colcon:Parsed command line arguments: Namespace(log_base=None, log_level=None, verb_name='build', build_base='build', install_base='install', merge_install=False, symlink_install=False, test_result_base=None, continue_on_error=False, executor='parallel', parallel_workers=12, event_handlers=None, ignore_user_meta=False, metas=['./colcon.meta'], base_paths=['.'], packages_ignore=None, packages_ignore_regex=None, paths=None, packages_up_to=None, packages_up_to_regex=None, packages_above=None, packages_above_and_dependencies=None, packages_above_depth=None, packages_select_by_dep=None, packages_skip_by_dep=None, packages_skip_up_to=None, packages_select_build_failed=False, packages_skip_build_finished=False, packages_select_test_failures=False, packages_skip_test_passed=False, packages_select=['swarm_msgs'], packages_skip=None, packages_select_regex=None, packages_skip_regex=None, packages_start=None, packages_end=None, allow_overriding=[], cmake_args=['-DCMAKE_BUILD_TYPE=Release'], cmake_target=None, cmake_target_skip_unavailable=False, cmake_clean_cache=False, cmake_clean_first=False, cmake_force_configure=False, ament_cmake_args=None, catkin_cmake_args=None, catkin_skip_building_tests=False, mixin_files=None, mixin=None, verb_parser=<colcon_mixin.mixin.mixin_argument.MixinArgumentDecorator object at 0x7c91faa9ef00>, verb_extension=<colcon_core.verb.build.BuildVerb object at 0x7c91fb44a6c0>, main=<bound method BuildVerb.main of <colcon_core.verb.build.BuildVerb object at 0x7c91fb44a6c0>>, mixin_verb=('build',))
[0.149s] Level 1:colcon.colcon_core.package_discovery:discover_packages(colcon_meta) check parameters
[0.149s] Level 1:colcon.colcon_core.package_discovery:discover_packages(recursive) check parameters
[0.149s] Level 1:colcon.colcon_core.package_discovery:discover_packages(ignore) check parameters
[0.149s] Level 1:colcon.colcon_core.package_discovery:discover_packages(path) check parameters
[0.149s] Level 1:colcon.colcon_core.package_discovery:discover_packages(colcon_meta) discover
[0.150s] Level 1:colcon.colcon_core.package_discovery:discover_packages(recursive) discover
[0.150s] INFO:colcon.colcon_core.package_discovery:Crawling recursively for packages in '/home/mh/Documents/ros2_drone_swarm'
[0.150s] Level 1:colcon.colcon_core.package_identification:_identify(.) by extensions ['ignore', 'ignore_ament_install']
[0.150s] Level 1:colcon.colcon_core.package_identification:_identify(.) by extension 'ignore'
[0.150s] Level 1:colcon.colcon_core.package_identification:_identify(.) by extension 'ignore_ament_install'
[0.150s] Level 1:colcon.colcon_core.package_identification:_identify(.) by extensions ['colcon_pkg']
[0.150s] Level 1:colcon.colcon_core.package_identification:_identify(.) by extension 'colcon_pkg'
[0.150s] Level 1:colcon.colcon_core.package_identification:_identify(.) by extensions ['colcon_meta']
[0.150s] Level 1:colcon.colcon_core.package_identification:_identify(.) by extension 'colcon_meta'
[0.150s] Level 1:colcon.colcon_core.package_identification:_identify(.) by extensions ['ros']
[0.150s] Level 1:colcon.colcon_core.package_identification:_identify(.) by extension 'ros'
[0.173s] Level 1:colcon.colcon_core.package_identification:_identify(.) by extensions ['cmake', 'python']
[0.174s] Level 1:colcon.colcon_core.package_identification:_identify(.) by extension 'cmake'
[0.174s] Level 1:colcon.colcon_core.package_identification:_identify(.) by extension 'python'
[0.174s] Level 1:colcon.colcon_core.package_identification:_identify(.) by extensions ['python_setup_py']
[0.174s] Level 1:colcon.colcon_core.package_identification:_identify(.) by extension 'python_setup_py'
[0.174s] Level 1:colcon.colcon_core.package_identification:_identify(Docs) by extensions ['ignore', 'ignore_ament_install']
[0.174s] Level 1:colcon.colcon_core.package_identification:_identify(Docs) by extension 'ignore'
[0.174s] Level 1:colcon.colcon_core.package_identification:_identify(Docs) by extension 'ignore_ament_install'
[0.174s] Level 1:colcon.colcon_core.package_identification:_identify(Docs) by extensions ['colcon_pkg']
[0.174s] Level 1:colcon.colcon_core.package_identification:_identify(Docs) by extension 'colcon_pkg'
[0.174s] Level 1:colcon.colcon_core.package_identification:_identify(Docs) by extensions ['colcon_meta']
[0.174s] Level 1:colcon.colcon_core.package_identification:_identify(Docs) by extension 'colcon_meta'
[0.174s] Level 1:colcon.colcon_core.package_identification:_identify(Docs) by extensions ['ros']
[0.174s] Level 1:colcon.colcon_core.package_identification:_identify(Docs) by extension 'ros'
[0.174s] Level 1:colcon.colcon_core.package_identification:_identify(Docs) by extensions ['cmake', 'python']
[0.174s] Level 1:colcon.colcon_core.package_identification:_identify(Docs) by extension 'cmake'
[0.174s] Level 1:colcon.colcon_core.package_identification:_identify(Docs) by extension 'python'
[0.174s] Level 1:colcon.colcon_core.package_identification:_identify(Docs) by extensions ['python_setup_py']
[0.174s] Level 1:colcon.colcon_core.package_identification:_identify(Docs) by extension 'python_setup_py'
[0.174s] Level 1:colcon.colcon_core.package_identification:_identify(build) by extensions ['ignore', 'ignore_ament_install']
[0.174s] Level 1:colcon.colcon_core.package_identification:_identify(build) by extension 'ignore'
[0.175s] Level 1:colcon.colcon_core.package_identification:_identify(build) ignored
[0.175s] Level 1:colcon.colcon_core.package_identification:_identify(install) by extensions ['ignore', 'ignore_ament_install']
[0.175s] Level 1:colcon.colcon_core.package_identification:_identify(install) by extension 'ignore'
[0.175s] Level 1:colcon.colcon_core.package_identification:_identify(install) ignored
[0.175s] Level 1:colcon.colcon_core.package_identification:_identify(log) by extensions ['ignore', 'ignore_ament_install']
[0.175s] Level 1:colcon.colcon_core.package_identification:_identify(log) by extension 'ignore'
[0.175s] Level 1:colcon.colcon_core.package_identification:_identify(log) ignored
[0.175s] Level 1:colcon.colcon_core.package_identification:_identify(logs) by extensions ['ignore', 'ignore_ament_install']
[0.175s] Level 1:colcon.colcon_core.package_identification:_identify(logs) by extension 'ignore'
[0.175s] Level 1:colcon.colcon_core.package_identification:_identify(logs) by extension 'ignore_ament_install'
[0.175s] Level 1:colcon.colcon_core.package_identification:_identify(logs) by extensions ['colcon_pkg']
[0.175s] Level 1:colcon.colcon_core.package_identification:_identify(logs) by extension 'colcon_pkg'
[0.175s] Level 1:colcon.colcon_core.package_identification:_identify(logs) by extensions ['colcon_meta']
[0.175s] Level 1:colcon.colcon_core.package_identification:_identify(logs) by extension 'colcon_meta'
[0.175s] Level 1:colcon.colcon_core.package_identification:_identify(logs) by extensions ['ros']
[0.175s] Level 1:colcon.colcon_core.package_identification:_identify(logs) by extension 'ros'
[0.175s] Level 1:colcon.colcon_core.package_identification:_identify(logs) by extensions ['cmake', 'python']
[0.175s] Level 1:colcon.colcon_core.package_identification:_identify(logs) by extension 'cmake'
[0.175s] Level 1:colcon.colcon_core.package_identification:_identify(logs) by extension 'python'
[0.176s] Level 1:colcon.colcon_core.package_identification:_identify(logs) by extensions ['python_setup_py']
[0.176s] Level 1:colcon.colcon_core.package_identification:_identify(logs) by extension 'python_setup_py'
[0.176s] Level 1:colcon.colcon_core.package_identification:_identify(my_env) by extensions ['ignore', 'ignore_ament_install']
[0.176s] Level 1:colcon.colcon_core.package_identification:_identify(my_env) by extension 'ignore'
[0.176s] Level 1:colcon.colcon_core.package_identification:_identify(my_env) by extension 'ignore_ament_install'
[0.176s] Level 1:colcon.colcon_core.package_identification:_identify(my_env) by extensions ['colcon_pkg']
[0.176s] Level 1:colcon.colcon_core.package_identification:_identify(my_env) by extension 'colcon_pkg'
[0.176s] Level 1:colcon.colcon_core.package_identification:_identify(my_env) by extensions ['colcon_meta']
[0.176s] Level 1:colcon.colcon_core.package_identification:_identify(my_env) by extension 'colcon_meta'
[0.176s] Level 1:colcon.colcon_core.package_identification:_identify(my_env) by extensions ['ros']
[0.176s] Level 1:colcon.colcon_core.package_identification:_identify(my_env) by extension 'ros'
[0.176s] Level 1:colcon.colcon_core.package_identification:_identify(my_env) by extensions ['cmake', 'python']
[0.176s] Level 1:colcon.colcon_core.package_identification:_identify(my_env) by extension 'cmake'
[0.176s] Level 1:colcon.colcon_core.package_identification:_identify(my_env) by extension 'python'
[0.176s] Level 1:colcon.colcon_core.package_identification:_identify(my_env) by extensions ['python_setup_py']
[0.176s] Level 1:colcon.colcon_core.package_identification:_identify(my_env) by extension 'python_setup_py'
[0.176s] Level 1:colcon.colcon_core.package_identification:_identify(my_env/bin) by extensions ['ignore', 'ignore_ament_install']
[0.176s] Level 1:colcon.colcon_core.package_identification:_identify(my_env/bin) by extension 'ignore'
[0.176s] Level 1:colcon.colcon_core.package_identification:_identify(my_env/bin) by extension 'ignore_ament_install'
[0.176s] Level 1:colcon.colcon_core.package_identification:_identify(my_env/bin) by extensions ['colcon_pkg']
[0.176s] Level 1:colcon.colcon_core.package_identification:_identify(my_env/bin) by extension 'colcon_pkg'
[0.177s] Level 1:colcon.colcon_core.package_identification:_identify(my_env/bin) by extensions ['colcon_meta']
[0.177s] Level 1:colcon.colcon_core.package_identification:_identify(my_env/bin) by extension 'colcon_meta'
[0.177s] Level 1:colcon.colcon_core.package_identification:_identify(my_env/bin) by extensions ['ros']
[0.177s] Level 1:colcon.colcon_core.package_identification:_identify(my_env/bin) by extension 'ros'
[0.177s] Level 1:colcon.colcon_core.package_identification:_identify(my_env/bin) by extensions ['cmake', 'python']
[0.177s] Level 1:colcon.colcon_core.package_identification:_identify(my_env/bin) by extension 'cmake'
[0.177s] Level 1:colcon.colcon_core.package_identification:_identify(my_env/bin) by extension 'python'
[0.177s] Level 1:colcon.colcon_core.package_identification:_identify(my_env/bin) by extensions ['python_setup_py']
[0.177s] Level 1:colcon.colcon_core.package_identification:_identify(my_env/bin) by extension 'python_setup_py'
[0.177s] Level 1:colcon.colcon_core.package_identification:_identify(src) by extensions ['ignore', 'ignore_ament_install']
[0.177s] Level 1:colcon.colcon_core.package_identification:_identify(src) by extension 'ignore'
[0.177s] Level 1:colcon.colcon_core.package_identification:_identify(src) by extension 'ignore_ament_install'
[0.177s] Level 1:colcon.colcon_core.package_identification:_identify(src) by extensions ['colcon_pkg']
[0.177s] Level 1:colcon.colcon_core.package_identification:_identify(src) by extension 'colcon_pkg'
[0.177s] Level 1:colcon.colcon_core.package_identification:_identify(src) by extensions ['colcon_meta']
[0.177s] Level 1:colcon.colcon_core.package_identification:_identify(src) by extension 'colcon_meta'
[0.177s] Level 1:colcon.colcon_core.package_identification:_identify(src) by extensions ['ros']
[0.177s] Level 1:colcon.colcon_core.package_identification:_identify(src) by extension 'ros'
[0.177s] Level 1:colcon.colcon_core.package_identification:_identify(src) by extensions ['cmake', 'python']
[0.177s] Level 1:colcon.colcon_core.package_identification:_identify(src) by extension 'cmake'
[0.177s] Level 1:colcon.colcon_core.package_identification:_identify(src) by extension 'python'
[0.177s] Level 1:colcon.colcon_core.package_identification:_identify(src) by extensions ['python_setup_py']
[0.177s] Level 1:colcon.colcon_core.package_identification:_identify(src) by extension 'python_setup_py'
[0.178s] Level 1:colcon.colcon_core.package_identification:_identify(src/swarm_controller) by extensions ['ignore', 'ignore_ament_install']
[0.178s] Level 1:colcon.colcon_core.package_identification:_identify(src/swarm_controller) by extension 'ignore'
[0.178s] Level 1:colcon.colcon_core.package_identification:_identify(src/swarm_controller) by extension 'ignore_ament_install'
[0.178s] Level 1:colcon.colcon_core.package_identification:_identify(src/swarm_controller) by extensions ['colcon_pkg']
[0.178s] Level 1:colcon.colcon_core.package_identification:_identify(src/swarm_controller) by extension 'colcon_pkg'
[0.178s] Level 1:colcon.colcon_core.package_identification:_identify(src/swarm_controller) by extensions ['colcon_meta']
[0.178s] Level 1:colcon.colcon_core.package_identification:_identify(src/swarm_controller) by extension 'colcon_meta'
[0.178s] Level 1:colcon.colcon_core.package_identification:_identify(src/swarm_controller) by extensions ['ros']
[0.178s] Level 1:colcon.colcon_core.package_identification:_identify(src/swarm_controller) by extension 'ros'
[0.180s] DEBUG:colcon.colcon_core.package_identification:Package 'src/swarm_controller' with type 'ros.ament_python' and name 'swarm_controller'
[0.181s] Level 1:colcon.colcon_core.package_identification:_identify(src/swarm_msgs) by extensions ['ignore', 'ignore_ament_install']
[0.181s] Level 1:colcon.colcon_core.package_identification:_identify(src/swarm_msgs) by extension 'ignore'
[0.181s] Level 1:colcon.colcon_core.package_identification:_identify(src/swarm_msgs) by extension 'ignore_ament_install'
[0.181s] Level 1:colcon.colcon_core.package_identification:_identify(src/swarm_msgs) by extensions ['colcon_pkg']
[0.181s] Level 1:colcon.colcon_core.package_identification:_identify(src/swarm_msgs) by extension 'colcon_pkg'
[0.181s] Level 1:colcon.colcon_core.package_identification:_identify(src/swarm_msgs) by extensions ['colcon_meta']
[0.181s] Level 1:colcon.colcon_core.package_identification:_identify(src/swarm_msgs) by extension 'colcon_meta'
[0.181s] Level 1:colcon.colcon_core.package_identification:_identify(src/swarm_msgs) by extensions ['ros']
[0.181s] Level 1:colcon.colcon_core.package_identification:_identify(src/swarm_msgs) by extension 'ros'
[0.181s] DEBUG:colcon.colcon_core.package_identification:Package 'src/swarm_msgs' with type 'ros.ament_cmake' and name 'swarm_msgs'
[0.182s] Level 1:colcon.colcon_core.package_identification:_identify(videos) by extensions ['ignore', 'ignore_ament_install']
[0.182s] Level 1:colcon.colcon_core.package_identification:_identify(videos) by extension 'ignore'
[0.182s] Level 1:colcon.colcon_core.package_identification:_identify(videos) by extension 'ignore_ament_install'
[0.182s] Level 1:colcon.colcon_core.package_identification:_identify(videos) by extensions ['colcon_pkg']
[0.182s] Level 1:colcon.colcon_core.package_identification:_identify(videos) by extension 'colcon_pkg'
[0.182s] Level 1:colcon.colcon_core.package_identification:_identify(videos) by extensions ['colcon_meta']
[0.182s] Level 1:colcon.colcon_core.package_identification:_identify(videos) by extension 'colcon_meta'
[0.182s] Level 1:colcon.colcon_core.package_identification:_identify(videos) by extensions ['ros']
[0.182s] Level 1:colcon.colcon_core.package_identification:_identify(videos) by extension 'ros'
[0.182s] Level 1:colcon.colcon_core.package_identification:_identify(videos) by extensions ['cmake', 'python']
[0.182s] Level 1:colcon.colcon_core.package_identification:_identify(videos) by extension 'cmake'
[0.182s] Level 1:colcon.colcon_core.package_identification:_identify(videos) by extension 'python'
[0.182s] Level 1:colcon.colcon_core.package_identification:_identify(videos) by extensions ['python_setup_py']
[0.182s] Level 1:colcon.colcon_core.package_identification:_identify(videos) by extension 'python_setup_py'
[0.182s] Level 1:colcon.colcon_core.package_discovery:discover_packages(recursive) using defaults
[0.182s] Level 1:colcon.colcon_core.package_discovery:discover_packages(ignore) discover
[0.182s] Level 1:colcon.colcon_core.package_discovery:discover_packages(ignore) using defaults
[0.182s] Level 1:colcon.colcon_core.package_discovery:discover_packages(path) discover
[0.182s] Level 1:colcon.colcon_core.package_discovery:discover_packages(path) using defaults
[0.198s] INFO:colcon.colcon_core.package_selection:Skipping not selected package 'swarm_controller' in 'src/swarm_controller'
[0.199s] Level 1:colcon.colcon_core.package_discovery:discover_packages(prefix_path) check parameters
[0.199s] Level 1:colcon.colcon_core.package_discovery:discover_packages(prefix_path) discover
[0.201s] DEBUG:colcon.colcon_installed_package_information.package_discovery:Found 323 installed packages in /opt/ros/jazzy
[0.203s] Level 1:colcon.colcon_core.package_discovery:discover_packages(prefix_path) using defaults
[0.253s] Level 5:colcon.colcon_core.verb:set package 'swarm_msgs' build argument 'cmake_args' from command line to '['-DCMAKE_BUILD_TYPE=Release']'
[0.253s] Level 5:colcon.colcon_core.verb:set package 'swarm_msgs' build argument 'cmake_target' from command line to 'None'
[0.253s] Level 5:colcon.colcon_core.verb:set package 'swarm_msgs' build argument 'cmake_target_skip_unavailable' from command line to 'False'
[0.253s] Level 5:colcon.colcon_core.verb:set package 'swarm_msgs' build argument 'cmake_clean_cache' from command line to 'False'
[0.253s] Level 5:colcon.colcon_core.verb:set package 'swarm_msgs' build argument 'cmake_clean_first' from command line to 'False'
[0.253s] Level 5:colcon.colcon_core.verb:set package 'swarm_msgs' build argument 'cmake_force_configure' from command line to 'False'
[0.253s] Level 5:colcon.colcon_core.verb:set package 'swarm_msgs' build argument 'ament_cmake_args' from command line to 'None'
[0.253s] Level 5:colcon.colcon_core.verb:set package 'swarm_msgs' build argument 'catkin_cmake_args' from command line to 'None'
[0.253s] Level 5:colcon.colcon_core.verb:set package 'swarm_msgs' build argument 'catkin_skip_building_tests' from command line to 'False'
[0.253s] DEBUG:colcon.colcon_core.verb:Building package 'swarm_msgs' with the following arguments: {'ament_cmake_args': None, 'build_base': '/home/mh/Documents/ros2_drone_swarm/build/swarm_msgs', 'catkin_cmake_args': None, 'catkin_skip_building_tests': False, 'cmake_args': ['-DCMAKE_BUILD_TYPE=Release'], 'cmake_clean_cache': False, 'cmake_clean_first': False, 'cmake_force_configure': False, 'cmake_target': None, 'cmake_target_skip_unavailable': False, 'install_base': '/home/mh/Documents/ros2_drone_swarm/install/swarm_msgs', 'merge_install': False, 'path': '/home/mh/Documents/ros2_drone_swarm/src/swarm_msgs', 'symlink_install': False, 'test_result_base': None}
[0.253s] INFO:colcon.colcon_core.executor:Executing jobs using 'parallel' executor
[0.254s] DEBUG:colcon.colcon_parallel_executor.executor.parallel:run_until_complete
[0.254s] INFO:colcon.colcon_ros.task.ament_cmake.build:Building ROS package in '/home/mh/Documents/ros2_drone_swarm/src/swarm_msgs' with build type 'ament_cmake'
[0.254s] INFO:colcon.colcon_cmake.task.cmake.build:Building CMake package in '/home/mh/Documents/ros2_drone_swarm/src/swarm_msgs'
[0.256s] INFO:colcon.colcon_core.plugin_system:Skipping extension 'colcon_core.shell.bat': Not used on non-Windows systems
[0.256s] INFO:colcon.colcon_core.shell:Skip shell extension 'powershell' for command environment: Not usable outside of PowerShell
[0.256s] DEBUG:colcon.colcon_core.shell:Skip shell extension 'dsv' for command environment
[0.266s] DEBUG:colcon.colcon_core.event_handler.log_command:Invoking command in '/home/mh/Documents/ros2_drone_swarm/build/swarm_msgs': CMAKE_PREFIX_PATH=${CMAKE_PREFIX_PATH}:/opt/ros/jazzy DEBUGINFOD_URLS=https://debuginfod.ubuntu.com /usr/bin/cmake /home/mh/Documents/ros2_drone_swarm/src/swarm_msgs -DCMAKE_BUILD_TYPE=Release -DCMAKE_INSTALL_PREFIX=/home/mh/Documents/ros2_drone_swarm/install/swarm_msgs
[3.329s] DEBUG:colcon.colcon_core.event_handler.log_command:Invoked command in '/home/mh/Documents/ros2_drone_swarm/build/swarm_msgs' returned '0': CMAKE_PREFIX_PATH=${CMAKE_PREFIX_PATH}:/opt/ros/jazzy DEBUGINFOD_URLS=https://debuginfod.ubuntu.com /usr/bin/cmake /home/mh/Documents/ros2_drone_swarm/src/swarm_msgs -DCMAKE_BUILD_TYPE=Release -DCMAKE_INSTALL_PREFIX=/home/mh/Documents/ros2_drone_swarm/install/swarm_msgs
[3.330s] DEBUG:colcon.colcon_core.event_handler.log_command:Invoking command in '/home/mh/Documents/ros2_drone_swarm/build/swarm_msgs': CMAKE_PREFIX_PATH=${CMAKE_PREFIX_PATH}:/opt/ros/jazzy DEBUGINFOD_URLS=https://debuginfod.ubuntu.com /usr/bin/cmake --build /home/mh/Documents/ros2_drone_swarm/build/swarm_msgs -- -j12 -l12
[12.365s] DEBUG:colcon.colcon_core.event_handler.log_command:Invoked command in '/home/mh/Documents/ros2_drone_swarm/build/swarm_msgs' returned '0': CMAKE_PREFIX_PATH=${CMAKE_PREFIX_PATH}:/opt/ros/jazzy DEBUGINFOD_URLS=https://debuginfod.ubuntu.com /usr/bin/cmake --build /home/mh/Documents/ros2_drone_swarm/build/swarm_msgs -- -j12 -l12
[12.375s] DEBUG:colcon.colcon_core.event_handler.log_command:Invoking command in '/home/mh/Documents/ros2_drone_swarm/build/swarm_msgs': CMAKE_PREFIX_PATH=${CMAKE_PREFIX_PATH}:/opt/ros/jazzy DEBUGINFOD_URLS=https://debuginfod.ubuntu.com /usr/bin/cmake --install /home/mh/Documents/ros2_drone_swarm/build/swarm_msgs
[12.480s] Level 1:colcon.colcon_core.environment:create_environment_scripts_only(swarm_msgs)
[12.480s] DEBUG:colcon.colcon_core.event_handler.log_command:Invoked command in '/home/mh/Documents/ros2_drone_swarm/build/swarm_msgs' returned '0': CMAKE_PREFIX_PATH=${CMAKE_PREFIX_PATH}:/opt/ros/jazzy DEBUGINFOD_URLS=https://debuginfod.ubuntu.com /usr/bin/cmake --install /home/mh/Documents/ros2_drone_swarm/build/swarm_msgs
[12.482s] Level 1:colcon.colcon_core.environment:checking '/home/mh/Documents/ros2_drone_swarm/install/swarm_msgs' for CMake module files
[12.483s] Level 1:colcon.colcon_core.environment:checking '/home/mh/Documents/ros2_drone_swarm/install/swarm_msgs' for CMake config files
[12.483s] Level 1:colcon.colcon_core.shell:create_environment_hook('swarm_msgs', 'cmake_prefix_path')
[12.484s] INFO:colcon.colcon_core.shell:Creating environment hook '/home/mh/Documents/ros2_drone_swarm/install/swarm_msgs/share/swarm_msgs/hook/cmake_prefix_path.ps1'
[12.484s] INFO:colcon.colcon_core.shell:Creating environment descriptor '/home/mh/Documents/ros2_drone_swarm/install/swarm_msgs/share/swarm_msgs/hook/cmake_prefix_path.dsv'
[12.484s] INFO:colcon.colcon_core.shell:Creating environment hook '/home/mh/Documents/ros2_drone_swarm/install/swarm_msgs/share/swarm_msgs/hook/cmake_prefix_path.sh'
[12.485s] Level 1:colcon.colcon_core.environment:checking '/home/mh/Documents/ros2_drone_swarm/install/swarm_msgs/lib'
[12.485s] Level 1:colcon.colcon_core.shell:create_environment_hook('swarm_msgs', 'ld_library_path_lib')
[12.485s] INFO:colcon.colcon_core.shell:Creating environment hook '/home/mh/Documents/ros2_drone_swarm/install/swarm_msgs/share/swarm_msgs/hook/ld_library_path_lib.ps1'
[12.486s] INFO:colcon.colcon_core.shell:Creating environment descriptor '/home/mh/Documents/ros2_drone_swarm/install/swarm_msgs/share/swarm_msgs/hook/ld_library_path_lib.dsv'
[12.486s] INFO:colcon.colcon_core.shell:Creating environment hook '/home/mh/Documents/ros2_drone_swarm/install/swarm_msgs/share/swarm_msgs/hook/ld_library_path_lib.sh'
[12.486s] Level 1:colcon.colcon_core.environment:checking '/home/mh/Documents/ros2_drone_swarm/install/swarm_msgs/bin'
[12.486s] Level 1:colcon.colcon_core.environment:checking '/home/mh/Documents/ros2_drone_swarm/install/swarm_msgs/lib/pkgconfig/swarm_msgs.pc'
[12.486s] Level 1:colcon.colcon_core.environment:checking '/home/mh/Documents/ros2_drone_swarm/install/swarm_msgs/lib/python3.12/site-packages'
[12.486s] Level 1:colcon.colcon_core.shell:create_environment_hook('swarm_msgs', 'pythonpath')
[12.487s] INFO:colcon.colcon_core.shell:Creating environment hook '/home/mh/Documents/ros2_drone_swarm/install/swarm_msgs/share/swarm_msgs/hook/pythonpath.ps1'
[12.487s] INFO:colcon.colcon_core.shell:Creating environment descriptor '/home/mh/Documents/ros2_drone_swarm/install/swarm_msgs/share/swarm_msgs/hook/pythonpath.dsv'
[12.487s] INFO:colcon.colcon_core.shell:Creating environment hook '/home/mh/Documents/ros2_drone_swarm/install/swarm_msgs/share/swarm_msgs/hook/pythonpath.sh'
[12.488s] Level 1:colcon.colcon_core.environment:checking '/home/mh/Documents/ros2_drone_swarm/install/swarm_msgs/bin'
[12.488s] INFO:colcon.colcon_core.shell:Creating package script '/home/mh/Documents/ros2_drone_swarm/install/swarm_msgs/share/swarm_msgs/package.ps1'
[12.488s] INFO:colcon.colcon_core.shell:Creating package descriptor '/home/mh/Documents/ros2_drone_swarm/install/swarm_msgs/share/swarm_msgs/package.dsv'
[12.489s] INFO:colcon.colcon_core.shell:Creating package script '/home/mh/Documents/ros2_drone_swarm/install/swarm_msgs/share/swarm_msgs/package.sh'
[12.489s] INFO:colcon.colcon_core.shell:Creating package script '/home/mh/Documents/ros2_drone_swarm/install/swarm_msgs/share/swarm_msgs/package.bash'
[12.490s] INFO:colcon.colcon_core.shell:Creating package script '/home/mh/Documents/ros2_drone_swarm/install/swarm_msgs/share/swarm_msgs/package.zsh'
[12.490s] Level 1:colcon.colcon_core.environment:create_file_with_runtime_dependencies(/home/mh/Documents/ros2_drone_swarm/install/swarm_msgs/share/colcon-core/packages/swarm_msgs)
[12.491s] Level 1:colcon.colcon_core.environment:create_environment_scripts_only(swarm_msgs)
[12.491s] Level 1:colcon.colcon_core.environment:checking '/home/mh/Documents/ros2_drone_swarm/install/swarm_msgs' for CMake module files
[12.492s] Level 1:colcon.colcon_core.environment:checking '/home/mh/Documents/ros2_drone_swarm/install/swarm_msgs' for CMake config files
[12.492s] Level 1:colcon.colcon_core.shell:create_environment_hook('swarm_msgs', 'cmake_prefix_path')
[12.492s] INFO:colcon.colcon_core.shell:Creating environment hook '/home/mh/Documents/ros2_drone_swarm/install/swarm_msgs/share/swarm_msgs/hook/cmake_prefix_path.ps1'
[12.493s] INFO:colcon.colcon_core.shell:Creating environment descriptor '/home/mh/Documents/ros2_drone_swarm/install/swarm_msgs/share/swarm_msgs/hook/cmake_prefix_path.dsv'
[12.493s] INFO:colcon.colcon_core.shell:Creating environment hook '/home/mh/Documents/ros2_drone_swarm/install/swarm_msgs/share/swarm_msgs/hook/cmake_prefix_path.sh'
[12.493s] Level 1:colcon.colcon_core.environment:checking '/home/mh/Documents/ros2_drone_swarm/install/swarm_msgs/lib'
[12.494s] Level 1:colcon.colcon_core.shell:create_environment_hook('swarm_msgs', 'ld_library_path_lib')
[12.494s] INFO:colcon.colcon_core.shell:Creating environment hook '/home/mh/Documents/ros2_drone_swarm/install/swarm_msgs/share/swarm_msgs/hook/ld_library_path_lib.ps1'
[12.494s] INFO:colcon.colcon_core.shell:Creating environment descriptor '/home/mh/Documents/ros2_drone_swarm/install/swarm_msgs/share/swarm_msgs/hook/ld_library_path_lib.dsv'
[12.494s] INFO:colcon.colcon_core.shell:Creating environment hook '/home/mh/Documents/ros2_drone_swarm/install/swarm_msgs/share/swarm_msgs/hook/ld_library_path_lib.sh'
[12.495s] Level 1:colcon.colcon_core.environment:checking '/home/mh/Documents/ros2_drone_swarm/install/swarm_msgs/bin'
[12.495s] Level 1:colcon.colcon_core.environment:checking '/home/mh/Documents/ros2_drone_swarm/install/swarm_msgs/lib/pkgconfig/swarm_msgs.pc'
[12.496s] Level 1:colcon.colcon_core.environment:checking '/home/mh/Documents/ros2_drone_swarm/install/swarm_msgs/lib/python3.12/site-packages'
[12.496s] Level 1:colcon.colcon_core.shell:create_environment_hook('swarm_msgs', 'pythonpath')
[12.497s] INFO:colcon.colcon_core.shell:Creating environment hook '/home/mh/Documents/ros2_drone_swarm/install/swarm_msgs/share/swarm_msgs/hook/pythonpath.ps1'
[12.497s] INFO:colcon.colcon_core.shell:Creating environment descriptor '/home/mh/Documents/ros2_drone_swarm/install/swarm_msgs/share/swarm_msgs/hook/pythonpath.dsv'
[12.498s] INFO:colcon.colcon_core.shell:Creating environment hook '/home/mh/Documents/ros2_drone_swarm/install/swarm_msgs/share/swarm_msgs/hook/pythonpath.sh'
[12.498s] Level 1:colcon.colcon_core.environment:checking '/home/mh/Documents/ros2_drone_swarm/install/swarm_msgs/bin'
[12.498s] INFO:colcon.colcon_core.shell:Creating package script '/home/mh/Documents/ros2_drone_swarm/install/swarm_msgs/share/swarm_msgs/package.ps1'
[12.499s] INFO:colcon.colcon_core.shell:Creating package descriptor '/home/mh/Documents/ros2_drone_swarm/install/swarm_msgs/share/swarm_msgs/package.dsv'
[12.499s] INFO:colcon.colcon_core.shell:Creating package script '/home/mh/Documents/ros2_drone_swarm/install/swarm_msgs/share/swarm_msgs/package.sh'
[12.500s] INFO:colcon.colcon_core.shell:Creating package script '/home/mh/Documents/ros2_drone_swarm/install/swarm_msgs/share/swarm_msgs/package.bash'
[12.500s] INFO:colcon.colcon_core.shell:Creating package script '/home/mh/Documents/ros2_drone_swarm/install/swarm_msgs/share/swarm_msgs/package.zsh'
[12.501s] Level 1:colcon.colcon_core.environment:create_file_with_runtime_dependencies(/home/mh/Documents/ros2_drone_swarm/install/swarm_msgs/share/colcon-core/packages/swarm_msgs)
[12.501s] DEBUG:colcon.colcon_parallel_executor.executor.parallel:closing loop
[12.501s] DEBUG:colcon.colcon_parallel_executor.executor.parallel:loop closed
[12.501s] DEBUG:colcon.colcon_parallel_executor.executor.parallel:run_until_complete finished with '0'
[12.501s] DEBUG:colcon.colcon_core.event_reactor:joining thread
[12.506s] INFO:colcon.colcon_core.plugin_system:Skipping extension 'colcon_notification.desktop_notification.terminal_notifier': Not used on non-Darwin systems
[12.506s] INFO:colcon.colcon_core.plugin_system:Skipping extension 'colcon_notification.desktop_notification.win32': Not used on non-Windows systems
[12.506s] INFO:colcon.colcon_notification.desktop_notification:Sending desktop notification using 'notify2'
[12.518s] DEBUG:colcon.colcon_core.event_reactor:joined thread
[12.518s] INFO:colcon.colcon_core.shell:Creating prefix script '/home/mh/Documents/ros2_drone_swarm/install/local_setup.ps1'
[12.519s] INFO:colcon.colcon_core.shell:Creating prefix util module '/home/mh/Documents/ros2_drone_swarm/install/_local_setup_util_ps1.py'
[12.520s] INFO:colcon.colcon_core.shell:Creating prefix chain script '/home/mh/Documents/ros2_drone_swarm/install/setup.ps1'
[12.521s] INFO:colcon.colcon_core.shell:Creating prefix script '/home/mh/Documents/ros2_drone_swarm/install/local_setup.sh'
[12.521s] INFO:colcon.colcon_core.shell:Creating prefix util module '/home/mh/Documents/ros2_drone_swarm/install/_local_setup_util_sh.py'
[12.522s] INFO:colcon.colcon_core.shell:Creating prefix chain script '/home/mh/Documents/ros2_drone_swarm/install/setup.sh'
[12.523s] INFO:colcon.colcon_core.shell:Creating prefix script '/home/mh/Documents/ros2_drone_swarm/install/local_setup.bash'
[12.524s] INFO:colcon.colcon_core.shell:Creating prefix chain script '/home/mh/Documents/ros2_drone_swarm/install/setup.bash'
[12.525s] INFO:colcon.colcon_core.shell:Creating prefix script '/home/mh/Documents/ros2_drone_swarm/install/local_setup.zsh'
[12.525s] INFO:colcon.colcon_core.shell:Creating prefix chain script '/home/mh/Documents/ros2_drone_swarm/install/setup.zsh'
