[1.046s] Invoking command in '/home/mh/Documents/ros2_drone_swarm/build/swarm_controller': AMENT_PREFIX_PATH=/home/mh/Documents/ros2_drone_swarm/install/swarm_msgs:${AMENT_PREFIX_PATH} CMAKE_PREFIX_PATH=/home/mh/Documents/ros2_drone_swarm/install/swarm_msgs:${CMAKE_PREFIX_PATH} DEBUGINFOD_URLS=https://debuginfod.ubuntu.com LD_LIBRARY_PATH=/home/mh/Documents/ros2_drone_swarm/install/swarm_msgs/lib:${LD_LIBRARY_PATH} PYTHONPATH=/home/mh/Documents/ros2_drone_swarm/build/swarm_controller/prefix_override:/usr/lib/python3/dist-packages/colcon_core/task/python/colcon_distutils_commands:/home/mh/Documents/ros2_drone_swarm/install/swarm_controller/lib/python3.12/site-packages:/home/mh/Documents/ros2_drone_swarm/install/swarm_msgs/lib/python3.12/site-packages:${PYTHONPATH} /usr/bin/python3 -W ignore:setup.py install is deprecated -W ignore:easy_install command is deprecated setup.py develop --editable --build-directory /home/mh/Documents/ros2_drone_swarm/build/swarm_controller/build --no-deps symlink_data
[1.366s] running develop
[1.589s] running egg_info
[1.589s] creating swarm_controller.egg-info
[1.611s] writing swarm_controller.egg-info/PKG-INFO
[1.611s] writing dependency_links to swarm_controller.egg-info/dependency_links.txt
[1.611s] writing entry points to swarm_controller.egg-info/entry_points.txt
[1.611s] writing requirements to swarm_controller.egg-info/requires.txt
[1.611s] writing top-level names to swarm_controller.egg-info/top_level.txt
[1.612s] writing manifest file 'swarm_controller.egg-info/SOURCES.txt'
[1.654s] reading manifest file 'swarm_controller.egg-info/SOURCES.txt'
[1.654s] writing manifest file 'swarm_controller.egg-info/SOURCES.txt'
[1.676s] running build_ext
[1.676s] Creating /home/mh/Documents/ros2_drone_swarm/install/swarm_controller/lib/python3.12/site-packages/swarm-controller.egg-link (link to .)
[1.677s] Installing formation_controller script to /home/mh/Documents/ros2_drone_swarm/install/swarm_controller/bin
[1.677s] Installing mission_executor script to /home/mh/Documents/ros2_drone_swarm/install/swarm_controller/bin
[1.677s] Installing swarm_drone script to /home/mh/Documents/ros2_drone_swarm/install/swarm_controller/bin
[1.677s] 
[1.677s] Installed /home/mh/Documents/ros2_drone_swarm/build/swarm_controller
[1.677s] running symlink_data
[1.677s] creating /home/mh/Documents/ros2_drone_swarm/install/swarm_controller/share/ament_index
[1.677s] creating /home/mh/Documents/ros2_drone_swarm/install/swarm_controller/share/ament_index/resource_index
[1.678s] creating /home/mh/Documents/ros2_drone_swarm/install/swarm_controller/share/ament_index/resource_index/packages
[1.678s] symbolically linking /home/mh/Documents/ros2_drone_swarm/build/swarm_controller/resource/swarm_controller -> /home/mh/Documents/ros2_drone_swarm/install/swarm_controller/share/ament_index/resource_index/packages
[1.678s] symbolically linking /home/mh/Documents/ros2_drone_swarm/build/swarm_controller/package.xml -> /home/mh/Documents/ros2_drone_swarm/install/swarm_controller/share/swarm_controller
[1.678s] creating /home/mh/Documents/ros2_drone_swarm/install/swarm_controller/share/swarm_controller/launch
[1.678s] symbolically linking /home/mh/Documents/ros2_drone_swarm/build/swarm_controller/launch/simple_test.launch.py -> /home/mh/Documents/ros2_drone_swarm/install/swarm_controller/share/swarm_controller/launch
[1.678s] symbolically linking /home/mh/Documents/ros2_drone_swarm/build/swarm_controller/launch/run_competition.launch.py -> /home/mh/Documents/ros2_drone_swarm/install/swarm_controller/share/swarm_controller/launch
[1.678s] creating /home/mh/Documents/ros2_drone_swarm/install/swarm_controller/share/swarm_controller/worlds
[1.678s] symbolically linking /home/mh/Documents/ros2_drone_swarm/build/swarm_controller/worlds/swarm_arena.world -> /home/mh/Documents/ros2_drone_swarm/install/swarm_controller/share/swarm_controller/worlds
[1.678s] creating /home/mh/Documents/ros2_drone_swarm/install/swarm_controller/share/swarm_controller/config
[1.678s] symbolically linking /home/mh/Documents/ros2_drone_swarm/build/swarm_controller/config/swarm_params.yaml -> /home/mh/Documents/ros2_drone_swarm/install/swarm_controller/share/swarm_controller/config
[1.678s] symbolically linking /home/mh/Documents/ros2_drone_swarm/build/swarm_controller/config/swarm_viz.rviz -> /home/mh/Documents/ros2_drone_swarm/install/swarm_controller/share/swarm_controller/config
[1.678s] creating /home/mh/Documents/ros2_drone_swarm/install/swarm_controller/share/swarm_controller/models
[1.678s] creating /home/mh/Documents/ros2_drone_swarm/install/swarm_controller/share/swarm_controller/models/x500
[1.679s] symbolically linking /home/mh/Documents/ros2_drone_swarm/build/swarm_controller/models/x500/model.sdf -> /home/mh/Documents/ros2_drone_swarm/install/swarm_controller/share/swarm_controller/models/x500
[1.709s] Invoked command in '/home/mh/Documents/ros2_drone_swarm/build/swarm_controller' returned '0': AMENT_PREFIX_PATH=/home/mh/Documents/ros2_drone_swarm/install/swarm_msgs:${AMENT_PREFIX_PATH} CMAKE_PREFIX_PATH=/home/mh/Documents/ros2_drone_swarm/install/swarm_msgs:${CMAKE_PREFIX_PATH} DEBUGINFOD_URLS=https://debuginfod.ubuntu.com LD_LIBRARY_PATH=/home/mh/Documents/ros2_drone_swarm/install/swarm_msgs/lib:${LD_LIBRARY_PATH} PYTHONPATH=/home/mh/Documents/ros2_drone_swarm/build/swarm_controller/prefix_override:/usr/lib/python3/dist-packages/colcon_core/task/python/colcon_distutils_commands:/home/mh/Documents/ros2_drone_swarm/install/swarm_controller/lib/python3.12/site-packages:/home/mh/Documents/ros2_drone_swarm/install/swarm_msgs/lib/python3.12/site-packages:${PYTHONPATH} /usr/bin/python3 -W ignore:setup.py install is deprecated -W ignore:easy_install command is deprecated setup.py develop --editable --build-directory /home/mh/Documents/ros2_drone_swarm/build/swarm_controller/build --no-deps symlink_data
