[0.010s] Invoking command in '/home/mh/Documents/ros2_drone_swarm/build/swarm_msgs': CMAKE_PREFIX_PATH=${CMAKE_PREFIX_PATH}:/opt/ros/jazzy DEBUGINFOD_URLS=https://debuginfod.ubuntu.com /usr/bin/cmake /home/mh/Documents/ros2_drone_swarm/src/swarm_msgs -DCMAKE_BUILD_TYPE=Release -DCMAKE_INSTALL_PREFIX=/home/mh/Documents/ros2_drone_swarm/install/swarm_msgs
[0.065s] -- The C compiler identification is GNU 13.3.0
[0.121s] -- The CXX compiler identification is GNU 13.3.0
[0.136s] -- Detecting C compiler ABI info
[0.219s] -- Detecting C compiler ABI info - done
[0.230s] -- Check for working C compiler: /usr/bin/cc - skipped
[0.230s] -- Detecting C compile features
[0.230s] -- Detecting C compile features - done
[0.240s] -- Detecting CXX compiler ABI info
[0.347s] -- Detecting CXX compiler ABI info - done
[0.357s] -- Check for working CXX compiler: /usr/bin/c++ - skipped
[0.357s] -- Detecting CXX compile features
[0.358s] -- Detecting CXX compile features - done
[0.362s] -- Found ament_cmake: 2.5.4 (/opt/ros/jazzy/share/ament_cmake/cmake)
[0.485s] -- Found Python3: /home/mh/rosenv/bin/python3 (found version "3.12.3") found components: Interpreter 
[0.599s] -- Found std_msgs: 5.3.6 (/opt/ros/jazzy/share/std_msgs/cmake)
[0.654s] -- Found rosidl_generator_c: 4.6.5 (/opt/ros/jazzy/share/rosidl_generator_c/cmake)
[0.672s] -- Found rosidl_generator_cpp: 4.6.5 (/opt/ros/jazzy/share/rosidl_generator_cpp/cmake)
[0.692s] -- Using all available rosidl_typesupport_c: rosidl_typesupport_fastrtps_c;rosidl_typesupport_introspection_c
[0.716s] -- Using all available rosidl_typesupport_cpp: rosidl_typesupport_fastrtps_cpp;rosidl_typesupport_introspection_cpp
[0.756s] -- Found geometry_msgs: 5.3.6 (/opt/ros/jazzy/share/geometry_msgs/cmake)
[0.775s] -- Found rosidl_default_generators: 1.6.0 (/opt/ros/jazzy/share/rosidl_default_generators/cmake)
[0.795s] -- Found rosidl_adapter: 4.6.5 (/opt/ros/jazzy/share/rosidl_adapter/cmake)
[1.431s] -- Found ament_cmake_ros: 0.12.0 (/opt/ros/jazzy/share/ament_cmake_ros/cmake)
[2.139s] -- Using all available rosidl_typesupport_c: rosidl_typesupport_fastrtps_c;rosidl_typesupport_introspection_c
[2.411s] -- Using all available rosidl_typesupport_cpp: rosidl_typesupport_fastrtps_cpp;rosidl_typesupport_introspection_cpp
[2.415s] -- Found python_cmake_module: 0.11.1 (/opt/ros/jazzy/share/python_cmake_module/cmake)
[2.516s] -- Found PythonExtra: /home/mh/rosenv/bin/python3  
[2.934s] -- Found Python3: /home/mh/rosenv/bin/python3 (found version "3.12.3") found components: Interpreter Development NumPy Development.Module Development.Embed 
[3.000s] -- Configuring done (3.0s)
[3.052s] -- Generating done (0.0s)
[3.065s] -- Build files have been written to: /home/mh/Documents/ros2_drone_swarm/build/swarm_msgs
[3.074s] Invoked command in '/home/mh/Documents/ros2_drone_swarm/build/swarm_msgs' returned '0': CMAKE_PREFIX_PATH=${CMAKE_PREFIX_PATH}:/opt/ros/jazzy DEBUGINFOD_URLS=https://debuginfod.ubuntu.com /usr/bin/cmake /home/mh/Documents/ros2_drone_swarm/src/swarm_msgs -DCMAKE_BUILD_TYPE=Release -DCMAKE_INSTALL_PREFIX=/home/mh/Documents/ros2_drone_swarm/install/swarm_msgs
[3.076s] Invoking command in '/home/mh/Documents/ros2_drone_swarm/build/swarm_msgs': CMAKE_PREFIX_PATH=${CMAKE_PREFIX_PATH}:/opt/ros/jazzy DEBUGINFOD_URLS=https://debuginfod.ubuntu.com /usr/bin/cmake --build /home/mh/Documents/ros2_drone_swarm/build/swarm_msgs -- -j12 -l12
[3.130s] [  1%] [34m[1mGenerating type hashes for ROS interfaces[0m
[3.139s] [  1%] Built target ament_cmake_python_copy_swarm_msgs
[3.386s] running egg_info
[3.403s] creating swarm_msgs.egg-info
[3.403s] writing swarm_msgs.egg-info/PKG-INFO
[3.403s] writing dependency_links to swarm_msgs.egg-info/dependency_links.txt
[3.403s] writing top-level names to swarm_msgs.egg-info/top_level.txt
[3.404s] writing manifest file 'swarm_msgs.egg-info/SOURCES.txt'
[3.452s] reading manifest file 'swarm_msgs.egg-info/SOURCES.txt'
[3.452s] writing manifest file 'swarm_msgs.egg-info/SOURCES.txt'
[3.456s] [  1%] Built target swarm_msgs__rosidl_generator_type_description
[3.468s] [  2%] [34m[1mGenerating C code for ROS interfaces[0m
[3.479s] [  4%] [34m[1mGenerating C++ code for ROS interfaces[0m
[3.484s] [  4%] Built target ament_cmake_python_build_swarm_msgs_egg
[4.254s] [  4%] Built target swarm_msgs__cpp
[4.346s] [  8%] [32mBuilding C object CMakeFiles/swarm_msgs__rosidl_generator_c.dir/rosidl_generator_c/swarm_msgs/msg/detail/drone_state__description.c.o[0m
[4.346s] [  8%] [32mBuilding C object CMakeFiles/swarm_msgs__rosidl_generator_c.dir/rosidl_generator_c/swarm_msgs/msg/detail/drone_state__functions.c.o[0m
[4.346s] [  8%] [32mBuilding C object CMakeFiles/swarm_msgs__rosidl_generator_c.dir/rosidl_generator_c/swarm_msgs/msg/detail/drone_state__type_support.c.o[0m
[4.346s] [  9%] [32mBuilding C object CMakeFiles/swarm_msgs__rosidl_generator_c.dir/rosidl_generator_c/swarm_msgs/msg/detail/formation_command__description.c.o[0m
[4.347s] [ 12%] [32mBuilding C object CMakeFiles/swarm_msgs__rosidl_generator_c.dir/rosidl_generator_c/swarm_msgs/msg/detail/formation_command__functions.c.o[0m
[4.347s] [ 12%] [32mBuilding C object CMakeFiles/swarm_msgs__rosidl_generator_c.dir/rosidl_generator_c/swarm_msgs/msg/detail/formation_command__type_support.c.o[0m
[4.347s] [ 13%] [32mBuilding C object CMakeFiles/swarm_msgs__rosidl_generator_c.dir/rosidl_generator_c/swarm_msgs/srv/detail/change_formation__description.c.o[0m
[4.347s] [ 16%] [32mBuilding C object CMakeFiles/swarm_msgs__rosidl_generator_c.dir/rosidl_generator_c/swarm_msgs/srv/detail/change_formation__type_support.c.o[0m
[4.347s] [ 16%] [32mBuilding C object CMakeFiles/swarm_msgs__rosidl_generator_c.dir/rosidl_generator_c/swarm_msgs/srv/detail/disarm_leader__description.c.o[0m
[4.347s] [ 18%] [32mBuilding C object CMakeFiles/swarm_msgs__rosidl_generator_c.dir/rosidl_generator_c/swarm_msgs/srv/detail/change_formation__functions.c.o[0m
[4.347s] [ 18%] [32mBuilding C object CMakeFiles/swarm_msgs__rosidl_generator_c.dir/rosidl_generator_c/swarm_msgs/srv/detail/disarm_leader__functions.c.o[0m
[4.347s] [ 20%] [32mBuilding C object CMakeFiles/swarm_msgs__rosidl_generator_c.dir/rosidl_generator_c/swarm_msgs/srv/detail/disarm_leader__type_support.c.o[0m
[4.425s] [ 22%] [32mBuilding C object CMakeFiles/swarm_msgs__rosidl_generator_c.dir/rosidl_generator_c/swarm_msgs/action/detail/execute_mission__description.c.o[0m
[4.427s] [ 22%] [32mBuilding C object CMakeFiles/swarm_msgs__rosidl_generator_c.dir/rosidl_generator_c/swarm_msgs/action/detail/execute_mission__functions.c.o[0m
[4.445s] [ 24%] [32mBuilding C object CMakeFiles/swarm_msgs__rosidl_generator_c.dir/rosidl_generator_c/swarm_msgs/action/detail/execute_mission__type_support.c.o[0m
[5.013s] [ 25%] [32m[1mLinking C shared library libswarm_msgs__rosidl_generator_c.so[0m
[5.058s] [ 25%] Built target swarm_msgs__rosidl_generator_c
[5.070s] [ 32%] [34m[1mGenerating C introspection for ROS interfaces[0m
[5.071s] [ 32%] [34m[1mGenerating C type support dispatch for ROS interfaces[0m
[5.071s] [ 32%] [34m[1mGenerating C++ type support for eProsima Fast-RTPS[0m
[5.071s] [ 32%] [34m[1mGenerating C type support for eProsima Fast-RTPS[0m
[5.071s] [ 32%] [34m[1mGenerating C++ introspection for ROS interfaces[0m
[5.071s] [ 33%] [34m[1mGenerating C++ type support dispatch for ROS interfaces[0m
[5.595s] [ 36%] [32mBuilding CXX object CMakeFiles/swarm_msgs__rosidl_typesupport_c.dir/rosidl_typesupport_c/swarm_msgs/srv/change_formation__type_support.cpp.o[0m
[5.595s] [ 36%] [32mBuilding CXX object CMakeFiles/swarm_msgs__rosidl_typesupport_c.dir/rosidl_typesupport_c/swarm_msgs/msg/drone_state__type_support.cpp.o[0m
[5.595s] [ 37%] [32mBuilding CXX object CMakeFiles/swarm_msgs__rosidl_typesupport_c.dir/rosidl_typesupport_c/swarm_msgs/srv/disarm_leader__type_support.cpp.o[0m
[5.595s] [ 39%] [32mBuilding CXX object CMakeFiles/swarm_msgs__rosidl_typesupport_c.dir/rosidl_typesupport_c/swarm_msgs/msg/formation_command__type_support.cpp.o[0m
[5.596s] [ 40%] [32mBuilding CXX object CMakeFiles/swarm_msgs__rosidl_typesupport_c.dir/rosidl_typesupport_c/swarm_msgs/action/execute_mission__type_support.cpp.o[0m
[5.613s] [ 43%] [32mBuilding CXX object CMakeFiles/swarm_msgs__rosidl_typesupport_cpp.dir/rosidl_typesupport_cpp/swarm_msgs/srv/change_formation__type_support.cpp.o[0m
[5.613s] [ 43%] [32mBuilding CXX object CMakeFiles/swarm_msgs__rosidl_typesupport_cpp.dir/rosidl_typesupport_cpp/swarm_msgs/msg/formation_command__type_support.cpp.o[0m
[5.615s] [ 44%] [32mBuilding CXX object CMakeFiles/swarm_msgs__rosidl_typesupport_cpp.dir/rosidl_typesupport_cpp/swarm_msgs/msg/drone_state__type_support.cpp.o[0m
[5.698s] [ 47%] [32mBuilding CXX object CMakeFiles/swarm_msgs__rosidl_typesupport_cpp.dir/rosidl_typesupport_cpp/swarm_msgs/action/execute_mission__type_support.cpp.o[0m
[5.698s] [ 45%] [32mBuilding CXX object CMakeFiles/swarm_msgs__rosidl_typesupport_cpp.dir/rosidl_typesupport_cpp/swarm_msgs/srv/disarm_leader__type_support.cpp.o[0m
[5.734s] [ 48%] [32m[1mLinking CXX shared library libswarm_msgs__rosidl_typesupport_c.so[0m
[5.830s] [ 48%] Built target swarm_msgs__rosidl_typesupport_c
[5.910s] [ 51%] [32mBuilding CXX object CMakeFiles/swarm_msgs__rosidl_typesupport_introspection_cpp.dir/rosidl_typesupport_introspection_cpp/swarm_msgs/msg/detail/drone_state__type_support.cpp.o[0m
[5.910s] [ 51%] [32mBuilding CXX object CMakeFiles/swarm_msgs__rosidl_typesupport_introspection_cpp.dir/rosidl_typesupport_introspection_cpp/swarm_msgs/msg/detail/formation_command__type_support.cpp.o[0m
[5.910s] [ 52%] [32mBuilding CXX object CMakeFiles/swarm_msgs__rosidl_typesupport_introspection_cpp.dir/rosidl_typesupport_introspection_cpp/swarm_msgs/srv/detail/change_formation__type_support.cpp.o[0m
[5.911s] [ 54%] [32mBuilding CXX object CMakeFiles/swarm_msgs__rosidl_typesupport_introspection_cpp.dir/rosidl_typesupport_introspection_cpp/swarm_msgs/srv/detail/disarm_leader__type_support.cpp.o[0m
[6.111s] [ 55%] [32mBuilding C object CMakeFiles/swarm_msgs__rosidl_typesupport_introspection_c.dir/rosidl_typesupport_introspection_c/swarm_msgs/msg/detail/drone_state__type_support.c.o[0m
[6.214s] [ 56%] [32mBuilding C object CMakeFiles/swarm_msgs__rosidl_typesupport_introspection_c.dir/rosidl_typesupport_introspection_c/swarm_msgs/msg/detail/formation_command__type_support.c.o[0m
[6.298s] [ 58%] [32mBuilding CXX object CMakeFiles/swarm_msgs__rosidl_typesupport_introspection_cpp.dir/rosidl_typesupport_introspection_cpp/swarm_msgs/action/detail/execute_mission__type_support.cpp.o[0m
[6.327s] [ 59%] [32mBuilding C object CMakeFiles/swarm_msgs__rosidl_typesupport_introspection_c.dir/rosidl_typesupport_introspection_c/swarm_msgs/srv/detail/change_formation__type_support.c.o[0m
[6.343s] [ 60%] [32mBuilding C object CMakeFiles/swarm_msgs__rosidl_typesupport_introspection_c.dir/rosidl_typesupport_introspection_c/swarm_msgs/srv/detail/disarm_leader__type_support.c.o[0m
[6.494s] [ 62%] [32mBuilding C object CMakeFiles/swarm_msgs__rosidl_typesupport_introspection_c.dir/rosidl_typesupport_introspection_c/swarm_msgs/action/detail/execute_mission__type_support.c.o[0m
[6.696s] [ 66%] [32mBuilding CXX object CMakeFiles/swarm_msgs__rosidl_typesupport_fastrtps_cpp.dir/rosidl_typesupport_fastrtps_cpp/swarm_msgs/msg/detail/dds_fastrtps/formation_command__type_support.cpp.o[0m
[6.696s] [ 66%] [32mBuilding CXX object CMakeFiles/swarm_msgs__rosidl_typesupport_fastrtps_cpp.dir/rosidl_typesupport_fastrtps_cpp/swarm_msgs/msg/detail/dds_fastrtps/drone_state__type_support.cpp.o[0m
[6.696s] [ 66%] [32mBuilding CXX object CMakeFiles/swarm_msgs__rosidl_typesupport_fastrtps_cpp.dir/rosidl_typesupport_fastrtps_cpp/swarm_msgs/srv/detail/dds_fastrtps/change_formation__type_support.cpp.o[0m
[6.709s] [ 67%] [32mBuilding CXX object CMakeFiles/swarm_msgs__rosidl_typesupport_fastrtps_cpp.dir/rosidl_typesupport_fastrtps_cpp/swarm_msgs/srv/detail/dds_fastrtps/disarm_leader__type_support.cpp.o[0m
[6.748s] [ 68%] [32mBuilding CXX object CMakeFiles/swarm_msgs__rosidl_typesupport_fastrtps_cpp.dir/rosidl_typesupport_fastrtps_cpp/swarm_msgs/action/detail/dds_fastrtps/execute_mission__type_support.cpp.o[0m
[6.830s] [ 70%] [32m[1mLinking C shared library libswarm_msgs__rosidl_typesupport_introspection_c.so[0m
[6.856s] [ 71%] [32mBuilding CXX object CMakeFiles/swarm_msgs__rosidl_typesupport_fastrtps_c.dir/rosidl_typesupport_fastrtps_c/swarm_msgs/msg/detail/drone_state__type_support_c.cpp.o[0m
[6.868s] [ 72%] [32mBuilding CXX object CMakeFiles/swarm_msgs__rosidl_typesupport_fastrtps_c.dir/rosidl_typesupport_fastrtps_c/swarm_msgs/msg/detail/formation_command__type_support_c.cpp.o[0m
[6.921s] [ 72%] Built target swarm_msgs__rosidl_typesupport_introspection_c
[6.939s] [ 74%] [32mBuilding CXX object CMakeFiles/swarm_msgs__rosidl_typesupport_fastrtps_c.dir/rosidl_typesupport_fastrtps_c/swarm_msgs/srv/detail/change_formation__type_support_c.cpp.o[0m
[7.273s] [ 75%] [32mBuilding CXX object CMakeFiles/swarm_msgs__rosidl_typesupport_fastrtps_c.dir/rosidl_typesupport_fastrtps_c/swarm_msgs/srv/detail/disarm_leader__type_support_c.cpp.o[0m
[7.420s] [ 77%] [32mBuilding CXX object CMakeFiles/swarm_msgs__rosidl_typesupport_fastrtps_c.dir/rosidl_typesupport_fastrtps_c/swarm_msgs/action/detail/execute_mission__type_support_c.cpp.o[0m
[7.750s] [ 78%] [32m[1mLinking CXX shared library libswarm_msgs__rosidl_typesupport_cpp.so[0m
[7.958s] [ 78%] Built target swarm_msgs__rosidl_typesupport_cpp
[8.799s] [ 79%] [32m[1mLinking CXX shared library libswarm_msgs__rosidl_typesupport_introspection_cpp.so[0m
[8.897s] [ 79%] Built target swarm_msgs__rosidl_typesupport_introspection_cpp
[9.044s] [ 81%] [32m[1mLinking CXX shared library libswarm_msgs__rosidl_typesupport_fastrtps_c.so[0m
[9.127s] [ 81%] Built target swarm_msgs__rosidl_typesupport_fastrtps_c
[9.513s] [ 82%] [32m[1mLinking CXX shared library libswarm_msgs__rosidl_typesupport_fastrtps_cpp.so[0m
[9.591s] [ 82%] Built target swarm_msgs__rosidl_typesupport_fastrtps_cpp
[9.611s] [ 82%] Built target swarm_msgs
[9.632s] [ 83%] [34m[1mGenerating Python code for ROS interfaces[0m
[11.028s] [ 83%] Built target swarm_msgs__py
[11.052s] [ 89%] [32mBuilding C object CMakeFiles/swarm_msgs__rosidl_generator_py.dir/rosidl_generator_py/swarm_msgs/msg/_drone_state_s.c.o[0m
[11.052s] [ 89%] [32mBuilding C object CMakeFiles/swarm_msgs__rosidl_generator_py.dir/rosidl_generator_py/swarm_msgs/srv/_disarm_leader_s.c.o[0m
[11.052s] [ 89%] [32mBuilding C object CMakeFiles/swarm_msgs__rosidl_generator_py.dir/rosidl_generator_py/swarm_msgs/srv/_change_formation_s.c.o[0m
[11.052s] [ 89%] [32mBuilding C object CMakeFiles/swarm_msgs__rosidl_generator_py.dir/rosidl_generator_py/swarm_msgs/msg/_formation_command_s.c.o[0m
[11.052s] [ 90%] [32mBuilding C object CMakeFiles/swarm_msgs__rosidl_generator_py.dir/rosidl_generator_py/swarm_msgs/action/_execute_mission_s.c.o[0m
[11.629s] [ 91%] [32m[1mLinking C shared library libswarm_msgs__rosidl_generator_py.so[0m
[11.681s] [ 91%] Built target swarm_msgs__rosidl_generator_py
[11.702s] [ 95%] [32mBuilding C object CMakeFiles/swarm_msgs_s__rosidl_typesupport_fastrtps_c.dir/rosidl_generator_py/swarm_msgs/_swarm_msgs_s.ep.rosidl_typesupport_fastrtps_c.c.o[0m
[11.702s] [ 95%] [32mBuilding C object CMakeFiles/swarm_msgs_s__rosidl_typesupport_c.dir/rosidl_generator_py/swarm_msgs/_swarm_msgs_s.ep.rosidl_typesupport_c.c.o[0m
[11.702s] [ 95%] [32mBuilding C object CMakeFiles/swarm_msgs_s__rosidl_typesupport_introspection_c.dir/rosidl_generator_py/swarm_msgs/_swarm_msgs_s.ep.rosidl_typesupport_introspection_c.c.o[0m
[12.051s] [ 98%] [32m[1mLinking C shared module rosidl_generator_py/swarm_msgs/swarm_msgs_s__rosidl_typesupport_c.so[0m
[12.052s] [ 98%] [32m[1mLinking C shared module rosidl_generator_py/swarm_msgs/swarm_msgs_s__rosidl_typesupport_introspection_c.so[0m
[12.059s] [100%] [32m[1mLinking C shared module rosidl_generator_py/swarm_msgs/swarm_msgs_s__rosidl_typesupport_fastrtps_c.so[0m
[12.087s] [100%] Built target swarm_msgs_s__rosidl_typesupport_c
[12.087s] [100%] Built target swarm_msgs_s__rosidl_typesupport_introspection_c
[12.097s] [100%] Built target swarm_msgs_s__rosidl_typesupport_fastrtps_c
[12.110s] Invoked command in '/home/mh/Documents/ros2_drone_swarm/build/swarm_msgs' returned '0': CMAKE_PREFIX_PATH=${CMAKE_PREFIX_PATH}:/opt/ros/jazzy DEBUGINFOD_URLS=https://debuginfod.ubuntu.com /usr/bin/cmake --build /home/mh/Documents/ros2_drone_swarm/build/swarm_msgs -- -j12 -l12
[12.120s] Invoking command in '/home/mh/Documents/ros2_drone_swarm/build/swarm_msgs': CMAKE_PREFIX_PATH=${CMAKE_PREFIX_PATH}:/opt/ros/jazzy DEBUGINFOD_URLS=https://debuginfod.ubuntu.com /usr/bin/cmake --install /home/mh/Documents/ros2_drone_swarm/build/swarm_msgs
[12.129s] -- Install configuration: "Release"
[12.129s] -- Installing: /home/mh/Documents/ros2_drone_swarm/install/swarm_msgs/share/ament_index/resource_index/rosidl_interfaces/swarm_msgs
[12.129s] -- Installing: /home/mh/Documents/ros2_drone_swarm/install/swarm_msgs/share/swarm_msgs/msg/DroneState.json
[12.129s] -- Installing: /home/mh/Documents/ros2_drone_swarm/install/swarm_msgs/share/swarm_msgs/msg/FormationCommand.json
[12.129s] -- Installing: /home/mh/Documents/ros2_drone_swarm/install/swarm_msgs/share/swarm_msgs/srv/ChangeFormation.json
[12.129s] -- Installing: /home/mh/Documents/ros2_drone_swarm/install/swarm_msgs/share/swarm_msgs/srv/DisarmLeader.json
[12.129s] -- Installing: /home/mh/Documents/ros2_drone_swarm/install/swarm_msgs/share/swarm_msgs/action/ExecuteMission.json
[12.130s] -- Installing: /home/mh/Documents/ros2_drone_swarm/install/swarm_msgs/include/swarm_msgs/swarm_msgs
[12.130s] -- Installing: /home/mh/Documents/ros2_drone_swarm/install/swarm_msgs/include/swarm_msgs/swarm_msgs/action
[12.130s] -- Installing: /home/mh/Documents/ros2_drone_swarm/install/swarm_msgs/include/swarm_msgs/swarm_msgs/action/detail
[12.130s] -- Installing: /home/mh/Documents/ros2_drone_swarm/install/swarm_msgs/include/swarm_msgs/swarm_msgs/action/detail/execute_mission__description.c
[12.130s] -- Installing: /home/mh/Documents/ros2_drone_swarm/install/swarm_msgs/include/swarm_msgs/swarm_msgs/action/detail/execute_mission__type_support.h
[12.130s] -- Installing: /home/mh/Documents/ros2_drone_swarm/install/swarm_msgs/include/swarm_msgs/swarm_msgs/action/detail/execute_mission__struct.h
[12.130s] -- Installing: /home/mh/Documents/ros2_drone_swarm/install/swarm_msgs/include/swarm_msgs/swarm_msgs/action/detail/execute_mission__functions.h
[12.130s] -- Installing: /home/mh/Documents/ros2_drone_swarm/install/swarm_msgs/include/swarm_msgs/swarm_msgs/action/detail/execute_mission__type_support.c
[12.130s] -- Installing: /home/mh/Documents/ros2_drone_swarm/install/swarm_msgs/include/swarm_msgs/swarm_msgs/action/detail/execute_mission__functions.c
[12.131s] -- Installing: /home/mh/Documents/ros2_drone_swarm/install/swarm_msgs/include/swarm_msgs/swarm_msgs/action/execute_mission.h
[12.131s] -- Installing: /home/mh/Documents/ros2_drone_swarm/install/swarm_msgs/include/swarm_msgs/swarm_msgs/srv
[12.131s] -- Installing: /home/mh/Documents/ros2_drone_swarm/install/swarm_msgs/include/swarm_msgs/swarm_msgs/srv/disarm_leader.h
[12.131s] -- Installing: /home/mh/Documents/ros2_drone_swarm/install/swarm_msgs/include/swarm_msgs/swarm_msgs/srv/detail
[12.131s] -- Installing: /home/mh/Documents/ros2_drone_swarm/install/swarm_msgs/include/swarm_msgs/swarm_msgs/srv/detail/change_formation__type_support.h
[12.131s] -- Installing: /home/mh/Documents/ros2_drone_swarm/install/swarm_msgs/include/swarm_msgs/swarm_msgs/srv/detail/change_formation__type_support.c
[12.131s] -- Installing: /home/mh/Documents/ros2_drone_swarm/install/swarm_msgs/include/swarm_msgs/swarm_msgs/srv/detail/change_formation__functions.c
[12.131s] -- Installing: /home/mh/Documents/ros2_drone_swarm/install/swarm_msgs/include/swarm_msgs/swarm_msgs/srv/detail/disarm_leader__struct.h
[12.131s] -- Installing: /home/mh/Documents/ros2_drone_swarm/install/swarm_msgs/include/swarm_msgs/swarm_msgs/srv/detail/change_formation__struct.h
[12.132s] -- Installing: /home/mh/Documents/ros2_drone_swarm/install/swarm_msgs/include/swarm_msgs/swarm_msgs/srv/detail/disarm_leader__functions.h
[12.132s] -- Installing: /home/mh/Documents/ros2_drone_swarm/install/swarm_msgs/include/swarm_msgs/swarm_msgs/srv/detail/disarm_leader__type_support.h
[12.132s] -- Installing: /home/mh/Documents/ros2_drone_swarm/install/swarm_msgs/include/swarm_msgs/swarm_msgs/srv/detail/disarm_leader__functions.c
[12.132s] -- Installing: /home/mh/Documents/ros2_drone_swarm/install/swarm_msgs/include/swarm_msgs/swarm_msgs/srv/detail/change_formation__description.c
[12.132s] -- Installing: /home/mh/Documents/ros2_drone_swarm/install/swarm_msgs/include/swarm_msgs/swarm_msgs/srv/detail/disarm_leader__description.c
[12.132s] -- Installing: /home/mh/Documents/ros2_drone_swarm/install/swarm_msgs/include/swarm_msgs/swarm_msgs/srv/detail/change_formation__functions.h
[12.132s] -- Installing: /home/mh/Documents/ros2_drone_swarm/install/swarm_msgs/include/swarm_msgs/swarm_msgs/srv/detail/disarm_leader__type_support.c
[12.132s] -- Installing: /home/mh/Documents/ros2_drone_swarm/install/swarm_msgs/include/swarm_msgs/swarm_msgs/srv/change_formation.h
[12.132s] -- Installing: /home/mh/Documents/ros2_drone_swarm/install/swarm_msgs/include/swarm_msgs/swarm_msgs/msg
[12.132s] -- Installing: /home/mh/Documents/ros2_drone_swarm/install/swarm_msgs/include/swarm_msgs/swarm_msgs/msg/detail
[12.132s] -- Installing: /home/mh/Documents/ros2_drone_swarm/install/swarm_msgs/include/swarm_msgs/swarm_msgs/msg/detail/formation_command__type_support.h
[12.132s] -- Installing: /home/mh/Documents/ros2_drone_swarm/install/swarm_msgs/include/swarm_msgs/swarm_msgs/msg/detail/formation_command__description.c
[12.133s] -- Installing: /home/mh/Documents/ros2_drone_swarm/install/swarm_msgs/include/swarm_msgs/swarm_msgs/msg/detail/drone_state__functions.c
[12.133s] -- Installing: /home/mh/Documents/ros2_drone_swarm/install/swarm_msgs/include/swarm_msgs/swarm_msgs/msg/detail/formation_command__struct.h
[12.133s] -- Installing: /home/mh/Documents/ros2_drone_swarm/install/swarm_msgs/include/swarm_msgs/swarm_msgs/msg/detail/drone_state__type_support.c
[12.133s] -- Installing: /home/mh/Documents/ros2_drone_swarm/install/swarm_msgs/include/swarm_msgs/swarm_msgs/msg/detail/drone_state__description.c
[12.133s] -- Installing: /home/mh/Documents/ros2_drone_swarm/install/swarm_msgs/include/swarm_msgs/swarm_msgs/msg/detail/formation_command__type_support.c
[12.133s] -- Installing: /home/mh/Documents/ros2_drone_swarm/install/swarm_msgs/include/swarm_msgs/swarm_msgs/msg/detail/drone_state__struct.h
[12.133s] -- Installing: /home/mh/Documents/ros2_drone_swarm/install/swarm_msgs/include/swarm_msgs/swarm_msgs/msg/detail/drone_state__functions.h
[12.133s] -- Installing: /home/mh/Documents/ros2_drone_swarm/install/swarm_msgs/include/swarm_msgs/swarm_msgs/msg/detail/formation_command__functions.c
[12.133s] -- Installing: /home/mh/Documents/ros2_drone_swarm/install/swarm_msgs/include/swarm_msgs/swarm_msgs/msg/detail/formation_command__functions.h
[12.133s] -- Installing: /home/mh/Documents/ros2_drone_swarm/install/swarm_msgs/include/swarm_msgs/swarm_msgs/msg/detail/drone_state__type_support.h
[12.133s] -- Installing: /home/mh/Documents/ros2_drone_swarm/install/swarm_msgs/include/swarm_msgs/swarm_msgs/msg/rosidl_generator_c__visibility_control.h
[12.134s] -- Installing: /home/mh/Documents/ros2_drone_swarm/install/swarm_msgs/include/swarm_msgs/swarm_msgs/msg/formation_command.h
[12.134s] -- Installing: /home/mh/Documents/ros2_drone_swarm/install/swarm_msgs/include/swarm_msgs/swarm_msgs/msg/drone_state.h
[12.134s] -- Installing: /home/mh/Documents/ros2_drone_swarm/install/swarm_msgs/share/swarm_msgs/environment/library_path.sh
[12.134s] -- Installing: /home/mh/Documents/ros2_drone_swarm/install/swarm_msgs/share/swarm_msgs/environment/library_path.dsv
[12.134s] -- Installing: /home/mh/Documents/ros2_drone_swarm/install/swarm_msgs/lib/libswarm_msgs__rosidl_generator_c.so
[12.135s] -- Set non-toolchain portion of runtime path of "/home/mh/Documents/ros2_drone_swarm/install/swarm_msgs/lib/libswarm_msgs__rosidl_generator_c.so" to ""
[12.135s] -- Up-to-date: /home/mh/Documents/ros2_drone_swarm/install/swarm_msgs/include/swarm_msgs/swarm_msgs
[12.135s] -- Up-to-date: /home/mh/Documents/ros2_drone_swarm/install/swarm_msgs/include/swarm_msgs/swarm_msgs/action
[12.135s] -- Up-to-date: /home/mh/Documents/ros2_drone_swarm/install/swarm_msgs/include/swarm_msgs/swarm_msgs/action/detail
[12.135s] -- Installing: /home/mh/Documents/ros2_drone_swarm/install/swarm_msgs/include/swarm_msgs/swarm_msgs/action/detail/execute_mission__rosidl_typesupport_fastrtps_c.h
[12.136s] -- Up-to-date: /home/mh/Documents/ros2_drone_swarm/install/swarm_msgs/include/swarm_msgs/swarm_msgs/srv
[12.136s] -- Up-to-date: /home/mh/Documents/ros2_drone_swarm/install/swarm_msgs/include/swarm_msgs/swarm_msgs/srv/detail
[12.136s] -- Installing: /home/mh/Documents/ros2_drone_swarm/install/swarm_msgs/include/swarm_msgs/swarm_msgs/srv/detail/change_formation__rosidl_typesupport_fastrtps_c.h
[12.136s] -- Installing: /home/mh/Documents/ros2_drone_swarm/install/swarm_msgs/include/swarm_msgs/swarm_msgs/srv/detail/disarm_leader__rosidl_typesupport_fastrtps_c.h
[12.136s] -- Up-to-date: /home/mh/Documents/ros2_drone_swarm/install/swarm_msgs/include/swarm_msgs/swarm_msgs/msg
[12.136s] -- Up-to-date: /home/mh/Documents/ros2_drone_swarm/install/swarm_msgs/include/swarm_msgs/swarm_msgs/msg/detail
[12.136s] -- Installing: /home/mh/Documents/ros2_drone_swarm/install/swarm_msgs/include/swarm_msgs/swarm_msgs/msg/detail/formation_command__rosidl_typesupport_fastrtps_c.h
[12.137s] -- Installing: /home/mh/Documents/ros2_drone_swarm/install/swarm_msgs/include/swarm_msgs/swarm_msgs/msg/detail/drone_state__rosidl_typesupport_fastrtps_c.h
[12.137s] -- Installing: /home/mh/Documents/ros2_drone_swarm/install/swarm_msgs/include/swarm_msgs/swarm_msgs/msg/rosidl_typesupport_fastrtps_c__visibility_control.h
[12.137s] -- Installing: /home/mh/Documents/ros2_drone_swarm/install/swarm_msgs/lib/libswarm_msgs__rosidl_typesupport_fastrtps_c.so
[12.137s] -- Set non-toolchain portion of runtime path of "/home/mh/Documents/ros2_drone_swarm/install/swarm_msgs/lib/libswarm_msgs__rosidl_typesupport_fastrtps_c.so" to ""
[12.137s] -- Up-to-date: /home/mh/Documents/ros2_drone_swarm/install/swarm_msgs/include/swarm_msgs/swarm_msgs
[12.137s] -- Up-to-date: /home/mh/Documents/ros2_drone_swarm/install/swarm_msgs/include/swarm_msgs/swarm_msgs/action
[12.138s] -- Up-to-date: /home/mh/Documents/ros2_drone_swarm/install/swarm_msgs/include/swarm_msgs/swarm_msgs/action/detail
[12.138s] -- Installing: /home/mh/Documents/ros2_drone_swarm/install/swarm_msgs/include/swarm_msgs/swarm_msgs/action/detail/execute_mission__struct.hpp
[12.138s] -- Installing: /home/mh/Documents/ros2_drone_swarm/install/swarm_msgs/include/swarm_msgs/swarm_msgs/action/detail/execute_mission__traits.hpp
[12.138s] -- Installing: /home/mh/Documents/ros2_drone_swarm/install/swarm_msgs/include/swarm_msgs/swarm_msgs/action/detail/execute_mission__builder.hpp
[12.138s] -- Installing: /home/mh/Documents/ros2_drone_swarm/install/swarm_msgs/include/swarm_msgs/swarm_msgs/action/detail/execute_mission__type_support.hpp
[12.138s] -- Installing: /home/mh/Documents/ros2_drone_swarm/install/swarm_msgs/include/swarm_msgs/swarm_msgs/action/execute_mission.hpp
[12.138s] -- Up-to-date: /home/mh/Documents/ros2_drone_swarm/install/swarm_msgs/include/swarm_msgs/swarm_msgs/srv
[12.139s] -- Installing: /home/mh/Documents/ros2_drone_swarm/install/swarm_msgs/include/swarm_msgs/swarm_msgs/srv/change_formation.hpp
[12.139s] -- Up-to-date: /home/mh/Documents/ros2_drone_swarm/install/swarm_msgs/include/swarm_msgs/swarm_msgs/srv/detail
[12.139s] -- Installing: /home/mh/Documents/ros2_drone_swarm/install/swarm_msgs/include/swarm_msgs/swarm_msgs/srv/detail/change_formation__struct.hpp
[12.139s] -- Installing: /home/mh/Documents/ros2_drone_swarm/install/swarm_msgs/include/swarm_msgs/swarm_msgs/srv/detail/change_formation__builder.hpp
[12.139s] -- Installing: /home/mh/Documents/ros2_drone_swarm/install/swarm_msgs/include/swarm_msgs/swarm_msgs/srv/detail/disarm_leader__type_support.hpp
[12.139s] -- Installing: /home/mh/Documents/ros2_drone_swarm/install/swarm_msgs/include/swarm_msgs/swarm_msgs/srv/detail/change_formation__type_support.hpp
[12.140s] -- Installing: /home/mh/Documents/ros2_drone_swarm/install/swarm_msgs/include/swarm_msgs/swarm_msgs/srv/detail/disarm_leader__struct.hpp
[12.140s] -- Installing: /home/mh/Documents/ros2_drone_swarm/install/swarm_msgs/include/swarm_msgs/swarm_msgs/srv/detail/disarm_leader__builder.hpp
[12.140s] -- Installing: /home/mh/Documents/ros2_drone_swarm/install/swarm_msgs/include/swarm_msgs/swarm_msgs/srv/detail/disarm_leader__traits.hpp
[12.140s] -- Installing: /home/mh/Documents/ros2_drone_swarm/install/swarm_msgs/include/swarm_msgs/swarm_msgs/srv/detail/change_formation__traits.hpp
[12.140s] -- Installing: /home/mh/Documents/ros2_drone_swarm/install/swarm_msgs/include/swarm_msgs/swarm_msgs/srv/disarm_leader.hpp
[12.141s] -- Up-to-date: /home/mh/Documents/ros2_drone_swarm/install/swarm_msgs/include/swarm_msgs/swarm_msgs/msg
[12.141s] -- Up-to-date: /home/mh/Documents/ros2_drone_swarm/install/swarm_msgs/include/swarm_msgs/swarm_msgs/msg/detail
[12.141s] -- Installing: /home/mh/Documents/ros2_drone_swarm/install/swarm_msgs/include/swarm_msgs/swarm_msgs/msg/detail/drone_state__type_support.hpp
[12.141s] -- Installing: /home/mh/Documents/ros2_drone_swarm/install/swarm_msgs/include/swarm_msgs/swarm_msgs/msg/detail/formation_command__builder.hpp
[12.142s] -- Installing: /home/mh/Documents/ros2_drone_swarm/install/swarm_msgs/include/swarm_msgs/swarm_msgs/msg/detail/formation_command__traits.hpp
[12.142s] -- Installing: /home/mh/Documents/ros2_drone_swarm/install/swarm_msgs/include/swarm_msgs/swarm_msgs/msg/detail/drone_state__struct.hpp
[12.142s] -- Installing: /home/mh/Documents/ros2_drone_swarm/install/swarm_msgs/include/swarm_msgs/swarm_msgs/msg/detail/formation_command__type_support.hpp
[12.142s] -- Installing: /home/mh/Documents/ros2_drone_swarm/install/swarm_msgs/include/swarm_msgs/swarm_msgs/msg/detail/formation_command__struct.hpp
[12.142s] -- Installing: /home/mh/Documents/ros2_drone_swarm/install/swarm_msgs/include/swarm_msgs/swarm_msgs/msg/detail/drone_state__builder.hpp
[12.142s] -- Installing: /home/mh/Documents/ros2_drone_swarm/install/swarm_msgs/include/swarm_msgs/swarm_msgs/msg/detail/drone_state__traits.hpp
[12.142s] -- Installing: /home/mh/Documents/ros2_drone_swarm/install/swarm_msgs/include/swarm_msgs/swarm_msgs/msg/rosidl_generator_cpp__visibility_control.hpp
[12.142s] -- Installing: /home/mh/Documents/ros2_drone_swarm/install/swarm_msgs/include/swarm_msgs/swarm_msgs/msg/drone_state.hpp
[12.142s] -- Installing: /home/mh/Documents/ros2_drone_swarm/install/swarm_msgs/include/swarm_msgs/swarm_msgs/msg/formation_command.hpp
[12.142s] -- Up-to-date: /home/mh/Documents/ros2_drone_swarm/install/swarm_msgs/include/swarm_msgs/swarm_msgs
[12.143s] -- Up-to-date: /home/mh/Documents/ros2_drone_swarm/install/swarm_msgs/include/swarm_msgs/swarm_msgs/action
[12.143s] -- Up-to-date: /home/mh/Documents/ros2_drone_swarm/install/swarm_msgs/include/swarm_msgs/swarm_msgs/action/detail
[12.143s] -- Installing: /home/mh/Documents/ros2_drone_swarm/install/swarm_msgs/include/swarm_msgs/swarm_msgs/action/detail/execute_mission__rosidl_typesupport_fastrtps_cpp.hpp
[12.143s] -- Installing: /home/mh/Documents/ros2_drone_swarm/install/swarm_msgs/include/swarm_msgs/swarm_msgs/action/detail/dds_fastrtps
[12.143s] -- Up-to-date: /home/mh/Documents/ros2_drone_swarm/install/swarm_msgs/include/swarm_msgs/swarm_msgs/srv
[12.143s] -- Up-to-date: /home/mh/Documents/ros2_drone_swarm/install/swarm_msgs/include/swarm_msgs/swarm_msgs/srv/detail
[12.143s] -- Installing: /home/mh/Documents/ros2_drone_swarm/install/swarm_msgs/include/swarm_msgs/swarm_msgs/srv/detail/change_formation__rosidl_typesupport_fastrtps_cpp.hpp
[12.144s] -- Installing: /home/mh/Documents/ros2_drone_swarm/install/swarm_msgs/include/swarm_msgs/swarm_msgs/srv/detail/dds_fastrtps
[12.144s] -- Installing: /home/mh/Documents/ros2_drone_swarm/install/swarm_msgs/include/swarm_msgs/swarm_msgs/srv/detail/disarm_leader__rosidl_typesupport_fastrtps_cpp.hpp
[12.144s] -- Up-to-date: /home/mh/Documents/ros2_drone_swarm/install/swarm_msgs/include/swarm_msgs/swarm_msgs/msg
[12.144s] -- Up-to-date: /home/mh/Documents/ros2_drone_swarm/install/swarm_msgs/include/swarm_msgs/swarm_msgs/msg/detail
[12.144s] -- Installing: /home/mh/Documents/ros2_drone_swarm/install/swarm_msgs/include/swarm_msgs/swarm_msgs/msg/detail/dds_fastrtps
[12.144s] -- Installing: /home/mh/Documents/ros2_drone_swarm/install/swarm_msgs/include/swarm_msgs/swarm_msgs/msg/detail/formation_command__rosidl_typesupport_fastrtps_cpp.hpp
[12.144s] -- Installing: /home/mh/Documents/ros2_drone_swarm/install/swarm_msgs/include/swarm_msgs/swarm_msgs/msg/detail/drone_state__rosidl_typesupport_fastrtps_cpp.hpp
[12.144s] -- Installing: /home/mh/Documents/ros2_drone_swarm/install/swarm_msgs/include/swarm_msgs/swarm_msgs/msg/rosidl_typesupport_fastrtps_cpp__visibility_control.h
[12.144s] -- Installing: /home/mh/Documents/ros2_drone_swarm/install/swarm_msgs/lib/libswarm_msgs__rosidl_typesupport_fastrtps_cpp.so
[12.144s] -- Set non-toolchain portion of runtime path of "/home/mh/Documents/ros2_drone_swarm/install/swarm_msgs/lib/libswarm_msgs__rosidl_typesupport_fastrtps_cpp.so" to ""
[12.144s] -- Up-to-date: /home/mh/Documents/ros2_drone_swarm/install/swarm_msgs/include/swarm_msgs/swarm_msgs
[12.145s] -- Up-to-date: /home/mh/Documents/ros2_drone_swarm/install/swarm_msgs/include/swarm_msgs/swarm_msgs/action
[12.145s] -- Up-to-date: /home/mh/Documents/ros2_drone_swarm/install/swarm_msgs/include/swarm_msgs/swarm_msgs/action/detail
[12.145s] -- Installing: /home/mh/Documents/ros2_drone_swarm/install/swarm_msgs/include/swarm_msgs/swarm_msgs/action/detail/execute_mission__rosidl_typesupport_introspection_c.h
[12.145s] -- Installing: /home/mh/Documents/ros2_drone_swarm/install/swarm_msgs/include/swarm_msgs/swarm_msgs/action/detail/execute_mission__type_support.c
[12.145s] -- Up-to-date: /home/mh/Documents/ros2_drone_swarm/install/swarm_msgs/include/swarm_msgs/swarm_msgs/srv
[12.145s] -- Up-to-date: /home/mh/Documents/ros2_drone_swarm/install/swarm_msgs/include/swarm_msgs/swarm_msgs/srv/detail
[12.145s] -- Installing: /home/mh/Documents/ros2_drone_swarm/install/swarm_msgs/include/swarm_msgs/swarm_msgs/srv/detail/change_formation__type_support.c
[12.145s] -- Installing: /home/mh/Documents/ros2_drone_swarm/install/swarm_msgs/include/swarm_msgs/swarm_msgs/srv/detail/disarm_leader__rosidl_typesupport_introspection_c.h
[12.145s] -- Installing: /home/mh/Documents/ros2_drone_swarm/install/swarm_msgs/include/swarm_msgs/swarm_msgs/srv/detail/change_formation__rosidl_typesupport_introspection_c.h
[12.145s] -- Installing: /home/mh/Documents/ros2_drone_swarm/install/swarm_msgs/include/swarm_msgs/swarm_msgs/srv/detail/disarm_leader__type_support.c
[12.145s] -- Up-to-date: /home/mh/Documents/ros2_drone_swarm/install/swarm_msgs/include/swarm_msgs/swarm_msgs/msg
[12.145s] -- Up-to-date: /home/mh/Documents/ros2_drone_swarm/install/swarm_msgs/include/swarm_msgs/swarm_msgs/msg/detail
[12.146s] -- Installing: /home/mh/Documents/ros2_drone_swarm/install/swarm_msgs/include/swarm_msgs/swarm_msgs/msg/detail/drone_state__rosidl_typesupport_introspection_c.h
[12.146s] -- Installing: /home/mh/Documents/ros2_drone_swarm/install/swarm_msgs/include/swarm_msgs/swarm_msgs/msg/detail/formation_command__rosidl_typesupport_introspection_c.h
[12.146s] -- Installing: /home/mh/Documents/ros2_drone_swarm/install/swarm_msgs/include/swarm_msgs/swarm_msgs/msg/detail/drone_state__type_support.c
[12.146s] -- Installing: /home/mh/Documents/ros2_drone_swarm/install/swarm_msgs/include/swarm_msgs/swarm_msgs/msg/detail/formation_command__type_support.c
[12.146s] -- Installing: /home/mh/Documents/ros2_drone_swarm/install/swarm_msgs/include/swarm_msgs/swarm_msgs/msg/rosidl_typesupport_introspection_c__visibility_control.h
[12.146s] -- Installing: /home/mh/Documents/ros2_drone_swarm/install/swarm_msgs/lib/libswarm_msgs__rosidl_typesupport_introspection_c.so
[12.146s] -- Set non-toolchain portion of runtime path of "/home/mh/Documents/ros2_drone_swarm/install/swarm_msgs/lib/libswarm_msgs__rosidl_typesupport_introspection_c.so" to ""
[12.146s] -- Installing: /home/mh/Documents/ros2_drone_swarm/install/swarm_msgs/lib/libswarm_msgs__rosidl_typesupport_c.so
[12.146s] -- Set non-toolchain portion of runtime path of "/home/mh/Documents/ros2_drone_swarm/install/swarm_msgs/lib/libswarm_msgs__rosidl_typesupport_c.so" to ""
[12.146s] -- Up-to-date: /home/mh/Documents/ros2_drone_swarm/install/swarm_msgs/include/swarm_msgs/swarm_msgs
[12.146s] -- Up-to-date: /home/mh/Documents/ros2_drone_swarm/install/swarm_msgs/include/swarm_msgs/swarm_msgs/action
[12.147s] -- Up-to-date: /home/mh/Documents/ros2_drone_swarm/install/swarm_msgs/include/swarm_msgs/swarm_msgs/action/detail
[12.147s] -- Installing: /home/mh/Documents/ros2_drone_swarm/install/swarm_msgs/include/swarm_msgs/swarm_msgs/action/detail/execute_mission__rosidl_typesupport_introspection_cpp.hpp
[12.147s] -- Installing: /home/mh/Documents/ros2_drone_swarm/install/swarm_msgs/include/swarm_msgs/swarm_msgs/action/detail/execute_mission__type_support.cpp
[12.147s] -- Up-to-date: /home/mh/Documents/ros2_drone_swarm/install/swarm_msgs/include/swarm_msgs/swarm_msgs/srv
[12.147s] -- Up-to-date: /home/mh/Documents/ros2_drone_swarm/install/swarm_msgs/include/swarm_msgs/swarm_msgs/srv/detail
[12.147s] -- Installing: /home/mh/Documents/ros2_drone_swarm/install/swarm_msgs/include/swarm_msgs/swarm_msgs/srv/detail/change_formation__rosidl_typesupport_introspection_cpp.hpp
[12.147s] -- Installing: /home/mh/Documents/ros2_drone_swarm/install/swarm_msgs/include/swarm_msgs/swarm_msgs/srv/detail/disarm_leader__rosidl_typesupport_introspection_cpp.hpp
[12.147s] -- Installing: /home/mh/Documents/ros2_drone_swarm/install/swarm_msgs/include/swarm_msgs/swarm_msgs/srv/detail/disarm_leader__type_support.cpp
[12.147s] -- Installing: /home/mh/Documents/ros2_drone_swarm/install/swarm_msgs/include/swarm_msgs/swarm_msgs/srv/detail/change_formation__type_support.cpp
[12.148s] -- Up-to-date: /home/mh/Documents/ros2_drone_swarm/install/swarm_msgs/include/swarm_msgs/swarm_msgs/msg
[12.148s] -- Up-to-date: /home/mh/Documents/ros2_drone_swarm/install/swarm_msgs/include/swarm_msgs/swarm_msgs/msg/detail
[12.148s] -- Installing: /home/mh/Documents/ros2_drone_swarm/install/swarm_msgs/include/swarm_msgs/swarm_msgs/msg/detail/drone_state__type_support.cpp
[12.148s] -- Installing: /home/mh/Documents/ros2_drone_swarm/install/swarm_msgs/include/swarm_msgs/swarm_msgs/msg/detail/drone_state__rosidl_typesupport_introspection_cpp.hpp
[12.148s] -- Installing: /home/mh/Documents/ros2_drone_swarm/install/swarm_msgs/include/swarm_msgs/swarm_msgs/msg/detail/formation_command__rosidl_typesupport_introspection_cpp.hpp
[12.148s] -- Installing: /home/mh/Documents/ros2_drone_swarm/install/swarm_msgs/include/swarm_msgs/swarm_msgs/msg/detail/formation_command__type_support.cpp
[12.148s] -- Installing: /home/mh/Documents/ros2_drone_swarm/install/swarm_msgs/lib/libswarm_msgs__rosidl_typesupport_introspection_cpp.so
[12.149s] -- Set non-toolchain portion of runtime path of "/home/mh/Documents/ros2_drone_swarm/install/swarm_msgs/lib/libswarm_msgs__rosidl_typesupport_introspection_cpp.so" to ""
[12.149s] -- Installing: /home/mh/Documents/ros2_drone_swarm/install/swarm_msgs/lib/libswarm_msgs__rosidl_typesupport_cpp.so
[12.149s] -- Set non-toolchain portion of runtime path of "/home/mh/Documents/ros2_drone_swarm/install/swarm_msgs/lib/libswarm_msgs__rosidl_typesupport_cpp.so" to ""
[12.149s] -- Installing: /home/mh/Documents/ros2_drone_swarm/install/swarm_msgs/share/swarm_msgs/environment/pythonpath.sh
[12.150s] -- Installing: /home/mh/Documents/ros2_drone_swarm/install/swarm_msgs/share/swarm_msgs/environment/pythonpath.dsv
[12.150s] -- Installing: /home/mh/Documents/ros2_drone_swarm/install/swarm_msgs/lib/python3.12/site-packages/swarm_msgs-1.0.0-py3.12.egg-info
[12.150s] -- Installing: /home/mh/Documents/ros2_drone_swarm/install/swarm_msgs/lib/python3.12/site-packages/swarm_msgs-1.0.0-py3.12.egg-info/dependency_links.txt
[12.150s] -- Installing: /home/mh/Documents/ros2_drone_swarm/install/swarm_msgs/lib/python3.12/site-packages/swarm_msgs-1.0.0-py3.12.egg-info/PKG-INFO
[12.150s] -- Installing: /home/mh/Documents/ros2_drone_swarm/install/swarm_msgs/lib/python3.12/site-packages/swarm_msgs-1.0.0-py3.12.egg-info/top_level.txt
[12.150s] -- Installing: /home/mh/Documents/ros2_drone_swarm/install/swarm_msgs/lib/python3.12/site-packages/swarm_msgs-1.0.0-py3.12.egg-info/SOURCES.txt
[12.150s] -- Installing: /home/mh/Documents/ros2_drone_swarm/install/swarm_msgs/lib/python3.12/site-packages/swarm_msgs
[12.150s] -- Installing: /home/mh/Documents/ros2_drone_swarm/install/swarm_msgs/lib/python3.12/site-packages/swarm_msgs/swarm_msgs_s__rosidl_typesupport_introspection_c.so
[12.150s] -- Installing: /home/mh/Documents/ros2_drone_swarm/install/swarm_msgs/lib/python3.12/site-packages/swarm_msgs/action
[12.150s] -- Installing: /home/mh/Documents/ros2_drone_swarm/install/swarm_msgs/lib/python3.12/site-packages/swarm_msgs/action/_execute_mission.py
[12.150s] -- Installing: /home/mh/Documents/ros2_drone_swarm/install/swarm_msgs/lib/python3.12/site-packages/swarm_msgs/action/__init__.py
[12.151s] -- Installing: /home/mh/Documents/ros2_drone_swarm/install/swarm_msgs/lib/python3.12/site-packages/swarm_msgs/action/_execute_mission_s.c
[12.151s] -- Installing: /home/mh/Documents/ros2_drone_swarm/install/swarm_msgs/lib/python3.12/site-packages/swarm_msgs/__init__.py
[12.151s] -- Installing: /home/mh/Documents/ros2_drone_swarm/install/swarm_msgs/lib/python3.12/site-packages/swarm_msgs/swarm_msgs_s__rosidl_typesupport_fastrtps_c.so
[12.151s] -- Installing: /home/mh/Documents/ros2_drone_swarm/install/swarm_msgs/lib/python3.12/site-packages/swarm_msgs/_swarm_msgs_s.ep.rosidl_typesupport_introspection_c.c
[12.151s] -- Installing: /home/mh/Documents/ros2_drone_swarm/install/swarm_msgs/lib/python3.12/site-packages/swarm_msgs/_swarm_msgs_s.ep.rosidl_typesupport_fastrtps_c.c
[12.151s] -- Installing: /home/mh/Documents/ros2_drone_swarm/install/swarm_msgs/lib/python3.12/site-packages/swarm_msgs/swarm_msgs_s__rosidl_typesupport_c.so
[12.151s] -- Installing: /home/mh/Documents/ros2_drone_swarm/install/swarm_msgs/lib/python3.12/site-packages/swarm_msgs/_swarm_msgs_s.ep.rosidl_typesupport_c.c
[12.152s] -- Installing: /home/mh/Documents/ros2_drone_swarm/install/swarm_msgs/lib/python3.12/site-packages/swarm_msgs/srv
[12.152s] -- Installing: /home/mh/Documents/ros2_drone_swarm/install/swarm_msgs/lib/python3.12/site-packages/swarm_msgs/srv/_disarm_leader_s.c
[12.152s] -- Installing: /home/mh/Documents/ros2_drone_swarm/install/swarm_msgs/lib/python3.12/site-packages/swarm_msgs/srv/__init__.py
[12.152s] -- Installing: /home/mh/Documents/ros2_drone_swarm/install/swarm_msgs/lib/python3.12/site-packages/swarm_msgs/srv/_change_formation.py
[12.152s] -- Installing: /home/mh/Documents/ros2_drone_swarm/install/swarm_msgs/lib/python3.12/site-packages/swarm_msgs/srv/_disarm_leader.py
[12.152s] -- Installing: /home/mh/Documents/ros2_drone_swarm/install/swarm_msgs/lib/python3.12/site-packages/swarm_msgs/srv/_change_formation_s.c
[12.152s] -- Installing: /home/mh/Documents/ros2_drone_swarm/install/swarm_msgs/lib/python3.12/site-packages/swarm_msgs/msg
[12.152s] -- Installing: /home/mh/Documents/ros2_drone_swarm/install/swarm_msgs/lib/python3.12/site-packages/swarm_msgs/msg/_drone_state_s.c
[12.153s] -- Installing: /home/mh/Documents/ros2_drone_swarm/install/swarm_msgs/lib/python3.12/site-packages/swarm_msgs/msg/_drone_state.py
[12.153s] -- Installing: /home/mh/Documents/ros2_drone_swarm/install/swarm_msgs/lib/python3.12/site-packages/swarm_msgs/msg/__init__.py
[12.153s] -- Installing: /home/mh/Documents/ros2_drone_swarm/install/swarm_msgs/lib/python3.12/site-packages/swarm_msgs/msg/_formation_command.py
[12.153s] -- Installing: /home/mh/Documents/ros2_drone_swarm/install/swarm_msgs/lib/python3.12/site-packages/swarm_msgs/msg/_formation_command_s.c
[12.210s] Listing '/home/mh/Documents/ros2_drone_swarm/install/swarm_msgs/lib/python3.12/site-packages/swarm_msgs'...
[12.210s] Compiling '/home/mh/Documents/ros2_drone_swarm/install/swarm_msgs/lib/python3.12/site-packages/swarm_msgs/__init__.py'...
[12.210s] Listing '/home/mh/Documents/ros2_drone_swarm/install/swarm_msgs/lib/python3.12/site-packages/swarm_msgs/action'...
[12.210s] Compiling '/home/mh/Documents/ros2_drone_swarm/install/swarm_msgs/lib/python3.12/site-packages/swarm_msgs/action/__init__.py'...
[12.210s] Compiling '/home/mh/Documents/ros2_drone_swarm/install/swarm_msgs/lib/python3.12/site-packages/swarm_msgs/action/_execute_mission.py'...
[12.210s] Listing '/home/mh/Documents/ros2_drone_swarm/install/swarm_msgs/lib/python3.12/site-packages/swarm_msgs/msg'...
[12.210s] Compiling '/home/mh/Documents/ros2_drone_swarm/install/swarm_msgs/lib/python3.12/site-packages/swarm_msgs/msg/__init__.py'...
[12.210s] Compiling '/home/mh/Documents/ros2_drone_swarm/install/swarm_msgs/lib/python3.12/site-packages/swarm_msgs/msg/_drone_state.py'...
[12.210s] Compiling '/home/mh/Documents/ros2_drone_swarm/install/swarm_msgs/lib/python3.12/site-packages/swarm_msgs/msg/_formation_command.py'...
[12.211s] Listing '/home/mh/Documents/ros2_drone_swarm/install/swarm_msgs/lib/python3.12/site-packages/swarm_msgs/srv'...
[12.211s] Compiling '/home/mh/Documents/ros2_drone_swarm/install/swarm_msgs/lib/python3.12/site-packages/swarm_msgs/srv/__init__.py'...
[12.211s] Compiling '/home/mh/Documents/ros2_drone_swarm/install/swarm_msgs/lib/python3.12/site-packages/swarm_msgs/srv/_change_formation.py'...
[12.211s] Compiling '/home/mh/Documents/ros2_drone_swarm/install/swarm_msgs/lib/python3.12/site-packages/swarm_msgs/srv/_disarm_leader.py'...
[12.215s] -- Installing: /home/mh/Documents/ros2_drone_swarm/install/swarm_msgs/lib/python3.12/site-packages/swarm_msgs/swarm_msgs_s__rosidl_typesupport_fastrtps_c.so
[12.216s] -- Set non-toolchain portion of runtime path of "/home/mh/Documents/ros2_drone_swarm/install/swarm_msgs/lib/python3.12/site-packages/swarm_msgs/swarm_msgs_s__rosidl_typesupport_fastrtps_c.so" to ""
[12.216s] -- Installing: /home/mh/Documents/ros2_drone_swarm/install/swarm_msgs/lib/python3.12/site-packages/swarm_msgs/swarm_msgs_s__rosidl_typesupport_introspection_c.so
[12.217s] -- Set non-toolchain portion of runtime path of "/home/mh/Documents/ros2_drone_swarm/install/swarm_msgs/lib/python3.12/site-packages/swarm_msgs/swarm_msgs_s__rosidl_typesupport_introspection_c.so" to ""
[12.217s] -- Installing: /home/mh/Documents/ros2_drone_swarm/install/swarm_msgs/lib/python3.12/site-packages/swarm_msgs/swarm_msgs_s__rosidl_typesupport_c.so
[12.217s] -- Set non-toolchain portion of runtime path of "/home/mh/Documents/ros2_drone_swarm/install/swarm_msgs/lib/python3.12/site-packages/swarm_msgs/swarm_msgs_s__rosidl_typesupport_c.so" to ""
[12.217s] -- Installing: /home/mh/Documents/ros2_drone_swarm/install/swarm_msgs/lib/libswarm_msgs__rosidl_generator_py.so
[12.218s] -- Set non-toolchain portion of runtime path of "/home/mh/Documents/ros2_drone_swarm/install/swarm_msgs/lib/libswarm_msgs__rosidl_generator_py.so" to ""
[12.218s] -- Installing: /home/mh/Documents/ros2_drone_swarm/install/swarm_msgs/share/swarm_msgs/msg/DroneState.idl
[12.218s] -- Installing: /home/mh/Documents/ros2_drone_swarm/install/swarm_msgs/share/swarm_msgs/msg/FormationCommand.idl
[12.218s] -- Installing: /home/mh/Documents/ros2_drone_swarm/install/swarm_msgs/share/swarm_msgs/srv/ChangeFormation.idl
[12.218s] -- Installing: /home/mh/Documents/ros2_drone_swarm/install/swarm_msgs/share/swarm_msgs/srv/DisarmLeader.idl
[12.218s] -- Installing: /home/mh/Documents/ros2_drone_swarm/install/swarm_msgs/share/swarm_msgs/action/ExecuteMission.idl
[12.218s] -- Installing: /home/mh/Documents/ros2_drone_swarm/install/swarm_msgs/share/swarm_msgs/msg/DroneState.msg
[12.218s] -- Installing: /home/mh/Documents/ros2_drone_swarm/install/swarm_msgs/share/swarm_msgs/msg/FormationCommand.msg
[12.218s] -- Installing: /home/mh/Documents/ros2_drone_swarm/install/swarm_msgs/share/swarm_msgs/srv/ChangeFormation.srv
[12.219s] -- Installing: /home/mh/Documents/ros2_drone_swarm/install/swarm_msgs/share/swarm_msgs/srv/DisarmLeader.srv
[12.219s] -- Installing: /home/mh/Documents/ros2_drone_swarm/install/swarm_msgs/share/swarm_msgs/action/ExecuteMission.action
[12.219s] -- Installing: /home/mh/Documents/ros2_drone_swarm/install/swarm_msgs/share/ament_index/resource_index/package_run_dependencies/swarm_msgs
[12.219s] -- Installing: /home/mh/Documents/ros2_drone_swarm/install/swarm_msgs/share/ament_index/resource_index/parent_prefix_path/swarm_msgs
[12.219s] -- Installing: /home/mh/Documents/ros2_drone_swarm/install/swarm_msgs/share/swarm_msgs/environment/ament_prefix_path.sh
[12.219s] -- Installing: /home/mh/Documents/ros2_drone_swarm/install/swarm_msgs/share/swarm_msgs/environment/ament_prefix_path.dsv
[12.219s] -- Installing: /home/mh/Documents/ros2_drone_swarm/install/swarm_msgs/share/swarm_msgs/environment/path.sh
[12.220s] -- Installing: /home/mh/Documents/ros2_drone_swarm/install/swarm_msgs/share/swarm_msgs/environment/path.dsv
[12.220s] -- Installing: /home/mh/Documents/ros2_drone_swarm/install/swarm_msgs/share/swarm_msgs/local_setup.bash
[12.220s] -- Installing: /home/mh/Documents/ros2_drone_swarm/install/swarm_msgs/share/swarm_msgs/local_setup.sh
[12.220s] -- Installing: /home/mh/Documents/ros2_drone_swarm/install/swarm_msgs/share/swarm_msgs/local_setup.zsh
[12.220s] -- Installing: /home/mh/Documents/ros2_drone_swarm/install/swarm_msgs/share/swarm_msgs/local_setup.dsv
[12.220s] -- Installing: /home/mh/Documents/ros2_drone_swarm/install/swarm_msgs/share/swarm_msgs/package.dsv
[12.220s] -- Installing: /home/mh/Documents/ros2_drone_swarm/install/swarm_msgs/share/ament_index/resource_index/packages/swarm_msgs
[12.220s] -- Installing: /home/mh/Documents/ros2_drone_swarm/install/swarm_msgs/share/swarm_msgs/cmake/export_swarm_msgs__rosidl_generator_cExport.cmake
[12.220s] -- Installing: /home/mh/Documents/ros2_drone_swarm/install/swarm_msgs/share/swarm_msgs/cmake/export_swarm_msgs__rosidl_generator_cExport-release.cmake
[12.221s] -- Installing: /home/mh/Documents/ros2_drone_swarm/install/swarm_msgs/share/swarm_msgs/cmake/export_swarm_msgs__rosidl_typesupport_fastrtps_cExport.cmake
[12.221s] -- Installing: /home/mh/Documents/ros2_drone_swarm/install/swarm_msgs/share/swarm_msgs/cmake/export_swarm_msgs__rosidl_typesupport_fastrtps_cExport-release.cmake
[12.221s] -- Installing: /home/mh/Documents/ros2_drone_swarm/install/swarm_msgs/share/swarm_msgs/cmake/export_swarm_msgs__rosidl_generator_cppExport.cmake
[12.221s] -- Installing: /home/mh/Documents/ros2_drone_swarm/install/swarm_msgs/share/swarm_msgs/cmake/export_swarm_msgs__rosidl_typesupport_fastrtps_cppExport.cmake
[12.221s] -- Installing: /home/mh/Documents/ros2_drone_swarm/install/swarm_msgs/share/swarm_msgs/cmake/export_swarm_msgs__rosidl_typesupport_fastrtps_cppExport-release.cmake
[12.221s] -- Installing: /home/mh/Documents/ros2_drone_swarm/install/swarm_msgs/share/swarm_msgs/cmake/swarm_msgs__rosidl_typesupport_introspection_cExport.cmake
[12.221s] -- Installing: /home/mh/Documents/ros2_drone_swarm/install/swarm_msgs/share/swarm_msgs/cmake/swarm_msgs__rosidl_typesupport_introspection_cExport-release.cmake
[12.222s] -- Installing: /home/mh/Documents/ros2_drone_swarm/install/swarm_msgs/share/swarm_msgs/cmake/swarm_msgs__rosidl_typesupport_cExport.cmake
[12.222s] -- Installing: /home/mh/Documents/ros2_drone_swarm/install/swarm_msgs/share/swarm_msgs/cmake/swarm_msgs__rosidl_typesupport_cExport-release.cmake
[12.222s] -- Installing: /home/mh/Documents/ros2_drone_swarm/install/swarm_msgs/share/swarm_msgs/cmake/swarm_msgs__rosidl_typesupport_introspection_cppExport.cmake
[12.222s] -- Installing: /home/mh/Documents/ros2_drone_swarm/install/swarm_msgs/share/swarm_msgs/cmake/swarm_msgs__rosidl_typesupport_introspection_cppExport-release.cmake
[12.222s] -- Installing: /home/mh/Documents/ros2_drone_swarm/install/swarm_msgs/share/swarm_msgs/cmake/swarm_msgs__rosidl_typesupport_cppExport.cmake
[12.222s] -- Installing: /home/mh/Documents/ros2_drone_swarm/install/swarm_msgs/share/swarm_msgs/cmake/swarm_msgs__rosidl_typesupport_cppExport-release.cmake
[12.222s] -- Installing: /home/mh/Documents/ros2_drone_swarm/install/swarm_msgs/share/swarm_msgs/cmake/export_swarm_msgs__rosidl_generator_pyExport.cmake
[12.222s] -- Installing: /home/mh/Documents/ros2_drone_swarm/install/swarm_msgs/share/swarm_msgs/cmake/export_swarm_msgs__rosidl_generator_pyExport-release.cmake
[12.223s] -- Installing: /home/mh/Documents/ros2_drone_swarm/install/swarm_msgs/share/swarm_msgs/cmake/rosidl_cmake-extras.cmake
[12.223s] -- Installing: /home/mh/Documents/ros2_drone_swarm/install/swarm_msgs/share/swarm_msgs/cmake/ament_cmake_export_dependencies-extras.cmake
[12.223s] -- Installing: /home/mh/Documents/ros2_drone_swarm/install/swarm_msgs/share/swarm_msgs/cmake/ament_cmake_export_include_directories-extras.cmake
[12.223s] -- Installing: /home/mh/Documents/ros2_drone_swarm/install/swarm_msgs/share/swarm_msgs/cmake/ament_cmake_export_libraries-extras.cmake
[12.223s] -- Installing: /home/mh/Documents/ros2_drone_swarm/install/swarm_msgs/share/swarm_msgs/cmake/ament_cmake_export_targets-extras.cmake
[12.223s] -- Installing: /home/mh/Documents/ros2_drone_swarm/install/swarm_msgs/share/swarm_msgs/cmake/rosidl_cmake_export_typesupport_targets-extras.cmake
[12.223s] -- Installing: /home/mh/Documents/ros2_drone_swarm/install/swarm_msgs/share/swarm_msgs/cmake/rosidl_cmake_export_typesupport_libraries-extras.cmake
[12.223s] -- Installing: /home/mh/Documents/ros2_drone_swarm/install/swarm_msgs/share/swarm_msgs/cmake/swarm_msgsConfig.cmake
[12.224s] -- Installing: /home/mh/Documents/ros2_drone_swarm/install/swarm_msgs/share/swarm_msgs/cmake/swarm_msgsConfig-version.cmake
[12.224s] -- Installing: /home/mh/Documents/ros2_drone_swarm/install/swarm_msgs/share/swarm_msgs/package.xml
[12.226s] Invoked command in '/home/mh/Documents/ros2_drone_swarm/build/swarm_msgs' returned '0': CMAKE_PREFIX_PATH=${CMAKE_PREFIX_PATH}:/opt/ros/jazzy DEBUGINFOD_URLS=https://debuginfod.ubuntu.com /usr/bin/cmake --install /home/mh/Documents/ros2_drone_swarm/build/swarm_msgs
