[0.120s] DEBUG:colcon:Command line arguments: ['/usr/bin/colcon', 'build', '--packages-select', 'swarm_msgs', '--cmake-args', '-DCMAKE_BUILD_TYPE=Release']
[0.121s] DEBUG:colcon:Parsed command line arguments: Namespace(log_base=None, log_level=None, verb_name='build', build_base='build', install_base='install', merge_install=False, symlink_install=False, test_result_base=None, continue_on_error=False, executor='parallel', parallel_workers=12, event_handlers=None, ignore_user_meta=False, metas=['./colcon.meta'], base_paths=['.'], packages_ignore=None, packages_ignore_regex=None, paths=None, packages_up_to=None, packages_up_to_regex=None, packages_above=None, packages_above_and_dependencies=None, packages_above_depth=None, packages_select_by_dep=None, packages_skip_by_dep=None, packages_skip_up_to=None, packages_select_build_failed=False, packages_skip_build_finished=False, packages_select_test_failures=False, packages_skip_test_passed=False, packages_select=['swarm_msgs'], packages_skip=None, packages_select_regex=None, packages_skip_regex=None, packages_start=None, packages_end=None, allow_overriding=[], cmake_args=['-DCMAKE_BUILD_TYPE=Release'], cmake_target=None, cmake_target_skip_unavailable=False, cmake_clean_cache=False, cmake_clean_first=False, cmake_force_configure=False, ament_cmake_args=None, catkin_cmake_args=None, catkin_skip_building_tests=False, mixin_files=None, mixin=None, verb_parser=<colcon_mixin.mixin.mixin_argument.MixinArgumentDecorator object at 0x70626b66e990>, verb_extension=<colcon_core.verb.build.BuildVerb object at 0x70626b7d25a0>, main=<bound method BuildVerb.main of <colcon_core.verb.build.BuildVerb object at 0x70626b7d25a0>>, mixin_verb=('build',))
[0.161s] Level 1:colcon.colcon_core.package_discovery:discover_packages(colcon_meta) check parameters
[0.161s] Level 1:colcon.colcon_core.package_discovery:discover_packages(recursive) check parameters
[0.161s] Level 1:colcon.colcon_core.package_discovery:discover_packages(ignore) check parameters
[0.161s] Level 1:colcon.colcon_core.package_discovery:discover_packages(path) check parameters
[0.161s] Level 1:colcon.colcon_core.package_discovery:discover_packages(colcon_meta) discover
[0.161s] Level 1:colcon.colcon_core.package_discovery:discover_packages(recursive) discover
[0.161s] INFO:colcon.colcon_core.package_discovery:Crawling recursively for packages in '/home/mh/Documents/ros2_drone_swarm'
[0.162s] Level 1:colcon.colcon_core.package_identification:_identify(.) by extensions ['ignore', 'ignore_ament_install']
[0.162s] Level 1:colcon.colcon_core.package_identification:_identify(.) by extension 'ignore'
[0.162s] Level 1:colcon.colcon_core.package_identification:_identify(.) by extension 'ignore_ament_install'
[0.162s] Level 1:colcon.colcon_core.package_identification:_identify(.) by extensions ['colcon_pkg']
[0.162s] Level 1:colcon.colcon_core.package_identification:_identify(.) by extension 'colcon_pkg'
[0.162s] Level 1:colcon.colcon_core.package_identification:_identify(.) by extensions ['colcon_meta']
[0.162s] Level 1:colcon.colcon_core.package_identification:_identify(.) by extension 'colcon_meta'
[0.162s] Level 1:colcon.colcon_core.package_identification:_identify(.) by extensions ['ros']
[0.162s] Level 1:colcon.colcon_core.package_identification:_identify(.) by extension 'ros'
[0.189s] Level 1:colcon.colcon_core.package_identification:_identify(.) by extensions ['cmake', 'python']
[0.189s] Level 1:colcon.colcon_core.package_identification:_identify(.) by extension 'cmake'
[0.189s] Level 1:colcon.colcon_core.package_identification:_identify(.) by extension 'python'
[0.189s] Level 1:colcon.colcon_core.package_identification:_identify(.) by extensions ['python_setup_py']
[0.189s] Level 1:colcon.colcon_core.package_identification:_identify(.) by extension 'python_setup_py'
[0.189s] Level 1:colcon.colcon_core.package_identification:_identify(Docs) by extensions ['ignore', 'ignore_ament_install']
[0.190s] Level 1:colcon.colcon_core.package_identification:_identify(Docs) by extension 'ignore'
[0.190s] Level 1:colcon.colcon_core.package_identification:_identify(Docs) by extension 'ignore_ament_install'
[0.190s] Level 1:colcon.colcon_core.package_identification:_identify(Docs) by extensions ['colcon_pkg']
[0.190s] Level 1:colcon.colcon_core.package_identification:_identify(Docs) by extension 'colcon_pkg'
[0.190s] Level 1:colcon.colcon_core.package_identification:_identify(Docs) by extensions ['colcon_meta']
[0.190s] Level 1:colcon.colcon_core.package_identification:_identify(Docs) by extension 'colcon_meta'
[0.190s] Level 1:colcon.colcon_core.package_identification:_identify(Docs) by extensions ['ros']
[0.190s] Level 1:colcon.colcon_core.package_identification:_identify(Docs) by extension 'ros'
[0.190s] Level 1:colcon.colcon_core.package_identification:_identify(Docs) by extensions ['cmake', 'python']
[0.190s] Level 1:colcon.colcon_core.package_identification:_identify(Docs) by extension 'cmake'
[0.190s] Level 1:colcon.colcon_core.package_identification:_identify(Docs) by extension 'python'
[0.190s] Level 1:colcon.colcon_core.package_identification:_identify(Docs) by extensions ['python_setup_py']
[0.190s] Level 1:colcon.colcon_core.package_identification:_identify(Docs) by extension 'python_setup_py'
[0.190s] Level 1:colcon.colcon_core.package_identification:_identify(build) by extensions ['ignore', 'ignore_ament_install']
[0.190s] Level 1:colcon.colcon_core.package_identification:_identify(build) by extension 'ignore'
[0.190s] Level 1:colcon.colcon_core.package_identification:_identify(build) ignored
[0.190s] Level 1:colcon.colcon_core.package_identification:_identify(install) by extensions ['ignore', 'ignore_ament_install']
[0.191s] Level 1:colcon.colcon_core.package_identification:_identify(install) by extension 'ignore'
[0.191s] Level 1:colcon.colcon_core.package_identification:_identify(install) ignored
[0.191s] Level 1:colcon.colcon_core.package_identification:_identify(log) by extensions ['ignore', 'ignore_ament_install']
[0.191s] Level 1:colcon.colcon_core.package_identification:_identify(log) by extension 'ignore'
[0.191s] Level 1:colcon.colcon_core.package_identification:_identify(log) ignored
[0.191s] Level 1:colcon.colcon_core.package_identification:_identify(logs) by extensions ['ignore', 'ignore_ament_install']
[0.191s] Level 1:colcon.colcon_core.package_identification:_identify(logs) by extension 'ignore'
[0.191s] Level 1:colcon.colcon_core.package_identification:_identify(logs) by extension 'ignore_ament_install'
[0.191s] Level 1:colcon.colcon_core.package_identification:_identify(logs) by extensions ['colcon_pkg']
[0.191s] Level 1:colcon.colcon_core.package_identification:_identify(logs) by extension 'colcon_pkg'
[0.191s] Level 1:colcon.colcon_core.package_identification:_identify(logs) by extensions ['colcon_meta']
[0.191s] Level 1:colcon.colcon_core.package_identification:_identify(logs) by extension 'colcon_meta'
[0.191s] Level 1:colcon.colcon_core.package_identification:_identify(logs) by extensions ['ros']
[0.191s] Level 1:colcon.colcon_core.package_identification:_identify(logs) by extension 'ros'
[0.191s] Level 1:colcon.colcon_core.package_identification:_identify(logs) by extensions ['cmake', 'python']
[0.191s] Level 1:colcon.colcon_core.package_identification:_identify(logs) by extension 'cmake'
[0.191s] Level 1:colcon.colcon_core.package_identification:_identify(logs) by extension 'python'
[0.191s] Level 1:colcon.colcon_core.package_identification:_identify(logs) by extensions ['python_setup_py']
[0.191s] Level 1:colcon.colcon_core.package_identification:_identify(logs) by extension 'python_setup_py'
[0.191s] Level 1:colcon.colcon_core.package_identification:_identify(my_env) by extensions ['ignore', 'ignore_ament_install']
[0.192s] Level 1:colcon.colcon_core.package_identification:_identify(my_env) by extension 'ignore'
[0.192s] Level 1:colcon.colcon_core.package_identification:_identify(my_env) by extension 'ignore_ament_install'
[0.192s] Level 1:colcon.colcon_core.package_identification:_identify(my_env) by extensions ['colcon_pkg']
[0.192s] Level 1:colcon.colcon_core.package_identification:_identify(my_env) by extension 'colcon_pkg'
[0.192s] Level 1:colcon.colcon_core.package_identification:_identify(my_env) by extensions ['colcon_meta']
[0.192s] Level 1:colcon.colcon_core.package_identification:_identify(my_env) by extension 'colcon_meta'
[0.192s] Level 1:colcon.colcon_core.package_identification:_identify(my_env) by extensions ['ros']
[0.192s] Level 1:colcon.colcon_core.package_identification:_identify(my_env) by extension 'ros'
[0.192s] Level 1:colcon.colcon_core.package_identification:_identify(my_env) by extensions ['cmake', 'python']
[0.192s] Level 1:colcon.colcon_core.package_identification:_identify(my_env) by extension 'cmake'
[0.192s] Level 1:colcon.colcon_core.package_identification:_identify(my_env) by extension 'python'
[0.192s] Level 1:colcon.colcon_core.package_identification:_identify(my_env) by extensions ['python_setup_py']
[0.192s] Level 1:colcon.colcon_core.package_identification:_identify(my_env) by extension 'python_setup_py'
[0.192s] Level 1:colcon.colcon_core.package_identification:_identify(my_env/bin) by extensions ['ignore', 'ignore_ament_install']
[0.192s] Level 1:colcon.colcon_core.package_identification:_identify(my_env/bin) by extension 'ignore'
[0.192s] Level 1:colcon.colcon_core.package_identification:_identify(my_env/bin) by extension 'ignore_ament_install'
[0.192s] Level 1:colcon.colcon_core.package_identification:_identify(my_env/bin) by extensions ['colcon_pkg']
[0.192s] Level 1:colcon.colcon_core.package_identification:_identify(my_env/bin) by extension 'colcon_pkg'
[0.192s] Level 1:colcon.colcon_core.package_identification:_identify(my_env/bin) by extensions ['colcon_meta']
[0.192s] Level 1:colcon.colcon_core.package_identification:_identify(my_env/bin) by extension 'colcon_meta'
[0.193s] Level 1:colcon.colcon_core.package_identification:_identify(my_env/bin) by extensions ['ros']
[0.193s] Level 1:colcon.colcon_core.package_identification:_identify(my_env/bin) by extension 'ros'
[0.193s] Level 1:colcon.colcon_core.package_identification:_identify(my_env/bin) by extensions ['cmake', 'python']
[0.193s] Level 1:colcon.colcon_core.package_identification:_identify(my_env/bin) by extension 'cmake'
[0.193s] Level 1:colcon.colcon_core.package_identification:_identify(my_env/bin) by extension 'python'
[0.193s] Level 1:colcon.colcon_core.package_identification:_identify(my_env/bin) by extensions ['python_setup_py']
[0.193s] Level 1:colcon.colcon_core.package_identification:_identify(my_env/bin) by extension 'python_setup_py'
[0.193s] Level 1:colcon.colcon_core.package_identification:_identify(src) by extensions ['ignore', 'ignore_ament_install']
[0.193s] Level 1:colcon.colcon_core.package_identification:_identify(src) by extension 'ignore'
[0.193s] Level 1:colcon.colcon_core.package_identification:_identify(src) by extension 'ignore_ament_install'
[0.193s] Level 1:colcon.colcon_core.package_identification:_identify(src) by extensions ['colcon_pkg']
[0.193s] Level 1:colcon.colcon_core.package_identification:_identify(src) by extension 'colcon_pkg'
[0.193s] Level 1:colcon.colcon_core.package_identification:_identify(src) by extensions ['colcon_meta']
[0.193s] Level 1:colcon.colcon_core.package_identification:_identify(src) by extension 'colcon_meta'
[0.193s] Level 1:colcon.colcon_core.package_identification:_identify(src) by extensions ['ros']
[0.193s] Level 1:colcon.colcon_core.package_identification:_identify(src) by extension 'ros'
[0.193s] Level 1:colcon.colcon_core.package_identification:_identify(src) by extensions ['cmake', 'python']
[0.193s] Level 1:colcon.colcon_core.package_identification:_identify(src) by extension 'cmake'
[0.193s] Level 1:colcon.colcon_core.package_identification:_identify(src) by extension 'python'
[0.193s] Level 1:colcon.colcon_core.package_identification:_identify(src) by extensions ['python_setup_py']
[0.193s] Level 1:colcon.colcon_core.package_identification:_identify(src) by extension 'python_setup_py'
[0.193s] Level 1:colcon.colcon_core.package_identification:_identify(src/swarm_controller) by extensions ['ignore', 'ignore_ament_install']
[0.194s] Level 1:colcon.colcon_core.package_identification:_identify(src/swarm_controller) by extension 'ignore'
[0.194s] Level 1:colcon.colcon_core.package_identification:_identify(src/swarm_controller) by extension 'ignore_ament_install'
[0.194s] Level 1:colcon.colcon_core.package_identification:_identify(src/swarm_controller) by extensions ['colcon_pkg']
[0.194s] Level 1:colcon.colcon_core.package_identification:_identify(src/swarm_controller) by extension 'colcon_pkg'
[0.194s] Level 1:colcon.colcon_core.package_identification:_identify(src/swarm_controller) by extensions ['colcon_meta']
[0.194s] Level 1:colcon.colcon_core.package_identification:_identify(src/swarm_controller) by extension 'colcon_meta'
[0.194s] Level 1:colcon.colcon_core.package_identification:_identify(src/swarm_controller) by extensions ['ros']
[0.194s] Level 1:colcon.colcon_core.package_identification:_identify(src/swarm_controller) by extension 'ros'
[0.197s] DEBUG:colcon.colcon_core.package_identification:Package 'src/swarm_controller' with type 'ros.ament_python' and name 'swarm_controller'
[0.197s] Level 1:colcon.colcon_core.package_identification:_identify(src/swarm_msgs) by extensions ['ignore', 'ignore_ament_install']
[0.197s] Level 1:colcon.colcon_core.package_identification:_identify(src/swarm_msgs) by extension 'ignore'
[0.197s] Level 1:colcon.colcon_core.package_identification:_identify(src/swarm_msgs) by extension 'ignore_ament_install'
[0.198s] Level 1:colcon.colcon_core.package_identification:_identify(src/swarm_msgs) by extensions ['colcon_pkg']
[0.198s] Level 1:colcon.colcon_core.package_identification:_identify(src/swarm_msgs) by extension 'colcon_pkg'
[0.198s] Level 1:colcon.colcon_core.package_identification:_identify(src/swarm_msgs) by extensions ['colcon_meta']
[0.198s] Level 1:colcon.colcon_core.package_identification:_identify(src/swarm_msgs) by extension 'colcon_meta'
[0.198s] Level 1:colcon.colcon_core.package_identification:_identify(src/swarm_msgs) by extensions ['ros']
[0.198s] Level 1:colcon.colcon_core.package_identification:_identify(src/swarm_msgs) by extension 'ros'
[0.198s] DEBUG:colcon.colcon_core.package_identification:Package 'src/swarm_msgs' with type 'ros.ament_cmake' and name 'swarm_msgs'
[0.198s] Level 1:colcon.colcon_core.package_identification:_identify(videos) by extensions ['ignore', 'ignore_ament_install']
[0.199s] Level 1:colcon.colcon_core.package_identification:_identify(videos) by extension 'ignore'
[0.199s] Level 1:colcon.colcon_core.package_identification:_identify(videos) by extension 'ignore_ament_install'
[0.199s] Level 1:colcon.colcon_core.package_identification:_identify(videos) by extensions ['colcon_pkg']
[0.199s] Level 1:colcon.colcon_core.package_identification:_identify(videos) by extension 'colcon_pkg'
[0.199s] Level 1:colcon.colcon_core.package_identification:_identify(videos) by extensions ['colcon_meta']
[0.199s] Level 1:colcon.colcon_core.package_identification:_identify(videos) by extension 'colcon_meta'
[0.199s] Level 1:colcon.colcon_core.package_identification:_identify(videos) by extensions ['ros']
[0.199s] Level 1:colcon.colcon_core.package_identification:_identify(videos) by extension 'ros'
[0.199s] Level 1:colcon.colcon_core.package_identification:_identify(videos) by extensions ['cmake', 'python']
[0.199s] Level 1:colcon.colcon_core.package_identification:_identify(videos) by extension 'cmake'
[0.199s] Level 1:colcon.colcon_core.package_identification:_identify(videos) by extension 'python'
[0.199s] Level 1:colcon.colcon_core.package_identification:_identify(videos) by extensions ['python_setup_py']
[0.199s] Level 1:colcon.colcon_core.package_identification:_identify(videos) by extension 'python_setup_py'
[0.199s] Level 1:colcon.colcon_core.package_discovery:discover_packages(recursive) using defaults
[0.199s] Level 1:colcon.colcon_core.package_discovery:discover_packages(ignore) discover
[0.199s] Level 1:colcon.colcon_core.package_discovery:discover_packages(ignore) using defaults
[0.199s] Level 1:colcon.colcon_core.package_discovery:discover_packages(path) discover
[0.199s] Level 1:colcon.colcon_core.package_discovery:discover_packages(path) using defaults
[0.219s] INFO:colcon.colcon_core.package_selection:Skipping not selected package 'swarm_controller' in 'src/swarm_controller'
[0.219s] Level 1:colcon.colcon_core.package_discovery:discover_packages(prefix_path) check parameters
[0.219s] Level 1:colcon.colcon_core.package_discovery:discover_packages(prefix_path) discover
[0.222s] DEBUG:colcon.colcon_installed_package_information.package_discovery:Found 323 installed packages in /opt/ros/jazzy
[0.223s] Level 1:colcon.colcon_core.package_discovery:discover_packages(prefix_path) using defaults
[0.280s] Level 5:colcon.colcon_core.verb:set package 'swarm_msgs' build argument 'cmake_args' from command line to '['-DCMAKE_BUILD_TYPE=Release']'
[0.280s] Level 5:colcon.colcon_core.verb:set package 'swarm_msgs' build argument 'cmake_target' from command line to 'None'
[0.280s] Level 5:colcon.colcon_core.verb:set package 'swarm_msgs' build argument 'cmake_target_skip_unavailable' from command line to 'False'
[0.280s] Level 5:colcon.colcon_core.verb:set package 'swarm_msgs' build argument 'cmake_clean_cache' from command line to 'False'
[0.280s] Level 5:colcon.colcon_core.verb:set package 'swarm_msgs' build argument 'cmake_clean_first' from command line to 'False'
[0.280s] Level 5:colcon.colcon_core.verb:set package 'swarm_msgs' build argument 'cmake_force_configure' from command line to 'False'
[0.280s] Level 5:colcon.colcon_core.verb:set package 'swarm_msgs' build argument 'ament_cmake_args' from command line to 'None'
[0.280s] Level 5:colcon.colcon_core.verb:set package 'swarm_msgs' build argument 'catkin_cmake_args' from command line to 'None'
[0.280s] Level 5:colcon.colcon_core.verb:set package 'swarm_msgs' build argument 'catkin_skip_building_tests' from command line to 'False'
[0.280s] DEBUG:colcon.colcon_core.verb:Building package 'swarm_msgs' with the following arguments: {'ament_cmake_args': None, 'build_base': '/home/mh/Documents/ros2_drone_swarm/build/swarm_msgs', 'catkin_cmake_args': None, 'catkin_skip_building_tests': False, 'cmake_args': ['-DCMAKE_BUILD_TYPE=Release'], 'cmake_clean_cache': False, 'cmake_clean_first': False, 'cmake_force_configure': False, 'cmake_target': None, 'cmake_target_skip_unavailable': False, 'install_base': '/home/mh/Documents/ros2_drone_swarm/install/swarm_msgs', 'merge_install': False, 'path': '/home/mh/Documents/ros2_drone_swarm/src/swarm_msgs', 'symlink_install': False, 'test_result_base': None}
[0.281s] INFO:colcon.colcon_core.executor:Executing jobs using 'parallel' executor
[0.281s] DEBUG:colcon.colcon_parallel_executor.executor.parallel:run_until_complete
[0.282s] INFO:colcon.colcon_ros.task.ament_cmake.build:Building ROS package in '/home/mh/Documents/ros2_drone_swarm/src/swarm_msgs' with build type 'ament_cmake'
[0.282s] INFO:colcon.colcon_cmake.task.cmake.build:Building CMake package in '/home/mh/Documents/ros2_drone_swarm/src/swarm_msgs'
[0.284s] INFO:colcon.colcon_core.plugin_system:Skipping extension 'colcon_core.shell.bat': Not used on non-Windows systems
[0.284s] INFO:colcon.colcon_core.shell:Skip shell extension 'powershell' for command environment: Not usable outside of PowerShell
[0.284s] DEBUG:colcon.colcon_core.shell:Skip shell extension 'dsv' for command environment
[0.294s] DEBUG:colcon.colcon_core.event_handler.log_command:Invoking command in '/home/mh/Documents/ros2_drone_swarm/build/swarm_msgs': CMAKE_PREFIX_PATH=${CMAKE_PREFIX_PATH}:/opt/ros/jazzy DEBUGINFOD_URLS=https://debuginfod.ubuntu.com /usr/bin/cmake /home/mh/Documents/ros2_drone_swarm/src/swarm_msgs -DCMAKE_BUILD_TYPE=Release -DCMAKE_INSTALL_PREFIX=/home/mh/Documents/ros2_drone_swarm/install/swarm_msgs
[3.612s] DEBUG:colcon.colcon_core.event_handler.log_command:Invoked command in '/home/mh/Documents/ros2_drone_swarm/build/swarm_msgs' returned '0': CMAKE_PREFIX_PATH=${CMAKE_PREFIX_PATH}:/opt/ros/jazzy DEBUGINFOD_URLS=https://debuginfod.ubuntu.com /usr/bin/cmake /home/mh/Documents/ros2_drone_swarm/src/swarm_msgs -DCMAKE_BUILD_TYPE=Release -DCMAKE_INSTALL_PREFIX=/home/mh/Documents/ros2_drone_swarm/install/swarm_msgs
[3.612s] DEBUG:colcon.colcon_core.event_handler.log_command:Invoking command in '/home/mh/Documents/ros2_drone_swarm/build/swarm_msgs': CMAKE_PREFIX_PATH=${CMAKE_PREFIX_PATH}:/opt/ros/jazzy DEBUGINFOD_URLS=https://debuginfod.ubuntu.com /usr/bin/cmake --build /home/mh/Documents/ros2_drone_swarm/build/swarm_msgs -- -j12 -l12
[34.200s] DEBUG:colcon.colcon_core.event_handler.log_command:Invoked command in '/home/mh/Documents/ros2_drone_swarm/build/swarm_msgs' returned '0': CMAKE_PREFIX_PATH=${CMAKE_PREFIX_PATH}:/opt/ros/jazzy DEBUGINFOD_URLS=https://debuginfod.ubuntu.com /usr/bin/cmake --build /home/mh/Documents/ros2_drone_swarm/build/swarm_msgs -- -j12 -l12
[34.210s] DEBUG:colcon.colcon_core.event_handler.log_command:Invoking command in '/home/mh/Documents/ros2_drone_swarm/build/swarm_msgs': CMAKE_PREFIX_PATH=${CMAKE_PREFIX_PATH}:/opt/ros/jazzy DEBUGINFOD_URLS=https://debuginfod.ubuntu.com /usr/bin/cmake --install /home/mh/Documents/ros2_drone_swarm/build/swarm_msgs
[34.315s] Level 1:colcon.colcon_core.environment:create_environment_scripts_only(swarm_msgs)
[34.316s] DEBUG:colcon.colcon_core.event_handler.log_command:Invoked command in '/home/mh/Documents/ros2_drone_swarm/build/swarm_msgs' returned '0': CMAKE_PREFIX_PATH=${CMAKE_PREFIX_PATH}:/opt/ros/jazzy DEBUGINFOD_URLS=https://debuginfod.ubuntu.com /usr/bin/cmake --install /home/mh/Documents/ros2_drone_swarm/build/swarm_msgs
[34.317s] Level 1:colcon.colcon_core.environment:checking '/home/mh/Documents/ros2_drone_swarm/install/swarm_msgs' for CMake module files
[34.318s] Level 1:colcon.colcon_core.environment:checking '/home/mh/Documents/ros2_drone_swarm/install/swarm_msgs' for CMake config files
[34.318s] Level 1:colcon.colcon_core.shell:create_environment_hook('swarm_msgs', 'cmake_prefix_path')
[34.319s] INFO:colcon.colcon_core.shell:Creating environment hook '/home/mh/Documents/ros2_drone_swarm/install/swarm_msgs/share/swarm_msgs/hook/cmake_prefix_path.ps1'
[34.319s] INFO:colcon.colcon_core.shell:Creating environment descriptor '/home/mh/Documents/ros2_drone_swarm/install/swarm_msgs/share/swarm_msgs/hook/cmake_prefix_path.dsv'
[34.319s] INFO:colcon.colcon_core.shell:Creating environment hook '/home/mh/Documents/ros2_drone_swarm/install/swarm_msgs/share/swarm_msgs/hook/cmake_prefix_path.sh'
[34.320s] Level 1:colcon.colcon_core.environment:checking '/home/mh/Documents/ros2_drone_swarm/install/swarm_msgs/lib'
[34.320s] Level 1:colcon.colcon_core.shell:create_environment_hook('swarm_msgs', 'ld_library_path_lib')
[34.320s] INFO:colcon.colcon_core.shell:Creating environment hook '/home/mh/Documents/ros2_drone_swarm/install/swarm_msgs/share/swarm_msgs/hook/ld_library_path_lib.ps1'
[34.321s] INFO:colcon.colcon_core.shell:Creating environment descriptor '/home/mh/Documents/ros2_drone_swarm/install/swarm_msgs/share/swarm_msgs/hook/ld_library_path_lib.dsv'
[34.321s] INFO:colcon.colcon_core.shell:Creating environment hook '/home/mh/Documents/ros2_drone_swarm/install/swarm_msgs/share/swarm_msgs/hook/ld_library_path_lib.sh'
[34.322s] Level 1:colcon.colcon_core.environment:checking '/home/mh/Documents/ros2_drone_swarm/install/swarm_msgs/bin'
[34.322s] Level 1:colcon.colcon_core.environment:checking '/home/mh/Documents/ros2_drone_swarm/install/swarm_msgs/lib/pkgconfig/swarm_msgs.pc'
[34.322s] Level 1:colcon.colcon_core.environment:checking '/home/mh/Documents/ros2_drone_swarm/install/swarm_msgs/lib/python3.12/site-packages'
[34.322s] Level 1:colcon.colcon_core.shell:create_environment_hook('swarm_msgs', 'pythonpath')
[34.322s] INFO:colcon.colcon_core.shell:Creating environment hook '/home/mh/Documents/ros2_drone_swarm/install/swarm_msgs/share/swarm_msgs/hook/pythonpath.ps1'
[34.323s] INFO:colcon.colcon_core.shell:Creating environment descriptor '/home/mh/Documents/ros2_drone_swarm/install/swarm_msgs/share/swarm_msgs/hook/pythonpath.dsv'
[34.323s] INFO:colcon.colcon_core.shell:Creating environment hook '/home/mh/Documents/ros2_drone_swarm/install/swarm_msgs/share/swarm_msgs/hook/pythonpath.sh'
[34.323s] Level 1:colcon.colcon_core.environment:checking '/home/mh/Documents/ros2_drone_swarm/install/swarm_msgs/bin'
[34.324s] INFO:colcon.colcon_core.shell:Creating package script '/home/mh/Documents/ros2_drone_swarm/install/swarm_msgs/share/swarm_msgs/package.ps1'
[34.324s] INFO:colcon.colcon_core.shell:Creating package descriptor '/home/mh/Documents/ros2_drone_swarm/install/swarm_msgs/share/swarm_msgs/package.dsv'
[34.325s] INFO:colcon.colcon_core.shell:Creating package script '/home/mh/Documents/ros2_drone_swarm/install/swarm_msgs/share/swarm_msgs/package.sh'
[34.325s] INFO:colcon.colcon_core.shell:Creating package script '/home/mh/Documents/ros2_drone_swarm/install/swarm_msgs/share/swarm_msgs/package.bash'
[34.326s] INFO:colcon.colcon_core.shell:Creating package script '/home/mh/Documents/ros2_drone_swarm/install/swarm_msgs/share/swarm_msgs/package.zsh'
[34.326s] Level 1:colcon.colcon_core.environment:create_file_with_runtime_dependencies(/home/mh/Documents/ros2_drone_swarm/install/swarm_msgs/share/colcon-core/packages/swarm_msgs)
[34.327s] Level 1:colcon.colcon_core.environment:create_environment_scripts_only(swarm_msgs)
[34.327s] Level 1:colcon.colcon_core.environment:checking '/home/mh/Documents/ros2_drone_swarm/install/swarm_msgs' for CMake module files
[34.327s] Level 1:colcon.colcon_core.environment:checking '/home/mh/Documents/ros2_drone_swarm/install/swarm_msgs' for CMake config files
[34.328s] Level 1:colcon.colcon_core.shell:create_environment_hook('swarm_msgs', 'cmake_prefix_path')
[34.328s] INFO:colcon.colcon_core.shell:Creating environment hook '/home/mh/Documents/ros2_drone_swarm/install/swarm_msgs/share/swarm_msgs/hook/cmake_prefix_path.ps1'
[34.328s] INFO:colcon.colcon_core.shell:Creating environment descriptor '/home/mh/Documents/ros2_drone_swarm/install/swarm_msgs/share/swarm_msgs/hook/cmake_prefix_path.dsv'
[34.329s] INFO:colcon.colcon_core.shell:Creating environment hook '/home/mh/Documents/ros2_drone_swarm/install/swarm_msgs/share/swarm_msgs/hook/cmake_prefix_path.sh'
[34.329s] Level 1:colcon.colcon_core.environment:checking '/home/mh/Documents/ros2_drone_swarm/install/swarm_msgs/lib'
[34.329s] Level 1:colcon.colcon_core.shell:create_environment_hook('swarm_msgs', 'ld_library_path_lib')
[34.329s] INFO:colcon.colcon_core.shell:Creating environment hook '/home/mh/Documents/ros2_drone_swarm/install/swarm_msgs/share/swarm_msgs/hook/ld_library_path_lib.ps1'
[34.330s] INFO:colcon.colcon_core.shell:Creating environment descriptor '/home/mh/Documents/ros2_drone_swarm/install/swarm_msgs/share/swarm_msgs/hook/ld_library_path_lib.dsv'
[34.330s] INFO:colcon.colcon_core.shell:Creating environment hook '/home/mh/Documents/ros2_drone_swarm/install/swarm_msgs/share/swarm_msgs/hook/ld_library_path_lib.sh'
[34.330s] Level 1:colcon.colcon_core.environment:checking '/home/mh/Documents/ros2_drone_swarm/install/swarm_msgs/bin'
[34.330s] Level 1:colcon.colcon_core.environment:checking '/home/mh/Documents/ros2_drone_swarm/install/swarm_msgs/lib/pkgconfig/swarm_msgs.pc'
[34.331s] Level 1:colcon.colcon_core.environment:checking '/home/mh/Documents/ros2_drone_swarm/install/swarm_msgs/lib/python3.12/site-packages'
[34.331s] Level 1:colcon.colcon_core.shell:create_environment_hook('swarm_msgs', 'pythonpath')
[34.331s] INFO:colcon.colcon_core.shell:Creating environment hook '/home/mh/Documents/ros2_drone_swarm/install/swarm_msgs/share/swarm_msgs/hook/pythonpath.ps1'
[34.331s] INFO:colcon.colcon_core.shell:Creating environment descriptor '/home/mh/Documents/ros2_drone_swarm/install/swarm_msgs/share/swarm_msgs/hook/pythonpath.dsv'
[34.332s] INFO:colcon.colcon_core.shell:Creating environment hook '/home/mh/Documents/ros2_drone_swarm/install/swarm_msgs/share/swarm_msgs/hook/pythonpath.sh'
[34.332s] Level 1:colcon.colcon_core.environment:checking '/home/mh/Documents/ros2_drone_swarm/install/swarm_msgs/bin'
[34.332s] INFO:colcon.colcon_core.shell:Creating package script '/home/mh/Documents/ros2_drone_swarm/install/swarm_msgs/share/swarm_msgs/package.ps1'
[34.333s] INFO:colcon.colcon_core.shell:Creating package descriptor '/home/mh/Documents/ros2_drone_swarm/install/swarm_msgs/share/swarm_msgs/package.dsv'
[34.334s] INFO:colcon.colcon_core.shell:Creating package script '/home/mh/Documents/ros2_drone_swarm/install/swarm_msgs/share/swarm_msgs/package.sh'
[34.334s] INFO:colcon.colcon_core.shell:Creating package script '/home/mh/Documents/ros2_drone_swarm/install/swarm_msgs/share/swarm_msgs/package.bash'
[34.334s] INFO:colcon.colcon_core.shell:Creating package script '/home/mh/Documents/ros2_drone_swarm/install/swarm_msgs/share/swarm_msgs/package.zsh'
[34.335s] Level 1:colcon.colcon_core.environment:create_file_with_runtime_dependencies(/home/mh/Documents/ros2_drone_swarm/install/swarm_msgs/share/colcon-core/packages/swarm_msgs)
[34.335s] DEBUG:colcon.colcon_parallel_executor.executor.parallel:closing loop
[34.335s] DEBUG:colcon.colcon_parallel_executor.executor.parallel:loop closed
[34.335s] DEBUG:colcon.colcon_parallel_executor.executor.parallel:run_until_complete finished with '0'
[34.335s] DEBUG:colcon.colcon_core.event_reactor:joining thread
[34.340s] INFO:colcon.colcon_core.plugin_system:Skipping extension 'colcon_notification.desktop_notification.terminal_notifier': Not used on non-Darwin systems
[34.341s] INFO:colcon.colcon_core.plugin_system:Skipping extension 'colcon_notification.desktop_notification.win32': Not used on non-Windows systems
[34.341s] INFO:colcon.colcon_notification.desktop_notification:Sending desktop notification using 'notify2'
[34.352s] DEBUG:colcon.colcon_core.event_reactor:joined thread
[34.352s] INFO:colcon.colcon_core.shell:Creating prefix script '/home/mh/Documents/ros2_drone_swarm/install/local_setup.ps1'
[34.353s] INFO:colcon.colcon_core.shell:Creating prefix util module '/home/mh/Documents/ros2_drone_swarm/install/_local_setup_util_ps1.py'
[34.354s] INFO:colcon.colcon_core.shell:Creating prefix chain script '/home/mh/Documents/ros2_drone_swarm/install/setup.ps1'
[34.356s] INFO:colcon.colcon_core.shell:Creating prefix script '/home/mh/Documents/ros2_drone_swarm/install/local_setup.sh'
[34.357s] INFO:colcon.colcon_core.shell:Creating prefix util module '/home/mh/Documents/ros2_drone_swarm/install/_local_setup_util_sh.py'
[34.358s] INFO:colcon.colcon_core.shell:Creating prefix chain script '/home/mh/Documents/ros2_drone_swarm/install/setup.sh'
[34.359s] INFO:colcon.colcon_core.shell:Creating prefix script '/home/mh/Documents/ros2_drone_swarm/install/local_setup.bash'
[34.360s] INFO:colcon.colcon_core.shell:Creating prefix chain script '/home/mh/Documents/ros2_drone_swarm/install/setup.bash'
[34.361s] INFO:colcon.colcon_core.shell:Creating prefix script '/home/mh/Documents/ros2_drone_swarm/install/local_setup.zsh'
[34.362s] INFO:colcon.colcon_core.shell:Creating prefix chain script '/home/mh/Documents/ros2_drone_swarm/install/setup.zsh'
