-- The C compiler identification is GNU 13.3.0
-- The CXX compiler identification is GNU 13.3.0
-- Detecting C compiler ABI info
-- Detecting C compiler ABI info - done
-- Check for working C compiler: /usr/bin/cc - skipped
-- Detecting C compile features
-- Detecting C compile features - done
-- Detecting CXX compiler ABI info
-- Detecting CXX compiler ABI info - done
-- Check for working CXX compiler: /usr/bin/c++ - skipped
-- Detecting CXX compile features
-- Detecting CXX compile features - done
-- Found ament_cmake: 2.5.4 (/opt/ros/jazzy/share/ament_cmake/cmake)
-- Found Python3: /home/mh/rosenv/bin/python3 (found version "3.12.3") found components: Interpreter 
-- Override CMake install command with custom implementation using symlinks instead of copying resources
-- Found std_msgs: 5.3.6 (/opt/ros/jazzy/share/std_msgs/cmake)
-- Found rosidl_generator_c: 4.6.5 (/opt/ros/jazzy/share/rosidl_generator_c/cmake)
-- Found rosidl_generator_cpp: 4.6.5 (/opt/ros/jazzy/share/rosidl_generator_cpp/cmake)
-- Using all available rosidl_typesupport_c: rosidl_typesupport_fastrtps_c;rosidl_typesupport_introspection_c
-- Using all available rosidl_typesupport_cpp: rosidl_typesupport_fastrtps_cpp;rosidl_typesupport_introspection_cpp
-- Found geometry_msgs: 5.3.6 (/opt/ros/jazzy/share/geometry_msgs/cmake)
-- Found rosidl_default_generators: 1.6.0 (/opt/ros/jazzy/share/rosidl_default_generators/cmake)
-- Found rosidl_adapter: 4.6.5 (/opt/ros/jazzy/share/rosidl_adapter/cmake)
-- Found ament_cmake_ros: 0.12.0 (/opt/ros/jazzy/share/ament_cmake_ros/cmake)
-- Using all available rosidl_typesupport_c: rosidl_typesupport_fastrtps_c;rosidl_typesupport_introspection_c
-- Using all available rosidl_typesupport_cpp: rosidl_typesupport_fastrtps_cpp;rosidl_typesupport_introspection_cpp
-- Found python_cmake_module: 0.11.1 (/opt/ros/jazzy/share/python_cmake_module/cmake)
-- Found PythonExtra: /home/mh/rosenv/bin/python3  
-- Found Python3: /home/mh/rosenv/bin/python3 (found version "3.12.3") found components: Interpreter Development NumPy Development.Module Development.Embed 
-- Configuring done (3.2s)
-- Generating done (0.0s)
-- Build files have been written to: /home/mh/Documents/ros2_drone_swarm/build/swarm_msgs
[  1%] [34m[1mGenerating type hashes for ROS interfaces[0m
[  1%] Built target ament_cmake_python_symlink_swarm_msgs
running egg_info
creating swarm_msgs.egg-info
writing swarm_msgs.egg-info/PKG-INFO
writing dependency_links to swarm_msgs.egg-info/dependency_links.txt
writing top-level names to swarm_msgs.egg-info/top_level.txt
writing manifest file 'swarm_msgs.egg-info/SOURCES.txt'
[  1%] Built target swarm_msgs__rosidl_generator_type_description
[  2%] [34m[1mGenerating C code for ROS interfaces[0m
[  4%] [34m[1mGenerating C++ code for ROS interfaces[0m
reading manifest file 'swarm_msgs.egg-info/SOURCES.txt'
writing manifest file 'swarm_msgs.egg-info/SOURCES.txt'
[  4%] Built target ament_cmake_python_build_swarm_msgs_egg
[  4%] Built target swarm_msgs__cpp
[  8%] [32mBuilding C object CMakeFiles/swarm_msgs__rosidl_generator_c.dir/rosidl_generator_c/swarm_msgs/msg/detail/formation_command__description.c.o[0m
[  8%] [32mBuilding C object CMakeFiles/swarm_msgs__rosidl_generator_c.dir/rosidl_generator_c/swarm_msgs/msg/detail/drone_state__type_support.c.o[0m
[ 13%] [32mBuilding C object CMakeFiles/swarm_msgs__rosidl_generator_c.dir/rosidl_generator_c/swarm_msgs/srv/detail/change_formation__functions.c.o[0m
[  8%] [32mBuilding C object CMakeFiles/swarm_msgs__rosidl_generator_c.dir/rosidl_generator_c/swarm_msgs/msg/detail/drone_state__description.c.o[0m
[ 14%] [32mBuilding C object CMakeFiles/swarm_msgs__rosidl_generator_c.dir/rosidl_generator_c/swarm_msgs/srv/detail/change_formation__description.c.o[0m
[ 10%] [32mBuilding C object CMakeFiles/swarm_msgs__rosidl_generator_c.dir/rosidl_generator_c/swarm_msgs/msg/detail/formation_command__type_support.c.o[0m
[ 12%] [32mBuilding C object CMakeFiles/swarm_msgs__rosidl_generator_c.dir/rosidl_generator_c/swarm_msgs/msg/detail/formation_command__functions.c.o[0m
[ 17%] [32mBuilding C object CMakeFiles/swarm_msgs__rosidl_generator_c.dir/rosidl_generator_c/swarm_msgs/srv/detail/disarm_leader__description.c.o[0m
[ 17%] [32mBuilding C object CMakeFiles/swarm_msgs__rosidl_generator_c.dir/rosidl_generator_c/swarm_msgs/srv/detail/disarm_leader__functions.c.o[0m
[ 12%] [32mBuilding C object CMakeFiles/swarm_msgs__rosidl_generator_c.dir/rosidl_generator_c/swarm_msgs/srv/detail/change_formation__type_support.c.o[0m
[ 18%] [32mBuilding C object CMakeFiles/swarm_msgs__rosidl_generator_c.dir/rosidl_generator_c/swarm_msgs/msg/detail/drone_state__functions.c.o[0m
[ 20%] [32mBuilding C object CMakeFiles/swarm_msgs__rosidl_generator_c.dir/rosidl_generator_c/swarm_msgs/srv/detail/disarm_leader__type_support.c.o[0m
[ 21%] [32mBuilding C object CMakeFiles/swarm_msgs__rosidl_generator_c.dir/rosidl_generator_c/swarm_msgs/action/detail/execute_mission__description.c.o[0m
[ 22%] [32mBuilding C object CMakeFiles/swarm_msgs__rosidl_generator_c.dir/rosidl_generator_c/swarm_msgs/action/detail/execute_mission__functions.c.o[0m
[ 24%] [32mBuilding C object CMakeFiles/swarm_msgs__rosidl_generator_c.dir/rosidl_generator_c/swarm_msgs/action/detail/execute_mission__type_support.c.o[0m
[ 25%] [32m[1mLinking C shared library libswarm_msgs__rosidl_generator_c.so[0m
[ 25%] Built target swarm_msgs__rosidl_generator_c
[ 29%] [34m[1mGenerating C++ type support dispatch for ROS interfaces[0m
[ 32%] [34m[1mGenerating C introspection for ROS interfaces[0m
[ 29%] [34m[1mGenerating C type support for eProsima Fast-RTPS[0m
[ 32%] [34m[1mGenerating C++ type support for eProsima Fast-RTPS[0m
[ 32%] [34m[1mGenerating C type support dispatch for ROS interfaces[0m
[ 33%] [34m[1mGenerating C++ introspection for ROS interfaces[0m
[ 35%] [32mBuilding CXX object CMakeFiles/swarm_msgs__rosidl_typesupport_c.dir/rosidl_typesupport_c/swarm_msgs/msg/drone_state__type_support.cpp.o[0m
[ 39%] [32mBuilding CXX object CMakeFiles/swarm_msgs__rosidl_typesupport_c.dir/rosidl_typesupport_c/swarm_msgs/srv/change_formation__type_support.cpp.o[0m
[ 39%] [32mBuilding CXX object CMakeFiles/swarm_msgs__rosidl_typesupport_c.dir/rosidl_typesupport_c/swarm_msgs/srv/disarm_leader__type_support.cpp.o[0m
[ 39%] [32mBuilding CXX object CMakeFiles/swarm_msgs__rosidl_typesupport_c.dir/rosidl_typesupport_c/swarm_msgs/msg/formation_command__type_support.cpp.o[0m
[ 40%] [32mBuilding CXX object CMakeFiles/swarm_msgs__rosidl_typesupport_c.dir/rosidl_typesupport_c/swarm_msgs/action/execute_mission__type_support.cpp.o[0m
[ 43%] [32mBuilding CXX object CMakeFiles/swarm_msgs__rosidl_typesupport_cpp.dir/rosidl_typesupport_cpp/swarm_msgs/msg/formation_command__type_support.cpp.o[0m
[ 43%] [32mBuilding CXX object CMakeFiles/swarm_msgs__rosidl_typesupport_cpp.dir/rosidl_typesupport_cpp/swarm_msgs/msg/drone_state__type_support.cpp.o[0m
[ 44%] [32mBuilding CXX object CMakeFiles/swarm_msgs__rosidl_typesupport_cpp.dir/rosidl_typesupport_cpp/swarm_msgs/srv/change_formation__type_support.cpp.o[0m
[ 45%] [32mBuilding CXX object CMakeFiles/swarm_msgs__rosidl_typesupport_cpp.dir/rosidl_typesupport_cpp/swarm_msgs/srv/disarm_leader__type_support.cpp.o[0m
[ 47%] [32mBuilding CXX object CMakeFiles/swarm_msgs__rosidl_typesupport_cpp.dir/rosidl_typesupport_cpp/swarm_msgs/action/execute_mission__type_support.cpp.o[0m
[ 48%] [32m[1mLinking CXX shared library libswarm_msgs__rosidl_typesupport_c.so[0m
[ 48%] Built target swarm_msgs__rosidl_typesupport_c
[ 52%] [32mBuilding CXX object CMakeFiles/swarm_msgs__rosidl_typesupport_introspection_cpp.dir/rosidl_typesupport_introspection_cpp/swarm_msgs/msg/detail/drone_state__type_support.cpp.o[0m
[ 52%] [32mBuilding CXX object CMakeFiles/swarm_msgs__rosidl_typesupport_introspection_cpp.dir/rosidl_typesupport_introspection_cpp/swarm_msgs/srv/detail/change_formation__type_support.cpp.o[0m
[ 52%] [32mBuilding CXX object CMakeFiles/swarm_msgs__rosidl_typesupport_introspection_cpp.dir/rosidl_typesupport_introspection_cpp/swarm_msgs/msg/detail/formation_command__type_support.cpp.o[0m
[ 54%] [32mBuilding CXX object CMakeFiles/swarm_msgs__rosidl_typesupport_introspection_cpp.dir/rosidl_typesupport_introspection_cpp/swarm_msgs/srv/detail/disarm_leader__type_support.cpp.o[0m
[ 55%] [32mBuilding C object CMakeFiles/swarm_msgs__rosidl_typesupport_introspection_c.dir/rosidl_typesupport_introspection_c/swarm_msgs/msg/detail/drone_state__type_support.c.o[0m
[ 56%] [32mBuilding C object CMakeFiles/swarm_msgs__rosidl_typesupport_introspection_c.dir/rosidl_typesupport_introspection_c/swarm_msgs/msg/detail/formation_command__type_support.c.o[0m
[ 58%] [32mBuilding C object CMakeFiles/swarm_msgs__rosidl_typesupport_introspection_c.dir/rosidl_typesupport_introspection_c/swarm_msgs/srv/detail/change_formation__type_support.c.o[0m
[ 59%] [32mBuilding C object CMakeFiles/swarm_msgs__rosidl_typesupport_introspection_c.dir/rosidl_typesupport_introspection_c/swarm_msgs/srv/detail/disarm_leader__type_support.c.o[0m
[ 60%] [32mBuilding CXX object CMakeFiles/swarm_msgs__rosidl_typesupport_introspection_cpp.dir/rosidl_typesupport_introspection_cpp/swarm_msgs/action/detail/execute_mission__type_support.cpp.o[0m
[ 62%] [32mBuilding C object CMakeFiles/swarm_msgs__rosidl_typesupport_introspection_c.dir/rosidl_typesupport_introspection_c/swarm_msgs/action/detail/execute_mission__type_support.c.o[0m
[ 64%] [32mBuilding CXX object CMakeFiles/swarm_msgs__rosidl_typesupport_fastrtps_cpp.dir/rosidl_typesupport_fastrtps_cpp/swarm_msgs/msg/detail/dds_fastrtps/formation_command__type_support.cpp.o[0m
[ 64%] [32mBuilding CXX object CMakeFiles/swarm_msgs__rosidl_typesupport_fastrtps_cpp.dir/rosidl_typesupport_fastrtps_cpp/swarm_msgs/msg/detail/dds_fastrtps/drone_state__type_support.cpp.o[0m
[ 66%] [32mBuilding CXX object CMakeFiles/swarm_msgs__rosidl_typesupport_fastrtps_cpp.dir/rosidl_typesupport_fastrtps_cpp/swarm_msgs/srv/detail/dds_fastrtps/disarm_leader__type_support.cpp.o[0m
[ 67%] [32mBuilding CXX object CMakeFiles/swarm_msgs__rosidl_typesupport_fastrtps_cpp.dir/rosidl_typesupport_fastrtps_cpp/swarm_msgs/srv/detail/dds_fastrtps/change_formation__type_support.cpp.o[0m
[ 68%] [32mBuilding CXX object CMakeFiles/swarm_msgs__rosidl_typesupport_fastrtps_cpp.dir/rosidl_typesupport_fastrtps_cpp/swarm_msgs/action/detail/dds_fastrtps/execute_mission__type_support.cpp.o[0m
[ 70%] [32m[1mLinking C shared library libswarm_msgs__rosidl_typesupport_introspection_c.so[0m
[ 70%] Built target swarm_msgs__rosidl_typesupport_introspection_c
[ 72%] [32mBuilding CXX object CMakeFiles/swarm_msgs__rosidl_typesupport_fastrtps_c.dir/rosidl_typesupport_fastrtps_c/swarm_msgs/msg/detail/drone_state__type_support_c.cpp.o[0m
[ 72%] [32mBuilding CXX object CMakeFiles/swarm_msgs__rosidl_typesupport_fastrtps_c.dir/rosidl_typesupport_fastrtps_c/swarm_msgs/msg/detail/formation_command__type_support_c.cpp.o[0m
[ 74%] [32mBuilding CXX object CMakeFiles/swarm_msgs__rosidl_typesupport_fastrtps_c.dir/rosidl_typesupport_fastrtps_c/swarm_msgs/srv/detail/change_formation__type_support_c.cpp.o[0m
[ 75%] [32mBuilding CXX object CMakeFiles/swarm_msgs__rosidl_typesupport_fastrtps_c.dir/rosidl_typesupport_fastrtps_c/swarm_msgs/srv/detail/disarm_leader__type_support_c.cpp.o[0m
[ 77%] [32mBuilding CXX object CMakeFiles/swarm_msgs__rosidl_typesupport_fastrtps_c.dir/rosidl_typesupport_fastrtps_c/swarm_msgs/action/detail/execute_mission__type_support_c.cpp.o[0m
[ 78%] [32m[1mLinking CXX shared library libswarm_msgs__rosidl_typesupport_cpp.so[0m
[ 78%] Built target swarm_msgs__rosidl_typesupport_cpp
[ 79%] [32m[1mLinking CXX shared library libswarm_msgs__rosidl_typesupport_introspection_cpp.so[0m
[ 79%] Built target swarm_msgs__rosidl_typesupport_introspection_cpp
[ 81%] [32m[1mLinking CXX shared library libswarm_msgs__rosidl_typesupport_fastrtps_c.so[0m
[ 81%] Built target swarm_msgs__rosidl_typesupport_fastrtps_c
[ 82%] [32m[1mLinking CXX shared library libswarm_msgs__rosidl_typesupport_fastrtps_cpp.so[0m
[ 82%] Built target swarm_msgs__rosidl_typesupport_fastrtps_cpp
[ 82%] Built target swarm_msgs
[ 83%] [34m[1mGenerating Python code for ROS interfaces[0m
[ 83%] Built target swarm_msgs__py
[ 87%] [32mBuilding C object CMakeFiles/swarm_msgs__rosidl_generator_py.dir/rosidl_generator_py/swarm_msgs/srv/_change_formation_s.c.o[0m
[ 87%] [32mBuilding C object CMakeFiles/swarm_msgs__rosidl_generator_py.dir/rosidl_generator_py/swarm_msgs/msg/_formation_command_s.c.o[0m
[ 87%] [32mBuilding C object CMakeFiles/swarm_msgs__rosidl_generator_py.dir/rosidl_generator_py/swarm_msgs/msg/_drone_state_s.c.o[0m
[ 89%] [32mBuilding C object CMakeFiles/swarm_msgs__rosidl_generator_py.dir/rosidl_generator_py/swarm_msgs/action/_execute_mission_s.c.o[0m
[ 90%] [32mBuilding C object CMakeFiles/swarm_msgs__rosidl_generator_py.dir/rosidl_generator_py/swarm_msgs/srv/_disarm_leader_s.c.o[0m
[ 91%] [32m[1mLinking C shared library libswarm_msgs__rosidl_generator_py.so[0m
[ 91%] Built target swarm_msgs__rosidl_generator_py
[ 95%] [32mBuilding C object CMakeFiles/swarm_msgs_s__rosidl_typesupport_c.dir/rosidl_generator_py/swarm_msgs/_swarm_msgs_s.ep.rosidl_typesupport_c.c.o[0m
[ 95%] [32mBuilding C object CMakeFiles/swarm_msgs_s__rosidl_typesupport_introspection_c.dir/rosidl_generator_py/swarm_msgs/_swarm_msgs_s.ep.rosidl_typesupport_introspection_c.c.o[0m
[ 95%] [32mBuilding C object CMakeFiles/swarm_msgs_s__rosidl_typesupport_fastrtps_c.dir/rosidl_generator_py/swarm_msgs/_swarm_msgs_s.ep.rosidl_typesupport_fastrtps_c.c.o[0m
[ 97%] [32m[1mLinking C shared module rosidl_generator_py/swarm_msgs/swarm_msgs_s__rosidl_typesupport_c.so[0m
[ 98%] [32m[1mLinking C shared module rosidl_generator_py/swarm_msgs/swarm_msgs_s__rosidl_typesupport_introspection_c.so[0m
[100%] [32m[1mLinking C shared module rosidl_generator_py/swarm_msgs/swarm_msgs_s__rosidl_typesupport_fastrtps_c.so[0m
[100%] Built target swarm_msgs_s__rosidl_typesupport_c
[100%] Built target swarm_msgs_s__rosidl_typesupport_fastrtps_c
[100%] Built target swarm_msgs_s__rosidl_typesupport_introspection_c
-- Install configuration: "Release"
-- Execute custom install script
-- Symlinking: /home/mh/Documents/ros2_drone_swarm/install/swarm_msgs/share/ament_index/resource_index/rosidl_interfaces/swarm_msgs
-- Symlinking: /home/mh/Documents/ros2_drone_swarm/install/swarm_msgs/share/swarm_msgs/msg/DroneState.json
-- Symlinking: /home/mh/Documents/ros2_drone_swarm/install/swarm_msgs/share/swarm_msgs/msg/FormationCommand.json
-- Symlinking: /home/mh/Documents/ros2_drone_swarm/install/swarm_msgs/share/swarm_msgs/srv/ChangeFormation.json
-- Symlinking: /home/mh/Documents/ros2_drone_swarm/install/swarm_msgs/share/swarm_msgs/srv/DisarmLeader.json
-- Symlinking: /home/mh/Documents/ros2_drone_swarm/install/swarm_msgs/share/swarm_msgs/action/ExecuteMission.json
-- Symlinking: /home/mh/Documents/ros2_drone_swarm/install/swarm_msgs/include/swarm_msgs/swarm_msgs/action/detail/execute_mission__functions.h
-- Symlinking: /home/mh/Documents/ros2_drone_swarm/install/swarm_msgs/include/swarm_msgs/swarm_msgs/action/detail/execute_mission__struct.h
-- Symlinking: /home/mh/Documents/ros2_drone_swarm/install/swarm_msgs/include/swarm_msgs/swarm_msgs/action/detail/execute_mission__type_support.h
-- Symlinking: /home/mh/Documents/ros2_drone_swarm/install/swarm_msgs/include/swarm_msgs/swarm_msgs/action/execute_mission.h
-- Symlinking: /home/mh/Documents/ros2_drone_swarm/install/swarm_msgs/include/swarm_msgs/swarm_msgs/msg/detail/drone_state__functions.h
-- Symlinking: /home/mh/Documents/ros2_drone_swarm/install/swarm_msgs/include/swarm_msgs/swarm_msgs/msg/detail/drone_state__struct.h
-- Symlinking: /home/mh/Documents/ros2_drone_swarm/install/swarm_msgs/include/swarm_msgs/swarm_msgs/msg/detail/drone_state__type_support.h
-- Symlinking: /home/mh/Documents/ros2_drone_swarm/install/swarm_msgs/include/swarm_msgs/swarm_msgs/msg/detail/formation_command__functions.h
-- Symlinking: /home/mh/Documents/ros2_drone_swarm/install/swarm_msgs/include/swarm_msgs/swarm_msgs/msg/detail/formation_command__struct.h
-- Symlinking: /home/mh/Documents/ros2_drone_swarm/install/swarm_msgs/include/swarm_msgs/swarm_msgs/msg/detail/formation_command__type_support.h
-- Symlinking: /home/mh/Documents/ros2_drone_swarm/install/swarm_msgs/include/swarm_msgs/swarm_msgs/msg/drone_state.h
-- Symlinking: /home/mh/Documents/ros2_drone_swarm/install/swarm_msgs/include/swarm_msgs/swarm_msgs/msg/formation_command.h
-- Symlinking: /home/mh/Documents/ros2_drone_swarm/install/swarm_msgs/include/swarm_msgs/swarm_msgs/msg/rosidl_generator_c__visibility_control.h
-- Symlinking: /home/mh/Documents/ros2_drone_swarm/install/swarm_msgs/include/swarm_msgs/swarm_msgs/srv/change_formation.h
-- Symlinking: /home/mh/Documents/ros2_drone_swarm/install/swarm_msgs/include/swarm_msgs/swarm_msgs/srv/detail/change_formation__functions.h
-- Symlinking: /home/mh/Documents/ros2_drone_swarm/install/swarm_msgs/include/swarm_msgs/swarm_msgs/srv/detail/change_formation__struct.h
-- Symlinking: /home/mh/Documents/ros2_drone_swarm/install/swarm_msgs/include/swarm_msgs/swarm_msgs/srv/detail/change_formation__type_support.h
-- Symlinking: /home/mh/Documents/ros2_drone_swarm/install/swarm_msgs/include/swarm_msgs/swarm_msgs/srv/detail/disarm_leader__functions.h
-- Symlinking: /home/mh/Documents/ros2_drone_swarm/install/swarm_msgs/include/swarm_msgs/swarm_msgs/srv/detail/disarm_leader__struct.h
-- Symlinking: /home/mh/Documents/ros2_drone_swarm/install/swarm_msgs/include/swarm_msgs/swarm_msgs/srv/detail/disarm_leader__type_support.h
-- Symlinking: /home/mh/Documents/ros2_drone_swarm/install/swarm_msgs/include/swarm_msgs/swarm_msgs/srv/disarm_leader.h
-- Symlinking: /home/mh/Documents/ros2_drone_swarm/install/swarm_msgs/share/swarm_msgs/environment/library_path.sh
-- Symlinking: /home/mh/Documents/ros2_drone_swarm/install/swarm_msgs/share/swarm_msgs/environment/library_path.dsv
-- Symlinking: /home/mh/Documents/ros2_drone_swarm/install/swarm_msgs/include/swarm_msgs/swarm_msgs/action/detail/execute_mission__rosidl_typesupport_fastrtps_c.h
-- Symlinking: /home/mh/Documents/ros2_drone_swarm/install/swarm_msgs/include/swarm_msgs/swarm_msgs/msg/detail/drone_state__rosidl_typesupport_fastrtps_c.h
-- Symlinking: /home/mh/Documents/ros2_drone_swarm/install/swarm_msgs/include/swarm_msgs/swarm_msgs/msg/detail/formation_command__rosidl_typesupport_fastrtps_c.h
-- Symlinking: /home/mh/Documents/ros2_drone_swarm/install/swarm_msgs/include/swarm_msgs/swarm_msgs/msg/rosidl_typesupport_fastrtps_c__visibility_control.h
-- Symlinking: /home/mh/Documents/ros2_drone_swarm/install/swarm_msgs/include/swarm_msgs/swarm_msgs/srv/detail/change_formation__rosidl_typesupport_fastrtps_c.h
-- Symlinking: /home/mh/Documents/ros2_drone_swarm/install/swarm_msgs/include/swarm_msgs/swarm_msgs/srv/detail/disarm_leader__rosidl_typesupport_fastrtps_c.h
-- Symlinking: /home/mh/Documents/ros2_drone_swarm/install/swarm_msgs/include/swarm_msgs/swarm_msgs/action/detail/execute_mission__builder.hpp
-- Symlinking: /home/mh/Documents/ros2_drone_swarm/install/swarm_msgs/include/swarm_msgs/swarm_msgs/action/detail/execute_mission__struct.hpp
-- Symlinking: /home/mh/Documents/ros2_drone_swarm/install/swarm_msgs/include/swarm_msgs/swarm_msgs/action/detail/execute_mission__traits.hpp
-- Symlinking: /home/mh/Documents/ros2_drone_swarm/install/swarm_msgs/include/swarm_msgs/swarm_msgs/action/detail/execute_mission__type_support.hpp
-- Symlinking: /home/mh/Documents/ros2_drone_swarm/install/swarm_msgs/include/swarm_msgs/swarm_msgs/action/execute_mission.hpp
-- Symlinking: /home/mh/Documents/ros2_drone_swarm/install/swarm_msgs/include/swarm_msgs/swarm_msgs/msg/detail/drone_state__builder.hpp
-- Symlinking: /home/mh/Documents/ros2_drone_swarm/install/swarm_msgs/include/swarm_msgs/swarm_msgs/msg/detail/drone_state__struct.hpp
-- Symlinking: /home/mh/Documents/ros2_drone_swarm/install/swarm_msgs/include/swarm_msgs/swarm_msgs/msg/detail/drone_state__traits.hpp
-- Symlinking: /home/mh/Documents/ros2_drone_swarm/install/swarm_msgs/include/swarm_msgs/swarm_msgs/msg/detail/drone_state__type_support.hpp
-- Symlinking: /home/mh/Documents/ros2_drone_swarm/install/swarm_msgs/include/swarm_msgs/swarm_msgs/msg/detail/formation_command__builder.hpp
-- Symlinking: /home/mh/Documents/ros2_drone_swarm/install/swarm_msgs/include/swarm_msgs/swarm_msgs/msg/detail/formation_command__struct.hpp
-- Symlinking: /home/mh/Documents/ros2_drone_swarm/install/swarm_msgs/include/swarm_msgs/swarm_msgs/msg/detail/formation_command__traits.hpp
-- Symlinking: /home/mh/Documents/ros2_drone_swarm/install/swarm_msgs/include/swarm_msgs/swarm_msgs/msg/detail/formation_command__type_support.hpp
-- Symlinking: /home/mh/Documents/ros2_drone_swarm/install/swarm_msgs/include/swarm_msgs/swarm_msgs/msg/drone_state.hpp
-- Symlinking: /home/mh/Documents/ros2_drone_swarm/install/swarm_msgs/include/swarm_msgs/swarm_msgs/msg/formation_command.hpp
-- Symlinking: /home/mh/Documents/ros2_drone_swarm/install/swarm_msgs/include/swarm_msgs/swarm_msgs/msg/rosidl_generator_cpp__visibility_control.hpp
-- Symlinking: /home/mh/Documents/ros2_drone_swarm/install/swarm_msgs/include/swarm_msgs/swarm_msgs/srv/change_formation.hpp
-- Symlinking: /home/mh/Documents/ros2_drone_swarm/install/swarm_msgs/include/swarm_msgs/swarm_msgs/srv/detail/change_formation__builder.hpp
-- Symlinking: /home/mh/Documents/ros2_drone_swarm/install/swarm_msgs/include/swarm_msgs/swarm_msgs/srv/detail/change_formation__struct.hpp
-- Symlinking: /home/mh/Documents/ros2_drone_swarm/install/swarm_msgs/include/swarm_msgs/swarm_msgs/srv/detail/change_formation__traits.hpp
-- Symlinking: /home/mh/Documents/ros2_drone_swarm/install/swarm_msgs/include/swarm_msgs/swarm_msgs/srv/detail/change_formation__type_support.hpp
-- Symlinking: /home/mh/Documents/ros2_drone_swarm/install/swarm_msgs/include/swarm_msgs/swarm_msgs/srv/detail/disarm_leader__builder.hpp
-- Symlinking: /home/mh/Documents/ros2_drone_swarm/install/swarm_msgs/include/swarm_msgs/swarm_msgs/srv/detail/disarm_leader__struct.hpp
-- Symlinking: /home/mh/Documents/ros2_drone_swarm/install/swarm_msgs/include/swarm_msgs/swarm_msgs/srv/detail/disarm_leader__traits.hpp
-- Symlinking: /home/mh/Documents/ros2_drone_swarm/install/swarm_msgs/include/swarm_msgs/swarm_msgs/srv/detail/disarm_leader__type_support.hpp
-- Symlinking: /home/mh/Documents/ros2_drone_swarm/install/swarm_msgs/include/swarm_msgs/swarm_msgs/srv/disarm_leader.hpp
-- Symlinking: /home/mh/Documents/ros2_drone_swarm/install/swarm_msgs/include/swarm_msgs/swarm_msgs/action/detail/execute_mission__rosidl_typesupport_fastrtps_cpp.hpp
-- Symlinking: /home/mh/Documents/ros2_drone_swarm/install/swarm_msgs/include/swarm_msgs/swarm_msgs/msg/detail/drone_state__rosidl_typesupport_fastrtps_cpp.hpp
-- Symlinking: /home/mh/Documents/ros2_drone_swarm/install/swarm_msgs/include/swarm_msgs/swarm_msgs/msg/detail/formation_command__rosidl_typesupport_fastrtps_cpp.hpp
-- Symlinking: /home/mh/Documents/ros2_drone_swarm/install/swarm_msgs/include/swarm_msgs/swarm_msgs/msg/rosidl_typesupport_fastrtps_cpp__visibility_control.h
-- Symlinking: /home/mh/Documents/ros2_drone_swarm/install/swarm_msgs/include/swarm_msgs/swarm_msgs/srv/detail/change_formation__rosidl_typesupport_fastrtps_cpp.hpp
-- Symlinking: /home/mh/Documents/ros2_drone_swarm/install/swarm_msgs/include/swarm_msgs/swarm_msgs/srv/detail/disarm_leader__rosidl_typesupport_fastrtps_cpp.hpp
-- Symlinking: /home/mh/Documents/ros2_drone_swarm/install/swarm_msgs/include/swarm_msgs/swarm_msgs/action/detail/execute_mission__rosidl_typesupport_introspection_c.h
-- Symlinking: /home/mh/Documents/ros2_drone_swarm/install/swarm_msgs/include/swarm_msgs/swarm_msgs/msg/detail/drone_state__rosidl_typesupport_introspection_c.h
-- Symlinking: /home/mh/Documents/ros2_drone_swarm/install/swarm_msgs/include/swarm_msgs/swarm_msgs/msg/detail/formation_command__rosidl_typesupport_introspection_c.h
-- Symlinking: /home/mh/Documents/ros2_drone_swarm/install/swarm_msgs/include/swarm_msgs/swarm_msgs/msg/rosidl_typesupport_introspection_c__visibility_control.h
-- Symlinking: /home/mh/Documents/ros2_drone_swarm/install/swarm_msgs/include/swarm_msgs/swarm_msgs/srv/detail/change_formation__rosidl_typesupport_introspection_c.h
-- Symlinking: /home/mh/Documents/ros2_drone_swarm/install/swarm_msgs/include/swarm_msgs/swarm_msgs/srv/detail/disarm_leader__rosidl_typesupport_introspection_c.h
-- Symlinking: /home/mh/Documents/ros2_drone_swarm/install/swarm_msgs/include/swarm_msgs/swarm_msgs/action/detail/execute_mission__rosidl_typesupport_introspection_cpp.hpp
-- Symlinking: /home/mh/Documents/ros2_drone_swarm/install/swarm_msgs/include/swarm_msgs/swarm_msgs/msg/detail/drone_state__rosidl_typesupport_introspection_cpp.hpp
-- Symlinking: /home/mh/Documents/ros2_drone_swarm/install/swarm_msgs/include/swarm_msgs/swarm_msgs/msg/detail/formation_command__rosidl_typesupport_introspection_cpp.hpp
-- Symlinking: /home/mh/Documents/ros2_drone_swarm/install/swarm_msgs/include/swarm_msgs/swarm_msgs/srv/detail/change_formation__rosidl_typesupport_introspection_cpp.hpp
-- Symlinking: /home/mh/Documents/ros2_drone_swarm/install/swarm_msgs/include/swarm_msgs/swarm_msgs/srv/detail/disarm_leader__rosidl_typesupport_introspection_cpp.hpp
-- Symlinking: /home/mh/Documents/ros2_drone_swarm/install/swarm_msgs/share/swarm_msgs/environment/pythonpath.sh
-- Symlinking: /home/mh/Documents/ros2_drone_swarm/install/swarm_msgs/share/swarm_msgs/environment/pythonpath.dsv
-- Symlinking: /home/mh/Documents/ros2_drone_swarm/install/swarm_msgs/lib/python3.12/site-packages/swarm_msgs-1.0.0-py3.12.egg-info/PKG-INFO
-- Symlinking: /home/mh/Documents/ros2_drone_swarm/install/swarm_msgs/lib/python3.12/site-packages/swarm_msgs-1.0.0-py3.12.egg-info/SOURCES.txt
-- Symlinking: /home/mh/Documents/ros2_drone_swarm/install/swarm_msgs/lib/python3.12/site-packages/swarm_msgs-1.0.0-py3.12.egg-info/dependency_links.txt
-- Symlinking: /home/mh/Documents/ros2_drone_swarm/install/swarm_msgs/lib/python3.12/site-packages/swarm_msgs-1.0.0-py3.12.egg-info/top_level.txt
-- Symlinking: /home/mh/Documents/ros2_drone_swarm/install/swarm_msgs/lib/python3.12/site-packages/swarm_msgs/__init__.py
-- Symlinking: /home/mh/Documents/ros2_drone_swarm/install/swarm_msgs/lib/python3.12/site-packages/swarm_msgs/_swarm_msgs_s.ep.rosidl_typesupport_c.c
-- Symlinking: /home/mh/Documents/ros2_drone_swarm/install/swarm_msgs/lib/python3.12/site-packages/swarm_msgs/_swarm_msgs_s.ep.rosidl_typesupport_fastrtps_c.c
-- Symlinking: /home/mh/Documents/ros2_drone_swarm/install/swarm_msgs/lib/python3.12/site-packages/swarm_msgs/_swarm_msgs_s.ep.rosidl_typesupport_introspection_c.c
-- Symlinking: /home/mh/Documents/ros2_drone_swarm/install/swarm_msgs/lib/python3.12/site-packages/swarm_msgs/action/__init__.py
-- Symlinking: /home/mh/Documents/ros2_drone_swarm/install/swarm_msgs/lib/python3.12/site-packages/swarm_msgs/action/_execute_mission.py
-- Symlinking: /home/mh/Documents/ros2_drone_swarm/install/swarm_msgs/lib/python3.12/site-packages/swarm_msgs/action/_execute_mission_s.c
-- Symlinking: /home/mh/Documents/ros2_drone_swarm/install/swarm_msgs/lib/python3.12/site-packages/swarm_msgs/msg/__init__.py
-- Symlinking: /home/mh/Documents/ros2_drone_swarm/install/swarm_msgs/lib/python3.12/site-packages/swarm_msgs/msg/_drone_state.py
-- Symlinking: /home/mh/Documents/ros2_drone_swarm/install/swarm_msgs/lib/python3.12/site-packages/swarm_msgs/msg/_drone_state_s.c
-- Symlinking: /home/mh/Documents/ros2_drone_swarm/install/swarm_msgs/lib/python3.12/site-packages/swarm_msgs/msg/_formation_command.py
-- Symlinking: /home/mh/Documents/ros2_drone_swarm/install/swarm_msgs/lib/python3.12/site-packages/swarm_msgs/msg/_formation_command_s.c
-- Symlinking: /home/mh/Documents/ros2_drone_swarm/install/swarm_msgs/lib/python3.12/site-packages/swarm_msgs/srv/__init__.py
-- Symlinking: /home/mh/Documents/ros2_drone_swarm/install/swarm_msgs/lib/python3.12/site-packages/swarm_msgs/srv/_change_formation.py
-- Symlinking: /home/mh/Documents/ros2_drone_swarm/install/swarm_msgs/lib/python3.12/site-packages/swarm_msgs/srv/_change_formation_s.c
-- Symlinking: /home/mh/Documents/ros2_drone_swarm/install/swarm_msgs/lib/python3.12/site-packages/swarm_msgs/srv/_disarm_leader.py
-- Symlinking: /home/mh/Documents/ros2_drone_swarm/install/swarm_msgs/lib/python3.12/site-packages/swarm_msgs/srv/_disarm_leader_s.c
-- Symlinking: /home/mh/Documents/ros2_drone_swarm/install/swarm_msgs/lib/python3.12/site-packages/swarm_msgs/swarm_msgs_s__rosidl_typesupport_c.so
-- Symlinking: /home/mh/Documents/ros2_drone_swarm/install/swarm_msgs/lib/python3.12/site-packages/swarm_msgs/swarm_msgs_s__rosidl_typesupport_fastrtps_c.so
-- Symlinking: /home/mh/Documents/ros2_drone_swarm/install/swarm_msgs/lib/python3.12/site-packages/swarm_msgs/swarm_msgs_s__rosidl_typesupport_introspection_c.so
-- Up-to-date symlink: /home/mh/Documents/ros2_drone_swarm/install/swarm_msgs/lib/python3.12/site-packages/swarm_msgs/swarm_msgs_s__rosidl_typesupport_fastrtps_c.so
-- Up-to-date symlink: /home/mh/Documents/ros2_drone_swarm/install/swarm_msgs/lib/python3.12/site-packages/swarm_msgs/swarm_msgs_s__rosidl_typesupport_introspection_c.so
-- Up-to-date symlink: /home/mh/Documents/ros2_drone_swarm/install/swarm_msgs/lib/python3.12/site-packages/swarm_msgs/swarm_msgs_s__rosidl_typesupport_c.so
-- Symlinking: /home/mh/Documents/ros2_drone_swarm/install/swarm_msgs/share/swarm_msgs/msg/DroneState.idl
-- Symlinking: /home/mh/Documents/ros2_drone_swarm/install/swarm_msgs/share/swarm_msgs/msg/FormationCommand.idl
-- Symlinking: /home/mh/Documents/ros2_drone_swarm/install/swarm_msgs/share/swarm_msgs/srv/ChangeFormation.idl
-- Symlinking: /home/mh/Documents/ros2_drone_swarm/install/swarm_msgs/share/swarm_msgs/srv/DisarmLeader.idl
-- Symlinking: /home/mh/Documents/ros2_drone_swarm/install/swarm_msgs/share/swarm_msgs/action/ExecuteMission.idl
-- Symlinking: /home/mh/Documents/ros2_drone_swarm/install/swarm_msgs/share/swarm_msgs/msg/DroneState.msg
-- Symlinking: /home/mh/Documents/ros2_drone_swarm/install/swarm_msgs/share/swarm_msgs/msg/FormationCommand.msg
-- Symlinking: /home/mh/Documents/ros2_drone_swarm/install/swarm_msgs/share/swarm_msgs/srv/ChangeFormation.srv
-- Symlinking: /home/mh/Documents/ros2_drone_swarm/install/swarm_msgs/share/swarm_msgs/srv/DisarmLeader.srv
-- Symlinking: /home/mh/Documents/ros2_drone_swarm/install/swarm_msgs/share/swarm_msgs/action/ExecuteMission.action
-- Symlinking: /home/mh/Documents/ros2_drone_swarm/install/swarm_msgs/share/ament_index/resource_index/package_run_dependencies/swarm_msgs
-- Symlinking: /home/mh/Documents/ros2_drone_swarm/install/swarm_msgs/share/ament_index/resource_index/parent_prefix_path/swarm_msgs
-- Symlinking: /home/mh/Documents/ros2_drone_swarm/install/swarm_msgs/share/swarm_msgs/environment/ament_prefix_path.sh
-- Symlinking: /home/mh/Documents/ros2_drone_swarm/install/swarm_msgs/share/swarm_msgs/environment/ament_prefix_path.dsv
-- Symlinking: /home/mh/Documents/ros2_drone_swarm/install/swarm_msgs/share/swarm_msgs/environment/path.sh
-- Symlinking: /home/mh/Documents/ros2_drone_swarm/install/swarm_msgs/share/swarm_msgs/environment/path.dsv
-- Symlinking: /home/mh/Documents/ros2_drone_swarm/install/swarm_msgs/share/swarm_msgs/local_setup.bash
-- Symlinking: /home/mh/Documents/ros2_drone_swarm/install/swarm_msgs/share/swarm_msgs/local_setup.sh
-- Symlinking: /home/mh/Documents/ros2_drone_swarm/install/swarm_msgs/share/swarm_msgs/local_setup.zsh
-- Symlinking: /home/mh/Documents/ros2_drone_swarm/install/swarm_msgs/share/swarm_msgs/local_setup.dsv
-- Symlinking: /home/mh/Documents/ros2_drone_swarm/install/swarm_msgs/share/swarm_msgs/package.dsv
-- Symlinking: /home/mh/Documents/ros2_drone_swarm/install/swarm_msgs/share/ament_index/resource_index/packages/swarm_msgs
-- Symlinking: /home/mh/Documents/ros2_drone_swarm/install/swarm_msgs/share/swarm_msgs/cmake/rosidl_cmake-extras.cmake
-- Symlinking: /home/mh/Documents/ros2_drone_swarm/install/swarm_msgs/share/swarm_msgs/cmake/ament_cmake_export_dependencies-extras.cmake
-- Symlinking: /home/mh/Documents/ros2_drone_swarm/install/swarm_msgs/share/swarm_msgs/cmake/ament_cmake_export_include_directories-extras.cmake
-- Symlinking: /home/mh/Documents/ros2_drone_swarm/install/swarm_msgs/share/swarm_msgs/cmake/ament_cmake_export_libraries-extras.cmake
-- Symlinking: /home/mh/Documents/ros2_drone_swarm/install/swarm_msgs/share/swarm_msgs/cmake/ament_cmake_export_targets-extras.cmake
-- Symlinking: /home/mh/Documents/ros2_drone_swarm/install/swarm_msgs/share/swarm_msgs/cmake/rosidl_cmake_export_typesupport_targets-extras.cmake
-- Symlinking: /home/mh/Documents/ros2_drone_swarm/install/swarm_msgs/share/swarm_msgs/cmake/rosidl_cmake_export_typesupport_libraries-extras.cmake
-- Symlinking: /home/mh/Documents/ros2_drone_swarm/install/swarm_msgs/share/swarm_msgs/cmake/swarm_msgsConfig.cmake
-- Symlinking: /home/mh/Documents/ros2_drone_swarm/install/swarm_msgs/share/swarm_msgs/cmake/swarm_msgsConfig-version.cmake
-- Symlinking: /home/mh/Documents/ros2_drone_swarm/install/swarm_msgs/share/swarm_msgs/package.xml
-- Installing: /home/mh/Documents/ros2_drone_swarm/install/swarm_msgs/lib/libswarm_msgs__rosidl_generator_c.so
-- Set non-toolchain portion of runtime path of "/home/mh/Documents/ros2_drone_swarm/install/swarm_msgs/lib/libswarm_msgs__rosidl_generator_c.so" to ""
-- Installing: /home/mh/Documents/ros2_drone_swarm/install/swarm_msgs/lib/libswarm_msgs__rosidl_typesupport_fastrtps_c.so
-- Set non-toolchain portion of runtime path of "/home/mh/Documents/ros2_drone_swarm/install/swarm_msgs/lib/libswarm_msgs__rosidl_typesupport_fastrtps_c.so" to ""
-- Installing: /home/mh/Documents/ros2_drone_swarm/install/swarm_msgs/lib/libswarm_msgs__rosidl_typesupport_fastrtps_cpp.so
-- Set non-toolchain portion of runtime path of "/home/mh/Documents/ros2_drone_swarm/install/swarm_msgs/lib/libswarm_msgs__rosidl_typesupport_fastrtps_cpp.so" to ""
-- Installing: /home/mh/Documents/ros2_drone_swarm/install/swarm_msgs/lib/libswarm_msgs__rosidl_typesupport_introspection_c.so
-- Set non-toolchain portion of runtime path of "/home/mh/Documents/ros2_drone_swarm/install/swarm_msgs/lib/libswarm_msgs__rosidl_typesupport_introspection_c.so" to ""
-- Installing: /home/mh/Documents/ros2_drone_swarm/install/swarm_msgs/lib/libswarm_msgs__rosidl_typesupport_c.so
-- Set non-toolchain portion of runtime path of "/home/mh/Documents/ros2_drone_swarm/install/swarm_msgs/lib/libswarm_msgs__rosidl_typesupport_c.so" to ""
-- Installing: /home/mh/Documents/ros2_drone_swarm/install/swarm_msgs/lib/libswarm_msgs__rosidl_typesupport_introspection_cpp.so
-- Set non-toolchain portion of runtime path of "/home/mh/Documents/ros2_drone_swarm/install/swarm_msgs/lib/libswarm_msgs__rosidl_typesupport_introspection_cpp.so" to ""
-- Installing: /home/mh/Documents/ros2_drone_swarm/install/swarm_msgs/lib/libswarm_msgs__rosidl_typesupport_cpp.so
-- Set non-toolchain portion of runtime path of "/home/mh/Documents/ros2_drone_swarm/install/swarm_msgs/lib/libswarm_msgs__rosidl_typesupport_cpp.so" to ""
Listing '/home/mh/Documents/ros2_drone_swarm/install/swarm_msgs/lib/python3.12/site-packages/swarm_msgs'...
Compiling '/home/mh/Documents/ros2_drone_swarm/install/swarm_msgs/lib/python3.12/site-packages/swarm_msgs/__init__.py'...
Listing '/home/mh/Documents/ros2_drone_swarm/install/swarm_msgs/lib/python3.12/site-packages/swarm_msgs/action'...
Compiling '/home/mh/Documents/ros2_drone_swarm/install/swarm_msgs/lib/python3.12/site-packages/swarm_msgs/action/__init__.py'...
Compiling '/home/mh/Documents/ros2_drone_swarm/install/swarm_msgs/lib/python3.12/site-packages/swarm_msgs/action/_execute_mission.py'...
Listing '/home/mh/Documents/ros2_drone_swarm/install/swarm_msgs/lib/python3.12/site-packages/swarm_msgs/msg'...
Compiling '/home/mh/Documents/ros2_drone_swarm/install/swarm_msgs/lib/python3.12/site-packages/swarm_msgs/msg/__init__.py'...
Compiling '/home/mh/Documents/ros2_drone_swarm/install/swarm_msgs/lib/python3.12/site-packages/swarm_msgs/msg/_drone_state.py'...
Compiling '/home/mh/Documents/ros2_drone_swarm/install/swarm_msgs/lib/python3.12/site-packages/swarm_msgs/msg/_formation_command.py'...
Listing '/home/mh/Documents/ros2_drone_swarm/install/swarm_msgs/lib/python3.12/site-packages/swarm_msgs/srv'...
Compiling '/home/mh/Documents/ros2_drone_swarm/install/swarm_msgs/lib/python3.12/site-packages/swarm_msgs/srv/__init__.py'...
Compiling '/home/mh/Documents/ros2_drone_swarm/install/swarm_msgs/lib/python3.12/site-packages/swarm_msgs/srv/_change_formation.py'...
Compiling '/home/mh/Documents/ros2_drone_swarm/install/swarm_msgs/lib/python3.12/site-packages/swarm_msgs/srv/_disarm_leader.py'...
-- Installing: /home/mh/Documents/ros2_drone_swarm/install/swarm_msgs/lib/libswarm_msgs__rosidl_generator_py.so
-- Set non-toolchain portion of runtime path of "/home/mh/Documents/ros2_drone_swarm/install/swarm_msgs/lib/libswarm_msgs__rosidl_generator_py.so" to ""
-- Installing: /home/mh/Documents/ros2_drone_swarm/install/swarm_msgs/share/swarm_msgs/cmake/export_swarm_msgs__rosidl_generator_cExport.cmake
-- Installing: /home/mh/Documents/ros2_drone_swarm/install/swarm_msgs/share/swarm_msgs/cmake/export_swarm_msgs__rosidl_generator_cExport-release.cmake
-- Installing: /home/mh/Documents/ros2_drone_swarm/install/swarm_msgs/share/swarm_msgs/cmake/export_swarm_msgs__rosidl_typesupport_fastrtps_cExport.cmake
-- Installing: /home/mh/Documents/ros2_drone_swarm/install/swarm_msgs/share/swarm_msgs/cmake/export_swarm_msgs__rosidl_typesupport_fastrtps_cExport-release.cmake
-- Installing: /home/mh/Documents/ros2_drone_swarm/install/swarm_msgs/share/swarm_msgs/cmake/export_swarm_msgs__rosidl_generator_cppExport.cmake
-- Installing: /home/mh/Documents/ros2_drone_swarm/install/swarm_msgs/share/swarm_msgs/cmake/export_swarm_msgs__rosidl_typesupport_fastrtps_cppExport.cmake
-- Installing: /home/mh/Documents/ros2_drone_swarm/install/swarm_msgs/share/swarm_msgs/cmake/export_swarm_msgs__rosidl_typesupport_fastrtps_cppExport-release.cmake
-- Installing: /home/mh/Documents/ros2_drone_swarm/install/swarm_msgs/share/swarm_msgs/cmake/swarm_msgs__rosidl_typesupport_introspection_cExport.cmake
-- Installing: /home/mh/Documents/ros2_drone_swarm/install/swarm_msgs/share/swarm_msgs/cmake/swarm_msgs__rosidl_typesupport_introspection_cExport-release.cmake
-- Installing: /home/mh/Documents/ros2_drone_swarm/install/swarm_msgs/share/swarm_msgs/cmake/swarm_msgs__rosidl_typesupport_cExport.cmake
-- Installing: /home/mh/Documents/ros2_drone_swarm/install/swarm_msgs/share/swarm_msgs/cmake/swarm_msgs__rosidl_typesupport_cExport-release.cmake
-- Installing: /home/mh/Documents/ros2_drone_swarm/install/swarm_msgs/share/swarm_msgs/cmake/swarm_msgs__rosidl_typesupport_introspection_cppExport.cmake
-- Installing: /home/mh/Documents/ros2_drone_swarm/install/swarm_msgs/share/swarm_msgs/cmake/swarm_msgs__rosidl_typesupport_introspection_cppExport-release.cmake
-- Installing: /home/mh/Documents/ros2_drone_swarm/install/swarm_msgs/share/swarm_msgs/cmake/swarm_msgs__rosidl_typesupport_cppExport.cmake
-- Installing: /home/mh/Documents/ros2_drone_swarm/install/swarm_msgs/share/swarm_msgs/cmake/swarm_msgs__rosidl_typesupport_cppExport-release.cmake
-- Installing: /home/mh/Documents/ros2_drone_swarm/install/swarm_msgs/share/swarm_msgs/cmake/export_swarm_msgs__rosidl_generator_pyExport.cmake
-- Installing: /home/mh/Documents/ros2_drone_swarm/install/swarm_msgs/share/swarm_msgs/cmake/export_swarm_msgs__rosidl_generator_pyExport-release.cmake
