[INFO] [launch]: All log files can be found below /root/.ros/log/2025-08-11-19-36-05-026484-mh-Precision-5530-28877
[INFO] [launch]: Default logging verbosity is set to INFO
[INFO] [ign gazebo-1]: process started with pid [28879]
[ign gazebo-1] QStandardPaths: XDG_RUNTIME_DIR not set, defaulting to '/tmp/runtime-root'
[ign gazebo-1] MESA: error: Failed to query drm device.
[ign gazebo-1] libGL error: glx: failed to create dri3 screen
[ign gazebo-1] libGL error: failed to load driver: iris
[ign gazebo-1] libGL error: failed to open /dev/dri/card1: No such file or directory
[ign gazebo-1] libGL error: failed to load driver: iris
[ign gazebo-1] [1;33m[GUI] [Wrn] [Application.cc:797] [0m[1;33m[QT] qrc:/qml/StyleDialog.qml:112:3: QML Connections: Implicitly defined onFoo properties in Connections are deprecated. Use this syntax instead: function onFoo(<arguments>) { ... }[0m[1;33m[0m
[ign gazebo-1] [1;33m[GUI] [Wrn] [Application.cc:797] [0m[1;33m[QT] qrc:/qml/StyleDialog.qml:105:3: QML Connections: Implicitly defined onFoo properties in Connections are deprecated. Use this syntax instead: function onFoo(<arguments>) { ... }[0m[1;33m[0m
[ign gazebo-1] [1;33m[GUI] [Wrn] [Application.cc:797] [0m[1;33m[QT] qrc:/qml/StyleDialog.qml:98:3: QML Connections: Implicitly defined onFoo properties in Connections are deprecated. Use this syntax instead: function onFoo(<arguments>) { ... }[0m[1;33m[0m
[ign gazebo-1] [1;33m[GUI] [Wrn] [Application.cc:797] [0m[1;33m[QT] qrc:qml/Main.qml:102:3: QML Connections: Implicitly defined onFoo properties in Connections are deprecated. Use this syntax instead: function onFoo(<arguments>) { ... }[0m[1;33m[0m
[ign gazebo-1] [1;33m[GUI] [Wrn] [Application.cc:797] [0m[1;33m[QT] qrc:/qml/PluginMenu.qml:27:3: QML Connections: Implicitly defined onFoo properties in Connections are deprecated. Use this syntax instead: function onFoo(<arguments>) { ... }[0m[1;33m[0m
[ign gazebo-1] [1;33m[GUI] [Wrn] [Application.cc:797] [0m[1;33m[QT] file::/Gazebo/GazeboDrawer.qml:242:3: QML Connections: Implicitly defined onFoo properties in Connections are deprecated. Use this syntax instead: function onFoo(<arguments>) { ... }[0m[1;33m[0m
[ign gazebo-1] [1;36m[Dbg] [gz.cc:161] [0m[1;36mSubscribing to [[0m[1;36m/gazebo/starting_world[0m[1;36m].[0m[1;36m[0m
[ign gazebo-1] [1;36m[Dbg] [gz.cc:163] [0m[1;36mWaiting for a world to be set from the GUI...[0m[1;36m[0m
[ign gazebo-1] [1;32m[Msg] [0m[1;32mReceived world [[0m[1;32m/root/ros2_ws/ros2_drone_swarm/install/swarm_controller/share/swarm_controller/worlds/swarm_arena.world[0m[1;32m] from the GUI.[0m[1;32m[0m
[ign gazebo-1] [1;36m[Dbg] [gz.cc:167] [0m[1;36mUnsubscribing from [[0m[1;36m/gazebo/starting_world[0m[1;36m].[0m[1;36m[0m
[ign gazebo-1] [1;32m[Msg] [0m[1;32mIgnition Gazebo Server v[0m[1;32m6.17.0[0m[1;32m[0m
[ign gazebo-1] [1;32m[Msg] [0m[1;32mLoading SDF world file[[0m[1;32m/root/ros2_ws/ros2_drone_swarm/install/swarm_controller/share/swarm_controller/worlds/swarm_arena.world[0m[1;32m].[0m
[ign gazebo-1] [1;32m[Msg] [0m[1;32mServing entity system service on [[0m[1;32m/[0m[1;32mentity/system/add[0m[1;32m][0m[1;32m[0m
[ign gazebo-1] [1;32m[Msg] [0m[1;32mLoaded level [[0m[1;32m3[0m[1;32m][0m[1;32m[0m
[ign gazebo-1] [1;32m[Msg] [0m[1;32mNo systems loaded from SDF, loading defaults[0m[1;32m[0m
[ign gazebo-1] [1;36m[Dbg] [ServerConfig.cc:1043] [0m[1;36mLoaded ([0m[1;36m3[0m[1;36m) plugins from file [0m[1;36m[[0m[1;36m/root/.ignition/gazebo/6/server.config[0m[1;36m][0m
[ign gazebo-1] [1;36m[Dbg] [Physics.cc:804] [0m[1;36mLoaded [[0m[1;36mignition::physics::dartsim::Plugin[0m[1;36m] from library [[0m[1;36m/usr/lib/x86_64-linux-gnu/ign-physics-5/engine-plugins/libignition-physics-dartsim-plugin.so[0m[1;36m][0m[1;36m[0m
[ign gazebo-1] [1;36m[Dbg] [SystemManager.cc:73] [0m[1;36mLoaded system [[0m[1;36mgz::sim::systems::Physics[0m[1;36m] for entity [[0m[1;36m1[0m[1;36m][0m[1;36m[0m
[ign gazebo-1] [1;32m[Msg] [0m[1;32mCreate service on [[0m[1;32m/world/swarm_arena/create[0m[1;32m][0m[1;32m[0m
[ign gazebo-1] [1;32m[Msg] [0m[1;32mRemove service on [[0m[1;32m/world/swarm_arena/remove[0m[1;32m][0m[1;32m[0m
[ign gazebo-1] [1;32m[Msg] [0m[1;32mPose service on [[0m[1;32m/world/swarm_arena/set_pose[0m[1;32m][0m[1;32m[0m
[ign gazebo-1] [1;32m[Msg] [0m[1;32mPose service on [[0m[1;32m/world/swarm_arena/set_pose_vector[0m[1;32m][0m[1;32m[0m
[ign gazebo-1] [1;32m[Msg] [0m[1;32mLight configuration service on [[0m[1;32m/world/swarm_arena/light_config[0m[1;32m][0m[1;32m[0m
[ign gazebo-1] [1;32m[Msg] [0m[1;32mPhysics service on [[0m[1;32m/world/swarm_arena/set_physics[0m[1;32m][0m[1;32m[0m
[ign gazebo-1] [1;32m[Msg] [0m[1;32mSphericalCoordinates service on [[0m[1;32m/world/swarm_arena/set_spherical_coordinates[0m[1;32m][0m[1;32m[0m
[ign gazebo-1] [1;32m[Msg] [0m[1;32mEnable collision service on [[0m[1;32m/world/swarm_arena/enable_collision[0m[1;32m][0m[1;32m[0m
[ign gazebo-1] [1;32m[Msg] [0m[1;32mDisable collision service on [[0m[1;32m/world/swarm_arena/disable_collision[0m[1;32m][0m[1;32m[0m
[ign gazebo-1] [1;32m[Msg] [0m[1;32mMaterial service on [[0m[1;32m/world/swarm_arena/visual_config[0m[1;32m][0m[1;32m[0m
[ign gazebo-1] [1;32m[Msg] [0m[1;32mMaterial service on [[0m[1;32m/world/swarm_arena/wheel_slip[0m[1;32m][0m[1;32m[0m
[ign gazebo-1] [1;36m[Dbg] [SystemManager.cc:73] [0m[1;36mLoaded system [[0m[1;36mgz::sim::systems::UserCommands[0m[1;36m] for entity [[0m[1;36m1[0m[1;36m][0m[1;36m[0m
[ign gazebo-1] [1;36m[Dbg] [SystemManager.cc:73] [0m[1;36mLoaded system [[0m[1;36mgz::sim::systems::SceneBroadcaster[0m[1;36m] for entity [[0m[1;36m1[0m[1;36m][0m[1;36m[0m
[ign gazebo-1] [1;32m[Msg] [0m[1;32mServing world controls on [[0m[1;32m/world/swarm_arena[0m[1;32m/control], [[0m[1;32m/world/swarm_arena[0m[1;32m/control/state] and [[0m[1;32m/world/swarm_arena[0m[1;32m/playback/control][0m[1;32m[0m
[ign gazebo-1] [1;32m[Msg] [0m[1;32mServing GUI information on [[0m[1;32m/world/swarm_arena[0m[1;32m/[0m[1;32mgui/info[0m[1;32m][0m[1;32m[0m
[ign gazebo-1] [1;32m[Msg] [0m[1;32mWorld [[0m[1;32mswarm_arena[0m[1;32m] initialized with [[0m[1;32mdefault_physics[0m[1;32m] physics profile.[0m[1;32m[0m
[ign gazebo-1] [1;32m[Msg] [0m[1;32mServing world SDF generation service on [[0m[1;32m/world/swarm_arena[0m[1;32m/[0m[1;32mgenerate_world_sdf[0m[1;32m][0m[1;32m[0m
[ign gazebo-1] [1;33m[GUI] [Wrn] [Application.cc:797] [0m[1;33m[QT] file::/EntityContextMenuPlugin/EntityContextMenuPlugin.qml:57:5: QML Connections: Implicitly defined onFoo properties in Connections are deprecated. Use this syntax instead: function onFoo(<arguments>) { ... }[0m[1;33m[0m
[ign gazebo-1] [1;33m[GUI] [Wrn] [Application.cc:797] [0m[1;33m[QT] file::/EntityContextMenuPlugin/EntityContextMenuPlugin.qml:52:3: QML RenderWindowOverlay: Detected anchors on an item that is managed by a layout. This is undefined behavior; use Layout.alignment instead.[0m[1;33m[0m
[ign gazebo-1] [1;33m[GUI] [Wrn] [Application.cc:797] [0m[1;33m[QT] file::/EntityContextMenuPlugin/EntityContextMenuPlugin.qml:67:3: QML EntityContextMenu: Detected anchors on an item that is managed by a layout. This is undefined behavior; use Layout.alignment instead.[0m[1;33m[0m
[ign gazebo-1] [1;33m[GUI] [Wrn] [Application.cc:797] [0m[1;33m[QT] file::/EntityContextMenuPlugin/EntityContextMenuPlugin.qml:52:3: QML RenderWindowOverlay: Detected anchors on an item that is managed by a layout. This is undefined behavior; use Layout.alignment instead.[0m[1;33m[0m
[ign gazebo-1] [1;33m[GUI] [Wrn] [Application.cc:797] [0m[1;33m[QT] file::/EntityContextMenuPlugin/EntityContextMenuPlugin.qml:67:3: QML EntityContextMenu: Detected anchors on an item that is managed by a layout. This is undefined behavior; use Layout.alignment instead.[0m[1;33m[0m
[ign gazebo-1] [1;33m[GUI] [Wrn] [Application.cc:797] [0m[1;33m[QT] file::/EntityContextMenuPlugin/EntityContextMenuPlugin.qml:52:3: QML RenderWindowOverlay: Detected anchors on an item that is managed by a layout. This is undefined behavior; use Layout.alignment instead.[0m[1;33m[0m
[ign gazebo-1] [1;33m[GUI] [Wrn] [Application.cc:797] [0m[1;33m[QT] file::/EntityContextMenuPlugin/EntityContextMenuPlugin.qml:67:3: QML EntityContextMenu: Detected anchors on an item that is managed by a layout. This is undefined behavior; use Layout.alignment instead.[0m[1;33m[0m
[ign gazebo-1] [1;33m[GUI] [Wrn] [Application.cc:797] [0m[1;33m[QT] file::/EntityContextMenuPlugin/EntityContextMenuPlugin.qml:52:3: QML RenderWindowOverlay: Detected anchors on an item that is managed by a layout. This is undefined behavior; use Layout.alignment instead.[0m[1;33m[0m
[ign gazebo-1] [1;33m[GUI] [Wrn] [Application.cc:797] [0m[1;33m[QT] file::/EntityContextMenuPlugin/EntityContextMenuPlugin.qml:67:3: QML EntityContextMenu: Detected anchors on an item that is managed by a layout. This is undefined behavior; use Layout.alignment instead.[0m[1;33m[0m
[ign gazebo-1] [1;33m[GUI] [Wrn] [Application.cc:797] [0m[1;33m[QT] file::/EntityContextMenuPlugin/EntityContextMenuPlugin.qml:52:3: QML RenderWindowOverlay: Detected anchors on an item that is managed by a layout. This is undefined behavior; use Layout.alignment instead.[0m[1;33m[0m
[ign gazebo-1] [1;33m[GUI] [Wrn] [Application.cc:797] [0m[1;33m[QT] file::/EntityContextMenuPlugin/EntityContextMenuPlugin.qml:67:3: QML EntityContextMenu: Detected anchors on an item that is managed by a layout. This is undefined behavior; use Layout.alignment instead.[0m[1;33m[0m
[ign gazebo-1] [1;33m[GUI] [Wrn] [Application.cc:797] [0m[1;33m[QT] file::/EntityContextMenuPlugin/EntityContextMenuPlugin.qml:52:3: QML RenderWindowOverlay: Detected anchors on an item that is managed by a layout. This is undefined behavior; use Layout.alignment instead.[0m[1;33m[0m
[ign gazebo-1] [1;33m[GUI] [Wrn] [Application.cc:797] [0m[1;33m[QT] file::/EntityContextMenuPlugin/EntityContextMenuPlugin.qml:67:3: QML EntityContextMenu: Detected anchors on an item that is managed by a layout. This is undefined behavior; use Layout.alignment instead.[0m[1;33m[0m
[ign gazebo-1] [1;32m[Msg] [0m[1;32mServing world names on [[0m[1;32m/gazebo/worlds[0m[1;32m][0m[1;32m[0m[1;32m[Msg] [0m[1;32mIgnition Gazebo GUI    v[0m[1;32m6.17.0[0m[1;32m[0m
[ign gazebo-1] [1;36m[Dbg] [Gui.cc:253] [0m[1;36mWaiting for subscribers to [[0m[1;36m/gazebo/starting_world[0m[1;36m]...[0m[1;36m[0m
[ign gazebo-1] [1;36m[Dbg] [Application.cc:92] [0m[1;36mInitializing application.[0m[1;36m[0m
[ign gazebo-1] [1;36m[GUI] [Dbg] [Application.cc:555] [0m[1;36mCreate main window[0m[1;36m[0m
[ign gazebo-1] [1;36m[GUI] [Dbg] [PathManager.cc:66] [0m[1;36mRequesting resource paths through [[0m[1;36m/gazebo/resource_paths/get[0m[1;36m][0m[1;36m[0m
[ign gazebo-1] [1;36m[GUI] [Dbg] [Gui.cc:333] [0m[1;36mGUI requesting list of world names. The server may be busy [0m[1;36mdownloading resources. Please be patient.[0m[1;36m[0m
[ign gazebo-1] [1;36m[GUI] [Dbg] [PathManager.cc:55] [0m[1;36mReceived resource paths.[0m[1;36m[0m
[ign gazebo-1] [1;36m[GUI] [Dbg] [Gui.cc:391] [0m[1;36mRequesting GUI from [[0m[1;36m/world/swarm_arena/gui/info[0m[1;36m]...[0m[1;36m[0m
[ign gazebo-1] [1;36m[GUI] [Dbg] [GuiRunner.cc:145] [0m[1;36mRequesting initial state from [[0m[1;36m/world/swarm_arena/state[0m[1;36m]...[0m[1;36m[0m
[ign gazebo-1] [1;32m[GUI] [0m[1;32m[Msg] [0m[1;32mLoading config [[0m[1;32m/root/.ignition/gazebo/6/gui.config[0m[1;32m][0m[1;32m[0m
[ign gazebo-1] [1;36m[GUI] [Dbg] [Application.cc:426] [0m[1;36mLoading plugin [[0m[1;36mMinimalScene[0m[1;36m][0m[1;36m[0m
[ign gazebo-1] [1;32m[GUI] [0m[1;32m[Msg] [0m[1;32mAdded plugin [[0m[1;32m3D View[0m[1;32m] to main window[0m[1;32m[0m
[ign gazebo-1] [1;32m[GUI] [0m[1;32m[Msg] [0m[1;32mLoaded plugin [[0m[1;32mMinimalScene[0m[1;32m] from path [[0m[1;32m/usr/lib/x86_64-linux-gnu/ign-gui-6/plugins/libMinimalScene.so[0m[1;32m][0m[1;32m[0m
[ign gazebo-1] [1;36m[GUI] [Dbg] [Application.cc:426] [0m[1;36mLoading plugin [[0m[1;36mEntityContextMenuPlugin[0m[1;36m][0m[1;36m[0m
[ign gazebo-1] [1;32m[GUI] [0m[1;32m[Msg] [0m[1;32mAdded plugin [[0m[1;32mEntity Context Menu[0m[1;32m] to main window[0m[1;32m[0m
[ign gazebo-1] [1;32m[GUI] [0m[1;32m[Msg] [0m[1;32mLoaded plugin [[0m[1;32mEntityContextMenuPlugin[0m[1;32m] from path [[0m[1;32m/usr/lib/x86_64-linux-gnu/ign-gazebo-6/plugins/gui/libEntityContextMenuPlugin.so[0m[1;32m][0m[1;32m[0m
[ign gazebo-1] [1;36m[GUI] [Dbg] [Application.cc:426] [0m[1;36mLoading plugin [[0m[1;36mGzSceneManager[0m[1;36m][0m[1;36m[0m
[ign gazebo-1] [1;32m[GUI] [0m[1;32m[Msg] [0m[1;32mAdded plugin [[0m[1;32mScene Manager[0m[1;32m] to main window[0m[1;32m[0m
[ign gazebo-1] [1;32m[GUI] [0m[1;32m[Msg] [0m[1;32mLoaded plugin [[0m[1;32mGzSceneManager[0m[1;32m] from path [[0m[1;32m/usr/lib/x86_64-linux-gnu/ign-gazebo-6/plugins/gui/libGzSceneManager.so[0m[1;32m][0m[1;32m[0m
[ign gazebo-1] [1;36m[GUI] [Dbg] [Application.cc:426] [0m[1;36mLoading plugin [[0m[1;36mInteractiveViewControl[0m[1;36m][0m[1;36m[0m
[ign gazebo-1] [1;32m[GUI] [0m[1;32m[Msg] [0m[1;32mCamera view controller topic advertised on [[0m[1;32m/gui/camera/view_control[0m[1;32m][0m[1;32m[0m
[ign gazebo-1] [1;32m[GUI] [0m[1;32m[Msg] [0m[1;32mCamera reference visual topic advertised on [[0m[1;32m/gui/camera/view_control/reference_visual[0m[1;32m][0m[1;32m[0m
[ign gazebo-1] [1;32m[GUI] [0m[1;32m[Msg] [0m[1;32mCamera view control sensitivity advertised on [[0m[1;32m/gui/camera/view_control/sensitivity[0m[1;32m][0m[1;32m[0m
[ign gazebo-1] [1;32m[GUI] [0m[1;32m[Msg] [0m[1;32mAdded plugin [[0m[1;32mInteractive view control[0m[1;32m] to main window[0m[1;32m[0m
[ign gazebo-1] [1;32m[GUI] [0m[1;32m[Msg] [0m[1;32mLoaded plugin [[0m[1;32mInteractiveViewControl[0m[1;32m] from path [[0m[1;32m/usr/lib/x86_64-linux-gnu/ign-gui-6/plugins/libInteractiveViewControl.so[0m[1;32m][0m[1;32m[0m
[ign gazebo-1] [1;36m[GUI] [Dbg] [Application.cc:426] [0m[1;36mLoading plugin [[0m[1;36mCameraTracking[0m[1;36m][0m[1;36m[0m
[ign gazebo-1] [1;32m[GUI] [0m[1;32m[Msg] [0m[1;32mAdded plugin [[0m[1;32mCamera tracking[0m[1;32m] to main window[0m[1;32m[0m
[ign gazebo-1] [1;32m[GUI] [0m[1;32m[Msg] [0m[1;32mLoaded plugin [[0m[1;32mCameraTracking[0m[1;32m] from path [[0m[1;32m/usr/lib/x86_64-linux-gnu/ign-gui-6/plugins/libCameraTracking.so[0m[1;32m][0m[1;32m[0m
[ign gazebo-1] [1;33m[GUI] [Wrn] [Application.cc:797] [0m[1;33m[QT] file::/Spawn/Spawn.qml:32:3: QML Connections: Implicitly defined onFoo properties in Connections are deprecated. Use this syntax instead: function onFoo(<arguments>) { ... }[0m[1;33m[0m
[ign gazebo-1] [1;33m[GUI] [Wrn] [Application.cc:797] [0m[1;33m[QT] file::/WorldControl/WorldControl.qml:30:3: QML Connections: Implicitly defined onFoo properties in Connections are deprecated. Use this syntax instead: function onFoo(<arguments>) { ... }[0m[1;33m[0m
[ign gazebo-1] [1;33m[Wrn] [SimulationRunner.cc:667] [0m[1;33mFound additional publishers on /stats,[0m[1;33m using namespaced stats topic only[0m[1;33m[0m
[ign gazebo-1] [1;33m[Wrn] [SimulationRunner.cc:700] [0m[1;33mFound additional publishers on /clock,[0m[1;33m using namespaced clock topic only[0m[1;33m[0m
[ign gazebo-1] [1;36m[GUI] [Dbg] [Application.cc:426] [0m[1;36mLoading plugin [[0m[1;36mMarkerManager[0m[1;36m][0m[1;36m[0m
[ign gazebo-1] [1;32m[GUI] [0m[1;32m[Msg] [0m[1;32mListening to stats on [[0m[1;32m/world/swarm_arena/stats[0m[1;32m][0m[1;32m[0m
[ign gazebo-1] [1;32m[GUI] [0m[1;32m[Msg] [0m[1;32mAdded plugin [[0m[1;32mMarker Manager[0m[1;32m] to main window[0m[1;32m[0m
[ign gazebo-1] [1;32m[GUI] [0m[1;32m[Msg] [0m[1;32mLoaded plugin [[0m[1;32mMarkerManager[0m[1;32m] from path [[0m[1;32m/usr/lib/x86_64-linux-gnu/ign-gui-6/plugins/libMarkerManager.so[0m[1;32m][0m[1;32m[0m
[ign gazebo-1] [1;36m[GUI] [Dbg] [Application.cc:426] [0m[1;36mLoading plugin [[0m[1;36mSelectEntities[0m[1;36m][0m[1;36m[0m
[ign gazebo-1] [1;32m[GUI] [0m[1;32m[Msg] [0m[1;32mAdded plugin [[0m[1;32mSelect entities[0m[1;32m] to main window[0m[1;32m[0m
[ign gazebo-1] [1;32m[GUI] [0m[1;32m[Msg] [0m[1;32mLoaded plugin [[0m[1;32mSelectEntities[0m[1;32m] from path [[0m[1;32m/usr/lib/x86_64-linux-gnu/ign-gazebo-6/plugins/gui/libSelectEntities.so[0m[1;32m][0m[1;32m[0m
[ign gazebo-1] [1;36m[GUI] [Dbg] [Application.cc:426] [0m[1;36mLoading plugin [[0m[1;36mSpawn[0m[1;36m][0m[1;36m[0m
[ign gazebo-1] [1;32m[GUI] [0m[1;32m[Msg] [0m[1;32mAdded plugin [[0m[1;32mSpawn[0m[1;32m] to main window[0m[1;32m[0m
[ign gazebo-1] [1;32m[GUI] [0m[1;32m[Msg] [0m[1;32mLoaded plugin [[0m[1;32mSpawn[0m[1;32m] from path [[0m[1;32m/usr/lib/x86_64-linux-gnu/ign-gazebo-6/plugins/gui/libSpawn.so[0m[1;32m][0m[1;32m[0m
[ign gazebo-1] [1;36m[GUI] [Dbg] [Application.cc:426] [0m[1;36mLoading plugin [[0m[1;36mVisualizationCapabilities[0m[1;36m][0m[1;36m[0m
[ign gazebo-1] [1;32m[GUI] [0m[1;32m[Msg] [0m[1;32mView as transparent service on [[0m[1;32m/gui/view/transparent[0m[1;32m][0m[1;32m[0m
[ign gazebo-1] [1;32m[GUI] [0m[1;32m[Msg] [0m[1;32mView as wireframes service on [[0m[1;32m/gui/view/wireframes[0m[1;32m][0m[1;32m[0m
[ign gazebo-1] [1;32m[GUI] [0m[1;32m[Msg] [0m[1;32mView center of mass service on [[0m[1;32m/gui/view/com[0m[1;32m][0m[1;32m[0m
[ign gazebo-1] [1;32m[GUI] [0m[1;32m[Msg] [0m[1;32mView inertia service on [[0m[1;32m/gui/view/inertia[0m[1;32m][0m[1;32m[0m
[ign gazebo-1] [1;32m[GUI] [0m[1;32m[Msg] [0m[1;32mView collisions service on [[0m[1;32m/gui/view/collisions[0m[1;32m][0m[1;32m[0m
[ign gazebo-1] [1;32m[GUI] [0m[1;32m[Msg] [0m[1;32mView joints service on [[0m[1;32m/gui/view/joints[0m[1;32m][0m[1;32m[0m
[ign gazebo-1] [1;32m[GUI] [0m[1;32m[Msg] [0m[1;32mView frames service on [[0m[1;32m/gui/view/frames[0m[1;32m][0m[1;32m[0m
[ign gazebo-1] [1;32m[GUI] [0m[1;32m[Msg] [0m[1;32mAdded plugin [[0m[1;32mVisualization capabilities[0m[1;32m] to main window[0m[1;32m[0m
[ign gazebo-1] [1;32m[GUI] [0m[1;32m[Msg] [0m[1;32mLoaded plugin [[0m[1;32mVisualizationCapabilities[0m[1;32m] from path [[0m[1;32m/usr/lib/x86_64-linux-gnu/ign-gazebo-6/plugins/gui/libVisualizationCapabilities.so[0m[1;32m][0m[1;32m[0m
[ign gazebo-1] [1;36m[GUI] [Dbg] [Application.cc:426] [0m[1;36mLoading plugin [[0m[1;36mWorldControl[0m[1;36m][0m[1;36m[0m
[ign gazebo-1] [1;32m[GUI] [0m[1;32m[Msg] [0m[1;32mUsing world control service [[0m[1;32m/world/swarm_arena/control[0m[1;32m][0m[1;32m[0m
[ign gazebo-1] [1;32m[GUI] [0m[1;32m[Msg] [0m[1;32mListening to stats on [[0m[1;32m/world/swarm_arena/stats[0m[1;32m][0m[1;32m[0m
[ign gazebo-1] [1;36m[GUI] [Dbg] [WorldControl.cc:246] [0m[1;36mUsing an event to share WorldControl msgs with the server[0m
[ign gazebo-1] [1;32m[GUI] [0m[1;32m[Msg] [0m[1;32mAdded plugin [[0m[1;32mWorld control[0m[1;32m] to main window[0m[1;32m[0m
[ign gazebo-1] [1;32m[GUI] [0m[1;32m[Msg] [0m[1;32mLoaded plugin [[0m[1;32mWorldControl[0m[1;32m] from path [[0m[1;32m/usr/lib/x86_64-linux-gnu/ign-gui-6/plugins/libWorldControl.so[0m[1;32m][0m[1;32m[0m
[ign gazebo-1] [1;36m[GUI] [Dbg] [Application.cc:426] [0m[1;36mLoading plugin [[0m[1;36mWorldStats[0m[1;36m][0m[1;36m[0m
[ign gazebo-1] [1;32m[GUI] [0m[1;32m[Msg] [0m[1;32mListening to stats on [[0m[1;32m/world/swarm_arena/stats[0m[1;32m][0m[1;32m[0m
[ign gazebo-1] [1;32m[GUI] [0m[1;32m[Msg] [0m[1;32mAdded plugin [[0m[1;32mWorld stats[0m[1;32m] to main window[0m[1;32m[0m
[ign gazebo-1] [1;33m[GUI] [Wrn] [Application.cc:797] [0m[1;33m[QT] file::/TransformControl/TransformControl.qml:104:3: QML Connections: Implicitly defined onFoo properties in Connections are deprecated. Use this syntax instead: function onFoo(<arguments>) { ... }[0m[1;33m[0m
[ign gazebo-1] [1;33m[GUI] [Wrn] [Application.cc:797] [0m[1;33m[QT] file::/TransformControl/TransformControl.qml:99:3: QML Connections: Implicitly defined onFoo properties in Connections are deprecated. Use this syntax instead: function onFoo(<arguments>) { ... }[0m[1;33m[0m
[ign gazebo-1] [1;33m[GUI] [Wrn] [Application.cc:797] [0m[1;33m[QT] file::/TransformControl/TransformControl.qml:94:3: QML Connections: Implicitly defined onFoo properties in Connections are deprecated. Use this syntax instead: function onFoo(<arguments>) { ... }[0m[1;33m[0m
[ign gazebo-1] [1;33m[GUI] [Wrn] [Application.cc:797] [0m[1;33m[QT] file::/TransformControl/TransformControl.qml:89:3: QML Connections: Implicitly defined onFoo properties in Connections are deprecated. Use this syntax instead: function onFoo(<arguments>) { ... }[0m[1;33m[0m
[ign gazebo-1] [1;33m[GUI] [Wrn] [Application.cc:797] [0m[1;33m[QT] file::/EntityTree/EntityTree.qml:148:7: QML ToolButton: Detected anchors on an item that is managed by a layout. This is undefined behavior; use Layout.alignment instead.[0m[1;33m[0m
[ign gazebo-1] [1;33m[GUI] [Wrn] [Component.hh:189] [0m[1;33mTrying to deserialize component with data type [[0m[1;33mN3sdf3v125WorldE[0m[1;33m], which doesn't have [0m[1;33m`operator>>`. Component will not be deserialized.[0m[1;33m[0m
[ign gazebo-1] [1;33m[GUI] [Wrn] [Application.cc:797] [0m[1;33m[QT] file::/WorldStats/WorldStats.qml:53:3: QML RowLayout: Binding loop detected for property "x"[0m[1;33m[0m
[ign gazebo-1] [1;33m[GUI] [Wrn] [Application.cc:797] [0m[1;33m[QT] file::/EntityContextMenuPlugin/EntityContextMenuPlugin.qml:52:3: QML RenderWindowOverlay: Detected anchors on an item that is managed by a layout. This is undefined behavior; use Layout.alignment instead.[0m[1;33m[0m
[ign gazebo-1] [1;33m[GUI] [Wrn] [Application.cc:797] [0m[1;33m[QT] file::/EntityContextMenuPlugin/EntityContextMenuPlugin.qml:67:3: QML EntityContextMenu: Detected anchors on an item that is managed by a layout. This is undefined behavior; use Layout.alignment instead.[0m[1;33m[0m
[INFO] [ign gazebo-2]: process started with pid [29000]
[ign gazebo-1] [1;33m[GUI] [Wrn] [Ogre2RenderTarget.cc:574] [0m[1;33mAnti-aliasing level of '[0m[1;33m8[0m[1;33m' [0m[1;33mis not supported; valid FSAA levels are: [0m[1;33m[ 0 4 ][0m[1;33m. Setting to 0[0m[1;33m[0m
[ign gazebo-2] QStandardPaths: XDG_RUNTIME_DIR not set, defaulting to '/tmp/runtime-root'
[ign gazebo-1] [1;32m[GUI] [0m[1;32m[Msg] [0m[1;32mLoaded plugin [[0m[1;32mWorldStats[0m[1;32m] from path [[0m[1;32m/usr/lib/x86_64-linux-gnu/ign-gui-6/plugins/libWorldStats.so[0m[1;32m][0m[1;32m[0m
[ign gazebo-1] [1;36m[GUI] [Dbg] [Application.cc:426] [0m[1;36mLoading plugin [[0m[1;36mShapes[0m[1;36m][0m[1;36m[0m
[ign gazebo-1] [1;32m[GUI] [0m[1;32m[Msg] [0m[1;32mAdded plugin [[0m[1;32mShapes[0m[1;32m] to main window[0m[1;32m[0m
[ign gazebo-1] [1;32m[GUI] [0m[1;32m[Msg] [0m[1;32mLoaded plugin [[0m[1;32mShapes[0m[1;32m] from path [[0m[1;32m/usr/lib/x86_64-linux-gnu/ign-gazebo-6/plugins/gui/libShapes.so[0m[1;32m][0m[1;32m[0m
[ign gazebo-1] [1;36m[GUI] [Dbg] [Application.cc:426] [0m[1;36mLoading plugin [[0m[1;36mLights[0m[1;36m][0m[1;36m[0m
[ign gazebo-1] [1;32m[GUI] [0m[1;32m[Msg] [0m[1;32mAdded plugin [[0m[1;32mLights[0m[1;32m] to main window[0m[1;32m[0m
[ign gazebo-1] [1;32m[GUI] [0m[1;32m[Msg] [0m[1;32mLoaded plugin [[0m[1;32mLights[0m[1;32m] from path [[0m[1;32m/usr/lib/x86_64-linux-gnu/ign-gazebo-6/plugins/gui/libLights.so[0m[1;32m][0m[1;32m[0m
[ign gazebo-1] [1;36m[GUI] [Dbg] [Application.cc:426] [0m[1;36mLoading plugin [[0m[1;36mTransformControl[0m[1;36m][0m[1;36m[0m
[ign gazebo-1] [1;36m[GUI] [Dbg] [TransformControl.cc:222] [0m[1;36mLegacy mode is disabled; this plugin must be used with [0m[1;36mMinimalScene.[0m[1;36m[0m
[ign gazebo-1] [1;32m[GUI] [0m[1;32m[Msg] [0m[1;32mAdded plugin [[0m[1;32mTransform control[0m[1;32m] to main window[0m[1;32m[0m
[ign gazebo-1] [1;32m[GUI] [0m[1;32m[Msg] [0m[1;32mLoaded plugin [[0m[1;32mTransformControl[0m[1;32m] from path [[0m[1;32m/usr/lib/x86_64-linux-gnu/ign-gazebo-6/plugins/gui/libTransformControl.so[0m[1;32m][0m[1;32m[0m
[ign gazebo-1] [1;36m[GUI] [Dbg] [Application.cc:426] [0m[1;36mLoading plugin [[0m[1;36mScreenshot[0m[1;36m][0m[1;36m[0m
[ign gazebo-1] [1;32m[GUI] [0m[1;32m[Msg] [0m[1;32mScreenshot service on [[0m[1;32m/gui/screenshot[0m[1;32m][0m[1;32m[0m
[ign gazebo-1] [1;32m[GUI] [0m[1;32m[Msg] [0m[1;32mAdded plugin [[0m[1;32mScreenshot[0m[1;32m] to main window[0m[1;32m[0m
[ign gazebo-1] [1;32m[GUI] [0m[1;32m[Msg] [0m[1;32mLoaded plugin [[0m[1;32mScreenshot[0m[1;32m] from path [[0m[1;32m/usr/lib/x86_64-linux-gnu/ign-gui-6/plugins/libScreenshot.so[0m[1;32m][0m[1;32m[0m
[ign gazebo-1] [1;36m[GUI] [Dbg] [Application.cc:426] [0m[1;36mLoading plugin [[0m[1;36mCopyPaste[0m[1;36m][0m[1;36m[0m
[ign gazebo-1] [1;32m[GUI] [0m[1;32m[Msg] [0m[1;32mAdded plugin [[0m[1;32mCopy/Paste[0m[1;32m] to main window[0m[1;32m[0m
[ign gazebo-1] [1;32m[GUI] [0m[1;32m[Msg] [0m[1;32mLoaded plugin [[0m[1;32mCopyPaste[0m[1;32m] from path [[0m[1;32m/usr/lib/x86_64-linux-gnu/ign-gazebo-6/plugins/gui/libCopyPaste.so[0m[1;32m][0m[1;32m[0m
[ign gazebo-1] [1;36m[GUI] [Dbg] [Application.cc:426] [0m[1;36mLoading plugin [[0m[1;36mComponentInspector[0m[1;36m][0m[1;36m[0m
[ign gazebo-1] [1;32m[GUI] [0m[1;32m[Msg] [0m[1;32mAdded plugin [[0m[1;32mComponent inspector[0m[1;32m] to main window[0m[1;32m[0m
[ign gazebo-1] [1;32m[GUI] [0m[1;32m[Msg] [0m[1;32mLoaded plugin [[0m[1;32mComponentInspector[0m[1;32m] from path [[0m[1;32m/usr/lib/x86_64-linux-gnu/ign-gazebo-6/plugins/gui/libComponentInspector.so[0m[1;32m][0m[1;32m[0m
[ign gazebo-1] [1;36m[GUI] [Dbg] [Application.cc:426] [0m[1;36mLoading plugin [[0m[1;36mEntityTree[0m[1;36m][0m[1;36m[0m
[ign gazebo-1] [1;32m[GUI] [0m[1;32m[Msg] [0m[1;32mAdded plugin [[0m[1;32mEntity tree[0m[1;32m] to main window[0m[1;32m[0m
[ign gazebo-1] [1;32m[GUI] [0m[1;32m[Msg] [0m[1;32mLoaded plugin [[0m[1;32mEntityTree[0m[1;32m] from path [[0m[1;32m/usr/lib/x86_64-linux-gnu/ign-gazebo-6/plugins/gui/libEntityTree.so[0m[1;32m][0m[1;32m[0m
[ign gazebo-1] [1;36m[GUI] [Dbg] [Application.cc:296] [0m[1;36mLoading window config[0m[1;36m[0m
[ign gazebo-1] [1;32m[GUI] [0m[1;32m[Msg] [0m[1;32mUsing server control service [[0m[1;32m/server_control[0m[1;32m][0m[1;32m[0m
[ign gazebo-1] [1;36m[GUI] [Dbg] [Application.cc:569] [0m[1;36mApplying config[0m[1;36m[0m
[ign gazebo-1] [1;32m[GUI] [0m[1;32m[Msg] [0m[1;32mLoading plugin [[0m[1;32mignition-rendering-ogre2[0m[1;32m][0m[1;32m[0m
[ign gazebo-1] [1;36m[GUI] [Dbg] [MinimalScene.cc:602] [0m[1;36mCreate scene [[0m[1;36mscene[0m[1;36m][0m[1;36m[0m
[ign gazebo-1] [1;32m[GUI] [0m[1;32m[Msg] [0m[1;32mLoading plugin [[0m[1;32mignition-rendering-ogre2[0m[1;32m][0m[1;32m[0m
[ign gazebo-2] MESA: error: Failed to query drm device.
[ign gazebo-2] libGL error: glx: failed to create dri3 screen
[ign gazebo-2] libGL error: failed to load driver: iris
[ign gazebo-2] libGL error: failed to open /dev/dri/card1: No such file or directory
[ign gazebo-2] libGL error: failed to load driver: iris
[ign gazebo-2] [1;33m[GUI] [Wrn] [Application.cc:797] [0m[1;33m[QT] qrc:/qml/StyleDialog.qml:112:3: QML Connections: Implicitly defined onFoo properties in Connections are deprecated. Use this syntax instead: function onFoo(<arguments>) { ... }[0m[1;33m[0m
[ign gazebo-2] [1;33m[GUI] [Wrn] [Application.cc:797] [0m[1;33m[QT] qrc:/qml/StyleDialog.qml:105:3: QML Connections: Implicitly defined onFoo properties in Connections are deprecated. Use this syntax instead: function onFoo(<arguments>) { ... }[0m[1;33m[0m
[ign gazebo-2] [1;33m[GUI] [Wrn] [Application.cc:797] [0m[1;33m[QT] qrc:/qml/StyleDialog.qml:98:3: QML Connections: Implicitly defined onFoo properties in Connections are deprecated. Use this syntax instead: function onFoo(<arguments>) { ... }[0m[1;33m[0m
[ign gazebo-2] [1;33m[GUI] [Wrn] [Application.cc:797] [0m[1;33m[QT] qrc:qml/Main.qml:102:3: QML Connections: Implicitly defined onFoo properties in Connections are deprecated. Use this syntax instead: function onFoo(<arguments>) { ... }[0m[1;33m[0m
[ign gazebo-2] [1;33m[GUI] [Wrn] [Application.cc:797] [0m[1;33m[QT] qrc:/qml/PluginMenu.qml:27:3: QML Connections: Implicitly defined onFoo properties in Connections are deprecated. Use this syntax instead: function onFoo(<arguments>) { ... }[0m[1;33m[0m
[ign gazebo-2] [1;33m[GUI] [Wrn] [Application.cc:797] [0m[1;33m[QT] file::/Gazebo/GazeboDrawer.qml:242:3: QML Connections: Implicitly defined onFoo properties in Connections are deprecated. Use this syntax instead: function onFoo(<arguments>) { ... }[0m[1;33m[0m
[INFO] [parameter_bridge-3]: process started with pid [29051]
[parameter_bridge-3] [INFO] [1754940972.995299028] [ros_gz_bridge]: Creating GZ->ROS Bridge: [/clock (ignition.msgs.Clock) -> /clock (rosgraph_msgs/msg/Clock)] (Lazy 0)
[parameter_bridge-3] [INFO] [1754940973.015471055] [ros_gz_bridge]: Creating GZ->ROS Bridge: [/model/drone_0/pose ([ignition.msgs.Pose) -> /model/drone_0/pose (geometry_msgs/msg/Pose)] (Lazy 0)
[parameter_bridge-3] [WARN] [1754940973.015790654] [ros_gz_bridge]: Failed to create a bridge for topic [/model/drone_0/pose] with ROS2 type [geometry_msgs/msg/Pose] to topic [/model/drone_0/pose] with Gazebo Transport type [[ignition.msgs.Pose]
[parameter_bridge-3] [INFO] [1754940973.015857183] [ros_gz_bridge]: Creating ROS->GZ Bridge: [/model/drone_0/cmd_vel (geometry_msgs/msg/Twist) -> /model/drone_0/cmd_vel (ignition.msgs.Twist)] (Lazy 0)
[parameter_bridge-3] [INFO] [1754940973.025388476] [ros_gz_bridge]: Creating GZ->ROS Bridge: [/model/drone_1/pose ([ignition.msgs.Pose) -> /model/drone_1/pose (geometry_msgs/msg/Pose)] (Lazy 0)
[parameter_bridge-3] [WARN] [1754940973.025537985] [ros_gz_bridge]: Failed to create a bridge for topic [/model/drone_1/pose] with ROS2 type [geometry_msgs/msg/Pose] to topic [/model/drone_1/pose] with Gazebo Transport type [[ignition.msgs.Pose]
[parameter_bridge-3] [INFO] [1754940973.025586421] [ros_gz_bridge]: Creating ROS->GZ Bridge: [/model/drone_1/cmd_vel (geometry_msgs/msg/Twist) -> /model/drone_1/cmd_vel (ignition.msgs.Twist)] (Lazy 0)
[parameter_bridge-3] [INFO] [1754940973.031156825] [ros_gz_bridge]: Creating GZ->ROS Bridge: [/model/drone_2/pose ([ignition.msgs.Pose) -> /model/drone_2/pose (geometry_msgs/msg/Pose)] (Lazy 0)
[parameter_bridge-3] [WARN] [1754940973.031927247] [ros_gz_bridge]: Failed to create a bridge for topic [/model/drone_2/pose] with ROS2 type [geometry_msgs/msg/Pose] to topic [/model/drone_2/pose] with Gazebo Transport type [[ignition.msgs.Pose]
[parameter_bridge-3] [INFO] [1754940973.031958895] [ros_gz_bridge]: Creating ROS->GZ Bridge: [/model/drone_2/cmd_vel (geometry_msgs/msg/Twist) -> /model/drone_2/cmd_vel (ignition.msgs.Twist)] (Lazy 0)
[parameter_bridge-3] [INFO] [1754940973.136275907] [ros_gz_bridge]: Creating GZ->ROS Bridge: [/model/drone_3/pose ([ignition.msgs.Pose) -> /model/drone_3/pose (geometry_msgs/msg/Pose)] (Lazy 0)
[parameter_bridge-3] [WARN] [1754940973.136356672] [ros_gz_bridge]: Failed to create a bridge for topic [/model/drone_3/pose] with ROS2 type [geometry_msgs/msg/Pose] to topic [/model/drone_3/pose] with Gazebo Transport type [[ignition.msgs.Pose]
[parameter_bridge-3] [INFO] [1754940973.136378423] [ros_gz_bridge]: Creating ROS->GZ Bridge: [/model/drone_3/cmd_vel (geometry_msgs/msg/Twist) -> /model/drone_3/cmd_vel (ignition.msgs.Twist)] (Lazy 0)
[ign gazebo-2] [1;33m[GUI] [Wrn] [Application.cc:797] [0m[1;33m[QT] file::/EntityContextMenuPlugin/EntityContextMenuPlugin.qml:57:5: QML Connections: Implicitly defined onFoo properties in Connections are deprecated. Use this syntax instead: function onFoo(<arguments>) { ... }[0m[1;33m[0m
[ign gazebo-2] [1;33m[GUI] [Wrn] [Application.cc:797] [0m[1;33m[QT] file::/EntityContextMenuPlugin/EntityContextMenuPlugin.qml:52:3: QML RenderWindowOverlay: Detected anchors on an item that is managed by a layout. This is undefined behavior; use Layout.alignment instead.[0m[1;33m[0m
[ign gazebo-2] [1;33m[GUI] [Wrn] [Application.cc:797] [0m[1;33m[QT] file::/EntityContextMenuPlugin/EntityContextMenuPlugin.qml:67:3: QML EntityContextMenu: Detected anchors on an item that is managed by a layout. This is undefined behavior; use Layout.alignment instead.[0m[1;33m[0m
[ign gazebo-2] [1;33m[GUI] [Wrn] [Application.cc:797] [0m[1;33m[QT] file::/EntityContextMenuPlugin/EntityContextMenuPlugin.qml:52:3: QML RenderWindowOverlay: Detected anchors on an item that is managed by a layout. This is undefined behavior; use Layout.alignment instead.[0m[1;33m[0m
[ign gazebo-2] [1;33m[GUI] [Wrn] [Application.cc:797] [0m[1;33m[QT] file::/EntityContextMenuPlugin/EntityContextMenuPlugin.qml:67:3: QML EntityContextMenu: Detected anchors on an item that is managed by a layout. This is undefined behavior; use Layout.alignment instead.[0m[1;33m[0m
[ign gazebo-2] [1;33m[GUI] [Wrn] [Application.cc:797] [0m[1;33m[QT] file::/EntityContextMenuPlugin/EntityContextMenuPlugin.qml:52:3: QML RenderWindowOverlay: Detected anchors on an item that is managed by a layout. This is undefined behavior; use Layout.alignment instead.[0m[1;33m[0m
[ign gazebo-2] [1;33m[GUI] [Wrn] [Application.cc:797] [0m[1;33m[QT] file::/EntityContextMenuPlugin/EntityContextMenuPlugin.qml:67:3: QML EntityContextMenu: Detected anchors on an item that is managed by a layout. This is undefined behavior; use Layout.alignment instead.[0m[1;33m[0m
[ign gazebo-2] [1;33m[GUI] [Wrn] [Application.cc:797] [0m[1;33m[QT] file::/EntityContextMenuPlugin/EntityContextMenuPlugin.qml:52:3: QML RenderWindowOverlay: Detected anchors on an item that is managed by a layout. This is undefined behavior; use Layout.alignment instead.[0m[1;33m[0m
[ign gazebo-2] [1;33m[GUI] [Wrn] [Application.cc:797] [0m[1;33m[QT] file::/EntityContextMenuPlugin/EntityContextMenuPlugin.qml:67:3: QML EntityContextMenu: Detected anchors on an item that is managed by a layout. This is undefined behavior; use Layout.alignment instead.[0m[1;33m[0m
[ign gazebo-2] [1;33m[GUI] [Wrn] [Application.cc:797] [0m[1;33m[QT] file::/EntityContextMenuPlugin/EntityContextMenuPlugin.qml:52:3: QML RenderWindowOverlay: Detected anchors on an item that is managed by a layout. This is undefined behavior; use Layout.alignment instead.[0m[1;33m[0m
[ign gazebo-2] [1;33m[GUI] [Wrn] [Application.cc:797] [0m[1;33m[QT] file::/EntityContextMenuPlugin/EntityContextMenuPlugin.qml:67:3: QML EntityContextMenu: Detected anchors on an item that is managed by a layout. This is undefined behavior; use Layout.alignment instead.[0m[1;33m[0m
[ign gazebo-2] [1;33m[GUI] [Wrn] [Application.cc:797] [0m[1;33m[QT] file::/EntityContextMenuPlugin/EntityContextMenuPlugin.qml:52:3: QML RenderWindowOverlay: Detected anchors on an item that is managed by a layout. This is undefined behavior; use Layout.alignment instead.[0m[1;33m[0m
[ign gazebo-2] [1;33m[GUI] [Wrn] [Application.cc:797] [0m[1;33m[QT] file::/EntityContextMenuPlugin/EntityContextMenuPlugin.qml:67:3: QML EntityContextMenu: Detected anchors on an item that is managed by a layout. This is undefined behavior; use Layout.alignment instead.[0m[1;33m[0m
[ign gazebo-2] [1;32m[Msg] [0m[1;32mIgnition Gazebo GUI    v[0m[1;32m6.17.0[0m[1;32m[0m
[ign gazebo-2] [1;36m[Dbg] [Application.cc:92] [0m[1;36mInitializing application.[0m[1;36m[0m
[ign gazebo-2] [1;36m[GUI] [Dbg] [Application.cc:555] [0m[1;36mCreate main window[0m[1;36m[0m
[ign gazebo-2] [1;36m[GUI] [Dbg] [PathManager.cc:66] [0m[1;36mRequesting resource paths through [[0m[1;36m/gazebo/resource_paths/get[0m[1;36m][0m[1;36m[0m
[ign gazebo-2] [1;36m[GUI] [Dbg] [Gui.cc:333] [0m[1;36mGUI requesting list of world names. The server may be busy [0m[1;36mdownloading resources. Please be patient.[0m[1;36m[0m
[ign gazebo-2] [1;36m[GUI] [Dbg] [PathManager.cc:55] [0m[1;36mReceived resource paths.[0m[1;36m[0m
[ign gazebo-2] [1;36m[GUI] [Dbg] [Gui.cc:391] [0m[1;36mRequesting GUI from [[0m[1;36m/world/swarm_arena/gui/info[0m[1;36m]...[0m[1;36m[0m
[ign gazebo-2] [1;36m[GUI] [Dbg] [GuiRunner.cc:145] [0m[1;36mRequesting initial state from [[0m[1;36m/world/swarm_arena/state[0m[1;36m]...[0m[1;36m[0m
[ign gazebo-2] [1;32m[GUI] [0m[1;32m[Msg] [0m[1;32mLoading config [[0m[1;32m/root/.ignition/gazebo/6/gui.config[0m[1;32m][0m[1;32m[0m
[ign gazebo-2] [1;36m[GUI] [Dbg] [Application.cc:426] [0m[1;36mLoading plugin [[0m[1;36mMinimalScene[0m[1;36m][0m[1;36m[0m
[ign gazebo-2] [1;32m[GUI] [0m[1;32m[Msg] [0m[1;32mAdded plugin [[0m[1;32m3D View[0m[1;32m] to main window[0m[1;32m[0m
[ign gazebo-2] [1;32m[GUI] [0m[1;32m[Msg] [0m[1;32mLoaded plugin [[0m[1;32mMinimalScene[0m[1;32m] from path [[0m[1;32m/usr/lib/x86_64-linux-gnu/ign-gui-6/plugins/libMinimalScene.so[0m[1;32m][0m[1;32m[0m
[ign gazebo-2] [1;36m[GUI] [Dbg] [Application.cc:426] [0m[1;36mLoading plugin [[0m[1;36mEntityContextMenuPlugin[0m[1;36m][0m[1;36m[0m
[ign gazebo-2] [1;32m[GUI] [0m[1;32m[Msg] [0m[1;32mAdded plugin [[0m[1;32mEntity Context Menu[0m[1;32m] to main window[0m[1;32m[0m
[ign gazebo-2] [1;32m[GUI] [0m[1;32m[Msg] [0m[1;32mLoaded plugin [[0m[1;32mEntityContextMenuPlugin[0m[1;32m] from path [[0m[1;32m/usr/lib/x86_64-linux-gnu/ign-gazebo-6/plugins/gui/libEntityContextMenuPlugin.so[0m[1;32m][0m[1;32m[0m
[ign gazebo-2] [1;36m[GUI] [Dbg] [Application.cc:426] [0m[1;36mLoading plugin [[0m[1;36mGzSceneManager[0m[1;36m][0m[1;36m[0m
[ign gazebo-2] [1;32m[GUI] [0m[1;32m[Msg] [0m[1;32mAdded plugin [[0m[1;32mScene Manager[0m[1;32m] to main window[0m[1;32m[0m
[ign gazebo-2] [1;32m[GUI] [0m[1;32m[Msg] [0m[1;32mLoaded plugin [[0m[1;32mGzSceneManager[0m[1;32m] from path [[0m[1;32m/usr/lib/x86_64-linux-gnu/ign-gazebo-6/plugins/gui/libGzSceneManager.so[0m[1;32m][0m[1;32m[0m
[ign gazebo-2] [1;36m[GUI] [Dbg] [Application.cc:426] [0m[1;36mLoading plugin [[0m[1;36mInteractiveViewControl[0m[1;36m][0m[1;36m[0m
[ign gazebo-2] [1;32m[GUI] [0m[1;32m[Msg] [0m[1;32mCamera view controller topic advertised on [[0m[1;32m/gui/camera/view_control[0m[1;32m][0m[1;32m[0m
[ign gazebo-2] [1;32m[GUI] [0m[1;32m[Msg] [0m[1;32mCamera reference visual topic advertised on [[0m[1;32m/gui/camera/view_control/reference_visual[0m[1;32m][0m[1;32m[0m
[ign gazebo-2] [1;32m[GUI] [0m[1;32m[Msg] [0m[1;32mCamera view control sensitivity advertised on [[0m[1;32m/gui/camera/view_control/sensitivity[0m[1;32m][0m[1;32m[0m
[ign gazebo-2] [1;32m[GUI] [0m[1;32m[Msg] [0m[1;32mAdded plugin [[0m[1;32mInteractive view control[0m[1;32m] to main window[0m[1;32m[0m
[ign gazebo-2] [1;32m[GUI] [0m[1;32m[Msg] [0m[1;32mLoaded plugin [[0m[1;32mInteractiveViewControl[0m[1;32m] from path [[0m[1;32m/usr/lib/x86_64-linux-gnu/ign-gui-6/plugins/libInteractiveViewControl.so[0m[1;32m][0m[1;32m[0m
[ign gazebo-2] [1;36m[GUI] [Dbg] [Application.cc:426] [0m[1;36mLoading plugin [[0m[1;36mCameraTracking[0m[1;36m][0m[1;36m[0m
[ign gazebo-2] [1;32m[GUI] [0m[1;32m[Msg] [0m[1;32mAdded plugin [[0m[1;32mCamera tracking[0m[1;32m] to main window[0m[1;32m[0m
[ign gazebo-2] [1;32m[GUI] [0m[1;32m[Msg] [0m[1;32mLoaded plugin [[0m[1;32mCameraTracking[0m[1;32m] from path [[0m[1;32m/usr/lib/x86_64-linux-gnu/ign-gui-6/plugins/libCameraTracking.so[0m[1;32m][0m[1;32m[0m
[ign gazebo-2] [1;36m[GUI] [Dbg] [Application.cc:426] [0m[1;36mLoading plugin [[0m[1;36mMarkerManager[0m[1;36m][0m[1;36m[0m
[ign gazebo-2] [1;33m[GUI] [Wrn] [Application.cc:797] [0m[1;33m[QT] file::/Spawn/Spawn.qml:32:3: QML Connections: Implicitly defined onFoo properties in Connections are deprecated. Use this syntax instead: function onFoo(<arguments>) { ... }[0m[1;33m[0m
[ign gazebo-2] [1;33m[GUI] [Wrn] [Application.cc:797] [0m[1;33m[QT] file::/WorldControl/WorldControl.qml:30:3: QML Connections: Implicitly defined onFoo properties in Connections are deprecated. Use this syntax instead: function onFoo(<arguments>) { ... }[0m[1;33m[0m
[ign gazebo-2] [1;32m[GUI] [0m[1;32m[Msg] [0m[1;32mListening to stats on [[0m[1;32m/world/swarm_arena/stats[0m[1;32m][0m[1;32m[0m
[ign gazebo-2] [1;32m[GUI] [0m[1;32m[Msg] [0m[1;32mAdded plugin [[0m[1;32mMarker Manager[0m[1;32m] to main window[0m[1;32m[0m
[ign gazebo-2] [1;32m[GUI] [0m[1;32m[Msg] [0m[1;32mLoaded plugin [[0m[1;32mMarkerManager[0m[1;32m] from path [[0m[1;32m/usr/lib/x86_64-linux-gnu/ign-gui-6/plugins/libMarkerManager.so[0m[1;32m][0m[1;32m[0m
[ign gazebo-2] [1;36m[GUI] [Dbg] [Application.cc:426] [0m[1;36mLoading plugin [[0m[1;36mSelectEntities[0m[1;36m][0m[1;36m[0m
[ign gazebo-2] [1;32m[GUI] [0m[1;32m[Msg] [0m[1;32mAdded plugin [[0m[1;32mSelect entities[0m[1;32m] to main window[0m[1;32m[0m
[ign gazebo-2] [1;32m[GUI] [0m[1;32m[Msg] [0m[1;32mLoaded plugin [[0m[1;32mSelectEntities[0m[1;32m] from path [[0m[1;32m/usr/lib/x86_64-linux-gnu/ign-gazebo-6/plugins/gui/libSelectEntities.so[0m[1;32m][0m[1;32m[0m
[ign gazebo-2] [1;36m[GUI] [Dbg] [Application.cc:426] [0m[1;36mLoading plugin [[0m[1;36mSpawn[0m[1;36m][0m[1;36m[0m
[ign gazebo-2] [1;32m[GUI] [0m[1;32m[Msg] [0m[1;32mAdded plugin [[0m[1;32mSpawn[0m[1;32m] to main window[0m[1;32m[0m
[ign gazebo-2] [1;32m[GUI] [0m[1;32m[Msg] [0m[1;32mLoaded plugin [[0m[1;32mSpawn[0m[1;32m] from path [[0m[1;32m/usr/lib/x86_64-linux-gnu/ign-gazebo-6/plugins/gui/libSpawn.so[0m[1;32m][0m[1;32m[0m
[ign gazebo-2] [1;36m[GUI] [Dbg] [Application.cc:426] [0m[1;36mLoading plugin [[0m[1;36mVisualizationCapabilities[0m[1;36m][0m[1;36m[0m
[ign gazebo-2] [1;32m[GUI] [0m[1;32m[Msg] [0m[1;32mView as transparent service on [[0m[1;32m/gui/view/transparent[0m[1;32m][0m[1;32m[0m
[ign gazebo-2] [1;32m[GUI] [0m[1;32m[Msg] [0m[1;32mView as wireframes service on [[0m[1;32m/gui/view/wireframes[0m[1;32m][0m[1;32m[0m
[ign gazebo-2] [1;32m[GUI] [0m[1;32m[Msg] [0m[1;32mView center of mass service on [[0m[1;32m/gui/view/com[0m[1;32m][0m[1;32m[0m
[ign gazebo-2] [1;32m[GUI] [0m[1;32m[Msg] [0m[1;32mView inertia service on [[0m[1;32m/gui/view/inertia[0m[1;32m][0m[1;32m[0m
[ign gazebo-2] [1;32m[GUI] [0m[1;32m[Msg] [0m[1;32mView collisions service on [[0m[1;32m/gui/view/collisions[0m[1;32m][0m[1;32m[0m
[ign gazebo-2] [1;32m[GUI] [0m[1;32m[Msg] [0m[1;32mView joints service on [[0m[1;32m/gui/view/joints[0m[1;32m][0m[1;32m[0m
[ign gazebo-2] [1;32m[GUI] [0m[1;32m[Msg] [0m[1;32mView frames service on [[0m[1;32m/gui/view/frames[0m[1;32m][0m[1;32m[0m
[ign gazebo-2] [1;32m[GUI] [0m[1;32m[Msg] [0m[1;32mAdded plugin [[0m[1;32mVisualization capabilities[0m[1;32m] to main window[0m[1;32m[0m
[ign gazebo-2] [1;32m[GUI] [0m[1;32m[Msg] [0m[1;32mLoaded plugin [[0m[1;32mVisualizationCapabilities[0m[1;32m] from path [[0m[1;32m/usr/lib/x86_64-linux-gnu/ign-gazebo-6/plugins/gui/libVisualizationCapabilities.so[0m[1;32m][0m[1;32m[0m
[ign gazebo-2] [1;36m[GUI] [Dbg] [Application.cc:426] [0m[1;36mLoading plugin [[0m[1;36mWorldControl[0m[1;36m][0m[1;36m[0m
[ign gazebo-2] [1;32m[GUI] [0m[1;32m[Msg] [0m[1;32mUsing world control service [[0m[1;32m/world/swarm_arena/control[0m[1;32m][0m[1;32m[0m
[ign gazebo-2] [1;32m[GUI] [0m[1;32m[Msg] [0m[1;32mListening to stats on [[0m[1;32m/world/swarm_arena/stats[0m[1;32m][0m[1;32m[0m
[ign gazebo-2] [1;36m[GUI] [Dbg] [WorldControl.cc:246] [0m[1;36mUsing an event to share WorldControl msgs with the server[0m
[ign gazebo-2] [1;32m[GUI] [0m[1;32m[Msg] [0m[1;32mAdded plugin [[0m[1;32mWorld control[0m[1;32m] to main window[0m[1;32m[0m
[ign gazebo-2] [1;32m[GUI] [0m[1;32m[Msg] [0m[1;32mLoaded plugin [[0m[1;32mWorldControl[0m[1;32m] from path [[0m[1;32m/usr/lib/x86_64-linux-gnu/ign-gui-6/plugins/libWorldControl.so[0m[1;32m][0m[1;32m[0m
[ign gazebo-2] [1;36m[GUI] [Dbg] [Application.cc:426] [0m[1;36mLoading plugin [[0m[1;36mWorldStats[0m[1;36m][0m[1;36m[0m
[ign gazebo-2] [1;32m[GUI] [0m[1;32m[Msg] [0m[1;32mListening to stats on [[0m[1;32m/world/swarm_arena/stats[0m[1;32m][0m[1;32m[0m
[ign gazebo-2] [1;32m[GUI] [0m[1;32m[Msg] [0m[1;32mAdded plugin [[0m[1;32mWorld stats[0m[1;32m] to main window[0m[1;32m[0m
[ign gazebo-2] [1;32m[GUI] [0m[1;32m[Msg] [0m[1;32mLoaded plugin [[0m[1;32mWorldStats[0m[1;32m] from path [[0m[1;32m/usr/lib/x86_64-linux-gnu/ign-gui-6/plugins/libWorldStats.so[0m[1;32m][0m[1;32m[0m
[ign gazebo-2] [1;33m[GUI] [Wrn] [Application.cc:797] [0m[1;33m[QT] file::/TransformControl/TransformControl.qml:104:3: QML Connections: Implicitly defined onFoo properties in Connections are deprecated. Use this syntax instead: function onFoo(<arguments>) { ... }[0m[1;33m[0m
[ign gazebo-2] [1;33m[GUI] [Wrn] [Application.cc:797] [0m[1;33m[QT] file::/TransformControl/TransformControl.qml:99:3: QML Connections: Implicitly defined onFoo properties in Connections are deprecated. Use this syntax instead: function onFoo(<arguments>) { ... }[0m[1;33m[0m
[ign gazebo-2] [1;33m[GUI] [Wrn] [Application.cc:797] [0m[1;33m[QT] file::/TransformControl/TransformControl.qml:94:3: QML Connections: Implicitly defined onFoo properties in Connections are deprecated. Use this syntax instead: function onFoo(<arguments>) { ... }[0m[1;33m[0m
[ign gazebo-2] [1;33m[GUI] [Wrn] [Application.cc:797] [0m[1;33m[QT] file::/TransformControl/TransformControl.qml:89:3: QML Connections: Implicitly defined onFoo properties in Connections are deprecated. Use this syntax instead: function onFoo(<arguments>) { ... }[0m[1;33m[0m
[ign gazebo-2] [1;33m[GUI] [Wrn] [Application.cc:797] [0m[1;33m[QT] file::/EntityTree/EntityTree.qml:148:7: QML ToolButton: Detected anchors on an item that is managed by a layout. This is undefined behavior; use Layout.alignment instead.[0m[1;33m[0m
[ign gazebo-2] [1;33m[GUI] [Wrn] [Component.hh:189] [0m[1;33mTrying to deserialize component with data type [[0m[1;33mN3sdf3v125WorldE[0m[1;33m], which doesn't have [0m[1;33m`operator>>`. Component will not be deserialized.[0m[1;33m[0m
[ign gazebo-2] [1;33m[GUI] [Wrn] [Application.cc:797] [0m[1;33m[QT] file::/EntityContextMenuPlugin/EntityContextMenuPlugin.qml:52:3: QML RenderWindowOverlay: Detected anchors on an item that is managed by a layout. This is undefined behavior; use Layout.alignment instead.[0m[1;33m[0m
[ign gazebo-2] [1;33m[GUI] [Wrn] [Application.cc:797] [0m[1;33m[QT] file::/EntityContextMenuPlugin/EntityContextMenuPlugin.qml:67:3: QML EntityContextMenu: Detected anchors on an item that is managed by a layout. This is undefined behavior; use Layout.alignment instead.[0m[1;33m[0m
[INFO] [create-4]: process started with pid [29092]
[INFO] [create-5]: process started with pid [29094]
[INFO] [create-6]: process started with pid [29096]
[INFO] [create-7]: process started with pid [29098]
[create-5] [INFO] [1754940976.290443671] [ros_gz_sim]: Requested creation of entity.
[create-5] [INFO] [1754940976.290706202] [ros_gz_sim]: OK creation of entity.
[create-4] [INFO] [1754940976.501978564] [ros_gz_sim]: Requested creation of entity.
[create-4] [INFO] [1754940976.502197863] [ros_gz_sim]: OK creation of entity.
[INFO] [create-5]: process has finished cleanly [pid 29094]
[create-7] [INFO] [1754940976.677935519] [ros_gz_sim]: Requested creation of entity.
[create-7] [INFO] [1754940976.678131745] [ros_gz_sim]: OK creation of entity.
[create-6] [INFO] [1754940976.686635708] [ros_gz_sim]: Requested creation of entity.
[create-6] [INFO] [1754940976.687129052] [ros_gz_sim]: OK creation of entity.
[INFO] [create-6]: process has finished cleanly [pid 29096]
[INFO] [create-4]: process has finished cleanly [pid 29092]
[INFO] [create-7]: process has finished cleanly [pid 29098]
[ign gazebo-2] [1;33m[GUI] [Wrn] [Ogre2RenderTarget.cc:574] [0m[1;33mAnti-aliasing level of '[0m[1;33m8[0m[1;33m' [0m[1;33mis not supported; valid FSAA levels are: [0m[1;33m[ 0 4 ][0m[1;33m. Setting to 0[0m[1;33m[0m
[ign gazebo-2] [1;36m[GUI] [Dbg] [Application.cc:426] [0m[1;36mLoading plugin [[0m[1;36mShapes[0m[1;36m][0m[1;36m[0m
[ign gazebo-2] [1;32m[GUI] [0m[1;32m[Msg] [0m[1;32mAdded plugin [[0m[1;32mShapes[0m[1;32m] to main window[0m[1;32m[0m
[ign gazebo-2] [1;32m[GUI] [0m[1;32m[Msg] [0m[1;32mLoaded plugin [[0m[1;32mShapes[0m[1;32m] from path [[0m[1;32m/usr/lib/x86_64-linux-gnu/ign-gazebo-6/plugins/gui/libShapes.so[0m[1;32m][0m[1;32m[0m
[ign gazebo-2] [1;36m[GUI] [Dbg] [Application.cc:426] [0m[1;36mLoading plugin [[0m[1;36mLights[0m[1;36m][0m[1;36m[0m
[ign gazebo-2] [1;32m[GUI] [0m[1;32m[Msg] [0m[1;32mAdded plugin [[0m[1;32mLights[0m[1;32m] to main window[0m[1;32m[0m
[ign gazebo-2] [1;32m[GUI] [0m[1;32m[Msg] [0m[1;32mLoaded plugin [[0m[1;32mLights[0m[1;32m] from path [[0m[1;32m/usr/lib/x86_64-linux-gnu/ign-gazebo-6/plugins/gui/libLights.so[0m[1;32m][0m[1;32m[0m
[ign gazebo-2] [1;36m[GUI] [Dbg] [Application.cc:426] [0m[1;36mLoading plugin [[0m[1;36mTransformControl[0m[1;36m][0m[1;36m[0m
[ign gazebo-2] [1;36m[GUI] [Dbg] [TransformControl.cc:222] [0m[1;36mLegacy mode is disabled; this plugin must be used with [0m[1;36mMinimalScene.[0m[1;36m[0m
[ign gazebo-2] [1;32m[GUI] [0m[1;32m[Msg] [0m[1;32mAdded plugin [[0m[1;32mTransform control[0m[1;32m] to main window[0m[1;32m[0m
[ign gazebo-2] [1;32m[GUI] [0m[1;32m[Msg] [0m[1;32mLoaded plugin [[0m[1;32mTransformControl[0m[1;32m] from path [[0m[1;32m/usr/lib/x86_64-linux-gnu/ign-gazebo-6/plugins/gui/libTransformControl.so[0m[1;32m][0m[1;32m[0m
[ign gazebo-2] [1;36m[GUI] [Dbg] [Application.cc:426] [0m[1;36mLoading plugin [[0m[1;36mScreenshot[0m[1;36m][0m[1;36m[0m
[ign gazebo-2] [1;32m[GUI] [0m[1;32m[Msg] [0m[1;32mScreenshot service on [[0m[1;32m/gui/screenshot[0m[1;32m][0m[1;32m[0m
[ign gazebo-2] [1;32m[GUI] [0m[1;32m[Msg] [0m[1;32mAdded plugin [[0m[1;32mScreenshot[0m[1;32m] to main window[0m[1;32m[0m
[ign gazebo-2] [1;32m[GUI] [0m[1;32m[Msg] [0m[1;32mLoaded plugin [[0m[1;32mScreenshot[0m[1;32m] from path [[0m[1;32m/usr/lib/x86_64-linux-gnu/ign-gui-6/plugins/libScreenshot.so[0m[1;32m][0m[1;32m[0m
[ign gazebo-2] [1;36m[GUI] [Dbg] [Application.cc:426] [0m[1;36mLoading plugin [[0m[1;36mCopyPaste[0m[1;36m][0m[1;36m[0m
[ign gazebo-2] [1;32m[GUI] [0m[1;32m[Msg] [0m[1;32mAdded plugin [[0m[1;32mCopy/Paste[0m[1;32m] to main window[0m[1;32m[0m
[ign gazebo-2] [1;32m[GUI] [0m[1;32m[Msg] [0m[1;32mLoaded plugin [[0m[1;32mCopyPaste[0m[1;32m] from path [[0m[1;32m/usr/lib/x86_64-linux-gnu/ign-gazebo-6/plugins/gui/libCopyPaste.so[0m[1;32m][0m[1;32m[0m
[ign gazebo-2] [1;36m[GUI] [Dbg] [Application.cc:426] [0m[1;36mLoading plugin [[0m[1;36mComponentInspector[0m[1;36m][0m[1;36m[0m
[ign gazebo-2] [1;32m[GUI] [0m[1;32m[Msg] [0m[1;32mAdded plugin [[0m[1;32mComponent inspector[0m[1;32m] to main window[0m[1;32m[0m
[ign gazebo-2] [1;32m[GUI] [0m[1;32m[Msg] [0m[1;32mLoaded plugin [[0m[1;32mComponentInspector[0m[1;32m] from path [[0m[1;32m/usr/lib/x86_64-linux-gnu/ign-gazebo-6/plugins/gui/libComponentInspector.so[0m[1;32m][0m[1;32m[0m
[ign gazebo-2] [1;36m[GUI] [Dbg] [Application.cc:426] [0m[1;36mLoading plugin [[0m[1;36mEntityTree[0m[1;36m][0m[1;36m[0m
[ign gazebo-2] [1;32m[GUI] [0m[1;32m[Msg] [0m[1;32mAdded plugin [[0m[1;32mEntity tree[0m[1;32m] to main window[0m[1;32m[0m
[ign gazebo-2] [1;32m[GUI] [0m[1;32m[Msg] [0m[1;32mLoaded plugin [[0m[1;32mEntityTree[0m[1;32m] from path [[0m[1;32m/usr/lib/x86_64-linux-gnu/ign-gazebo-6/plugins/gui/libEntityTree.so[0m[1;32m][0m[1;32m[0m
[ign gazebo-2] [1;36m[GUI] [Dbg] [Application.cc:296] [0m[1;36mLoading window config[0m[1;36m[0m
[ign gazebo-2] [1;32m[GUI] [0m[1;32m[Msg] [0m[1;32mUsing server control service [[0m[1;32m/server_control[0m[1;32m][0m[1;32m[0m
[ign gazebo-2] [1;36m[GUI] [Dbg] [Application.cc:569] [0m[1;36mApplying config[0m[1;36m[0m
[ign gazebo-2] [1;32m[GUI] [0m[1;32m[Msg] [0m[1;32mLoading plugin [[0m[1;32mignition-rendering-ogre2[0m[1;32m][0m[1;32m[0m
[ign gazebo-2] [1;36m[GUI] [Dbg] [MinimalScene.cc:602] [0m[1;36mCreate scene [[0m[1;36mscene[0m[1;36m][0m[1;36m[0m
[ign gazebo-2] [1;32m[GUI] [0m[1;32m[Msg] [0m[1;32mLoading plugin [[0m[1;32mignition-rendering-ogre2[0m[1;32m][0m[1;32m[0m
[ign gazebo-2] [1;36m[GUI] [Dbg] [TransformControl.cc:531] [0m[1;36mTransformControl plugin is using camera [[0m[1;36mscene::Camera(65527)[0m[1;36m][0m[1;36m[0m
[ERROR] [launch]: Caught exception in launch (see debug for traceback): package 'swarm_controller' found at '/root/ros2_ws/ros2_drone_swarm/install/swarm_controller', but libexec directory '/root/ros2_ws/ros2_drone_swarm/install/swarm_controller/lib/swarm_controller' does not exist
[INFO] [parameter_bridge-3]: sending signal 'SIGINT' to process[parameter_bridge-3]
[INFO] [ign gazebo-2]: sending signal 'SIGINT' to process[ign gazebo-2]
[INFO] [ign gazebo-1]: sending signal 'SIGINT' to process[ign gazebo-1]
[parameter_bridge-3] [INFO] [1754940977.861166501] [rclcpp]: signal_handler(signum=2)
[INFO] [parameter_bridge-3]: process has finished cleanly [pid 29051]
[ERROR] [ign gazebo-2]: process[ign gazebo-2] failed to terminate '5' seconds after receiving 'SIGINT', escalating to 'SIGTERM'
[ERROR] [ign gazebo-1]: process[ign gazebo-1] failed to terminate '5' seconds after receiving 'SIGINT', escalating to 'SIGTERM'
[INFO] [ign gazebo-2]: sending signal 'SIGTERM' to process[ign gazebo-2]
[INFO] [ign gazebo-1]: sending signal 'SIGTERM' to process[ign gazebo-1]
[ERROR] [ign gazebo-2]: process has died [pid 29000, exit code -15, cmd 'ruby /usr/bin/ign gazebo -g -v 4 --force-version 6'].
[ign gazebo-2] [1;32m[GUI] [0
[INFO] [launch]: process[ign gazebo-2] was required: shutting down launched system
[ERROR] [ign gazebo-1]: process has died [pid 28879, exit code -15, cmd 'ruby /usr/bin/ign gazebo -r -v 4 /root/ros2_ws/ros2_drone_swarm/install/swarm_controller/share/swarm_controller/worlds/swarm_arena.world --force-version 6'].
[ign gazebo-1] [1;36m[GUI] [Dbg] [TransformControl.cc:531
[INFO] [launch]: process[ign gazebo-1] was required: shutting down launched system
