/home/mh/Documents/ros2_drone_swarm/install/swarm_controller/lib/python3.12/site-packages/swarm_controller/mission_executor.py
/home/mh/Documents/ros2_drone_swarm/install/swarm_controller/lib/python3.12/site-packages/swarm_controller/__init__.py
/home/mh/Documents/ros2_drone_swarm/install/swarm_controller/lib/python3.12/site-packages/swarm_controller/swarm_drone.py
/home/mh/Documents/ros2_drone_swarm/install/swarm_controller/lib/python3.12/site-packages/swarm_controller/formation_controller.py
/home/mh/Documents/ros2_drone_swarm/install/swarm_controller/lib/python3.12/site-packages/swarm_controller/__pycache__/mission_executor.cpython-312.pyc
/home/mh/Documents/ros2_drone_swarm/install/swarm_controller/lib/python3.12/site-packages/swarm_controller/__pycache__/__init__.cpython-312.pyc
/home/mh/Documents/ros2_drone_swarm/install/swarm_controller/lib/python3.12/site-packages/swarm_controller/__pycache__/swarm_drone.cpython-312.pyc
/home/mh/Documents/ros2_drone_swarm/install/swarm_controller/lib/python3.12/site-packages/swarm_controller/__pycache__/formation_controller.cpython-312.pyc
/home/mh/Documents/ros2_drone_swarm/install/swarm_controller/share/ament_index/resource_index/packages/swarm_controller
/home/mh/Documents/ros2_drone_swarm/install/swarm_controller/share/swarm_controller/package.xml
/home/mh/Documents/ros2_drone_swarm/install/swarm_controller/share/swarm_controller/launch/simple_test.launch.py
/home/mh/Documents/ros2_drone_swarm/install/swarm_controller/share/swarm_controller/launch/run_competition.launch.py
/home/mh/Documents/ros2_drone_swarm/install/swarm_controller/share/swarm_controller/worlds/swarm_arena.world
/home/mh/Documents/ros2_drone_swarm/install/swarm_controller/share/swarm_controller/config/swarm_params.yaml
/home/mh/Documents/ros2_drone_swarm/install/swarm_controller/lib/python3.12/site-packages/swarm_controller-1.0.0-py3.12.egg-info/dependency_links.txt
/home/mh/Documents/ros2_drone_swarm/install/swarm_controller/lib/python3.12/site-packages/swarm_controller-1.0.0-py3.12.egg-info/requires.txt
/home/mh/Documents/ros2_drone_swarm/install/swarm_controller/lib/python3.12/site-packages/swarm_controller-1.0.0-py3.12.egg-info/PKG-INFO
/home/mh/Documents/ros2_drone_swarm/install/swarm_controller/lib/python3.12/site-packages/swarm_controller-1.0.0-py3.12.egg-info/entry_points.txt
/home/mh/Documents/ros2_drone_swarm/install/swarm_controller/lib/python3.12/site-packages/swarm_controller-1.0.0-py3.12.egg-info/zip-safe
/home/mh/Documents/ros2_drone_swarm/install/swarm_controller/lib/python3.12/site-packages/swarm_controller-1.0.0-py3.12.egg-info/top_level.txt
/home/mh/Documents/ros2_drone_swarm/install/swarm_controller/lib/python3.12/site-packages/swarm_controller-1.0.0-py3.12.egg-info/SOURCES.txt
/home/mh/Documents/ros2_drone_swarm/install/swarm_controller/bin/formation_controller
/home/mh/Documents/ros2_drone_swarm/install/swarm_controller/bin/mission_executor
/home/mh/Documents/ros2_drone_swarm/install/swarm_controller/bin/swarm_drone
