[0.124s] DEBUG:colcon:Command line arguments: ['/usr/bin/colcon', 'build', '--packages-select', 'swarm_controller', '--cmake-args', '-DCMAKE_BUILD_TYPE=Release', '--symlink-install']
[0.124s] DEBUG:colcon:Parsed command line arguments: Namespace(log_base=None, log_level=None, verb_name='build', build_base='build', install_base='install', merge_install=False, symlink_install=True, test_result_base=None, continue_on_error=False, executor='parallel', parallel_workers=12, event_handlers=None, ignore_user_meta=False, metas=['./colcon.meta'], base_paths=['.'], packages_ignore=None, packages_ignore_regex=None, paths=None, packages_up_to=None, packages_up_to_regex=None, packages_above=None, packages_above_and_dependencies=None, packages_above_depth=None, packages_select_by_dep=None, packages_skip_by_dep=None, packages_skip_up_to=None, packages_select_build_failed=False, packages_skip_build_finished=False, packages_select_test_failures=False, packages_skip_test_passed=False, packages_select=['swarm_controller'], packages_skip=None, packages_select_regex=None, packages_skip_regex=None, packages_start=None, packages_end=None, allow_overriding=[], cmake_args=['-DCMAKE_BUILD_TYPE=Release'], cmake_target=None, cmake_target_skip_unavailable=False, cmake_clean_cache=False, cmake_clean_first=False, cmake_force_configure=False, ament_cmake_args=None, catkin_cmake_args=None, catkin_skip_building_tests=False, mixin_files=None, mixin=None, verb_parser=<colcon_mixin.mixin.mixin_argument.MixinArgumentDecorator object at 0x7122f6b62d20>, verb_extension=<colcon_core.verb.build.BuildVerb object at 0x7122f7909ca0>, main=<bound method BuildVerb.main of <colcon_core.verb.build.BuildVerb object at 0x7122f7909ca0>>, mixin_verb=('build',))
[0.175s] Level 1:colcon.colcon_core.package_discovery:discover_packages(colcon_meta) check parameters
[0.175s] Level 1:colcon.colcon_core.package_discovery:discover_packages(recursive) check parameters
[0.175s] Level 1:colcon.colcon_core.package_discovery:discover_packages(ignore) check parameters
[0.175s] Level 1:colcon.colcon_core.package_discovery:discover_packages(path) check parameters
[0.175s] Level 1:colcon.colcon_core.package_discovery:discover_packages(colcon_meta) discover
[0.176s] Level 1:colcon.colcon_core.package_discovery:discover_packages(recursive) discover
[0.176s] INFO:colcon.colcon_core.package_discovery:Crawling recursively for packages in '/home/mh/Documents/ros2_drone_swarm'
[0.176s] Level 1:colcon.colcon_core.package_identification:_identify(.) by extensions ['ignore', 'ignore_ament_install']
[0.176s] Level 1:colcon.colcon_core.package_identification:_identify(.) by extension 'ignore'
[0.176s] Level 1:colcon.colcon_core.package_identification:_identify(.) by extension 'ignore_ament_install'
[0.176s] Level 1:colcon.colcon_core.package_identification:_identify(.) by extensions ['colcon_pkg']
[0.176s] Level 1:colcon.colcon_core.package_identification:_identify(.) by extension 'colcon_pkg'
[0.176s] Level 1:colcon.colcon_core.package_identification:_identify(.) by extensions ['colcon_meta']
[0.176s] Level 1:colcon.colcon_core.package_identification:_identify(.) by extension 'colcon_meta'
[0.176s] Level 1:colcon.colcon_core.package_identification:_identify(.) by extensions ['ros']
[0.176s] Level 1:colcon.colcon_core.package_identification:_identify(.) by extension 'ros'
[0.204s] Level 1:colcon.colcon_core.package_identification:_identify(.) by extensions ['cmake', 'python']
[0.205s] Level 1:colcon.colcon_core.package_identification:_identify(.) by extension 'cmake'
[0.205s] Level 1:colcon.colcon_core.package_identification:_identify(.) by extension 'python'
[0.205s] Level 1:colcon.colcon_core.package_identification:_identify(.) by extensions ['python_setup_py']
[0.205s] Level 1:colcon.colcon_core.package_identification:_identify(.) by extension 'python_setup_py'
[0.205s] Level 1:colcon.colcon_core.package_identification:_identify(Docs) by extensions ['ignore', 'ignore_ament_install']
[0.205s] Level 1:colcon.colcon_core.package_identification:_identify(Docs) by extension 'ignore'
[0.205s] Level 1:colcon.colcon_core.package_identification:_identify(Docs) by extension 'ignore_ament_install'
[0.205s] Level 1:colcon.colcon_core.package_identification:_identify(Docs) by extensions ['colcon_pkg']
[0.205s] Level 1:colcon.colcon_core.package_identification:_identify(Docs) by extension 'colcon_pkg'
[0.205s] Level 1:colcon.colcon_core.package_identification:_identify(Docs) by extensions ['colcon_meta']
[0.205s] Level 1:colcon.colcon_core.package_identification:_identify(Docs) by extension 'colcon_meta'
[0.205s] Level 1:colcon.colcon_core.package_identification:_identify(Docs) by extensions ['ros']
[0.205s] Level 1:colcon.colcon_core.package_identification:_identify(Docs) by extension 'ros'
[0.205s] Level 1:colcon.colcon_core.package_identification:_identify(Docs) by extensions ['cmake', 'python']
[0.205s] Level 1:colcon.colcon_core.package_identification:_identify(Docs) by extension 'cmake'
[0.205s] Level 1:colcon.colcon_core.package_identification:_identify(Docs) by extension 'python'
[0.205s] Level 1:colcon.colcon_core.package_identification:_identify(Docs) by extensions ['python_setup_py']
[0.206s] Level 1:colcon.colcon_core.package_identification:_identify(Docs) by extension 'python_setup_py'
[0.206s] Level 1:colcon.colcon_core.package_identification:_identify(build) by extensions ['ignore', 'ignore_ament_install']
[0.206s] Level 1:colcon.colcon_core.package_identification:_identify(build) by extension 'ignore'
[0.206s] Level 1:colcon.colcon_core.package_identification:_identify(build) ignored
[0.206s] Level 1:colcon.colcon_core.package_identification:_identify(install) by extensions ['ignore', 'ignore_ament_install']
[0.206s] Level 1:colcon.colcon_core.package_identification:_identify(install) by extension 'ignore'
[0.206s] Level 1:colcon.colcon_core.package_identification:_identify(install) ignored
[0.206s] Level 1:colcon.colcon_core.package_identification:_identify(log) by extensions ['ignore', 'ignore_ament_install']
[0.206s] Level 1:colcon.colcon_core.package_identification:_identify(log) by extension 'ignore'
[0.206s] Level 1:colcon.colcon_core.package_identification:_identify(log) ignored
[0.206s] Level 1:colcon.colcon_core.package_identification:_identify(logs) by extensions ['ignore', 'ignore_ament_install']
[0.206s] Level 1:colcon.colcon_core.package_identification:_identify(logs) by extension 'ignore'
[0.206s] Level 1:colcon.colcon_core.package_identification:_identify(logs) by extension 'ignore_ament_install'
[0.207s] Level 1:colcon.colcon_core.package_identification:_identify(logs) by extensions ['colcon_pkg']
[0.207s] Level 1:colcon.colcon_core.package_identification:_identify(logs) by extension 'colcon_pkg'
[0.207s] Level 1:colcon.colcon_core.package_identification:_identify(logs) by extensions ['colcon_meta']
[0.207s] Level 1:colcon.colcon_core.package_identification:_identify(logs) by extension 'colcon_meta'
[0.207s] Level 1:colcon.colcon_core.package_identification:_identify(logs) by extensions ['ros']
[0.207s] Level 1:colcon.colcon_core.package_identification:_identify(logs) by extension 'ros'
[0.207s] Level 1:colcon.colcon_core.package_identification:_identify(logs) by extensions ['cmake', 'python']
[0.207s] Level 1:colcon.colcon_core.package_identification:_identify(logs) by extension 'cmake'
[0.207s] Level 1:colcon.colcon_core.package_identification:_identify(logs) by extension 'python'
[0.207s] Level 1:colcon.colcon_core.package_identification:_identify(logs) by extensions ['python_setup_py']
[0.207s] Level 1:colcon.colcon_core.package_identification:_identify(logs) by extension 'python_setup_py'
[0.207s] Level 1:colcon.colcon_core.package_identification:_identify(my_env) by extensions ['ignore', 'ignore_ament_install']
[0.207s] Level 1:colcon.colcon_core.package_identification:_identify(my_env) by extension 'ignore'
[0.207s] Level 1:colcon.colcon_core.package_identification:_identify(my_env) by extension 'ignore_ament_install'
[0.207s] Level 1:colcon.colcon_core.package_identification:_identify(my_env) by extensions ['colcon_pkg']
[0.207s] Level 1:colcon.colcon_core.package_identification:_identify(my_env) by extension 'colcon_pkg'
[0.207s] Level 1:colcon.colcon_core.package_identification:_identify(my_env) by extensions ['colcon_meta']
[0.207s] Level 1:colcon.colcon_core.package_identification:_identify(my_env) by extension 'colcon_meta'
[0.207s] Level 1:colcon.colcon_core.package_identification:_identify(my_env) by extensions ['ros']
[0.207s] Level 1:colcon.colcon_core.package_identification:_identify(my_env) by extension 'ros'
[0.208s] Level 1:colcon.colcon_core.package_identification:_identify(my_env) by extensions ['cmake', 'python']
[0.208s] Level 1:colcon.colcon_core.package_identification:_identify(my_env) by extension 'cmake'
[0.208s] Level 1:colcon.colcon_core.package_identification:_identify(my_env) by extension 'python'
[0.208s] Level 1:colcon.colcon_core.package_identification:_identify(my_env) by extensions ['python_setup_py']
[0.208s] Level 1:colcon.colcon_core.package_identification:_identify(my_env) by extension 'python_setup_py'
[0.208s] Level 1:colcon.colcon_core.package_identification:_identify(my_env/bin) by extensions ['ignore', 'ignore_ament_install']
[0.208s] Level 1:colcon.colcon_core.package_identification:_identify(my_env/bin) by extension 'ignore'
[0.208s] Level 1:colcon.colcon_core.package_identification:_identify(my_env/bin) by extension 'ignore_ament_install'
[0.208s] Level 1:colcon.colcon_core.package_identification:_identify(my_env/bin) by extensions ['colcon_pkg']
[0.208s] Level 1:colcon.colcon_core.package_identification:_identify(my_env/bin) by extension 'colcon_pkg'
[0.208s] Level 1:colcon.colcon_core.package_identification:_identify(my_env/bin) by extensions ['colcon_meta']
[0.208s] Level 1:colcon.colcon_core.package_identification:_identify(my_env/bin) by extension 'colcon_meta'
[0.208s] Level 1:colcon.colcon_core.package_identification:_identify(my_env/bin) by extensions ['ros']
[0.208s] Level 1:colcon.colcon_core.package_identification:_identify(my_env/bin) by extension 'ros'
[0.208s] Level 1:colcon.colcon_core.package_identification:_identify(my_env/bin) by extensions ['cmake', 'python']
[0.208s] Level 1:colcon.colcon_core.package_identification:_identify(my_env/bin) by extension 'cmake'
[0.208s] Level 1:colcon.colcon_core.package_identification:_identify(my_env/bin) by extension 'python'
[0.209s] Level 1:colcon.colcon_core.package_identification:_identify(my_env/bin) by extensions ['python_setup_py']
[0.209s] Level 1:colcon.colcon_core.package_identification:_identify(my_env/bin) by extension 'python_setup_py'
[0.209s] Level 1:colcon.colcon_core.package_identification:_identify(src) by extensions ['ignore', 'ignore_ament_install']
[0.209s] Level 1:colcon.colcon_core.package_identification:_identify(src) by extension 'ignore'
[0.209s] Level 1:colcon.colcon_core.package_identification:_identify(src) by extension 'ignore_ament_install'
[0.209s] Level 1:colcon.colcon_core.package_identification:_identify(src) by extensions ['colcon_pkg']
[0.209s] Level 1:colcon.colcon_core.package_identification:_identify(src) by extension 'colcon_pkg'
[0.209s] Level 1:colcon.colcon_core.package_identification:_identify(src) by extensions ['colcon_meta']
[0.209s] Level 1:colcon.colcon_core.package_identification:_identify(src) by extension 'colcon_meta'
[0.209s] Level 1:colcon.colcon_core.package_identification:_identify(src) by extensions ['ros']
[0.209s] Level 1:colcon.colcon_core.package_identification:_identify(src) by extension 'ros'
[0.209s] Level 1:colcon.colcon_core.package_identification:_identify(src) by extensions ['cmake', 'python']
[0.209s] Level 1:colcon.colcon_core.package_identification:_identify(src) by extension 'cmake'
[0.209s] Level 1:colcon.colcon_core.package_identification:_identify(src) by extension 'python'
[0.209s] Level 1:colcon.colcon_core.package_identification:_identify(src) by extensions ['python_setup_py']
[0.209s] Level 1:colcon.colcon_core.package_identification:_identify(src) by extension 'python_setup_py'
[0.209s] Level 1:colcon.colcon_core.package_identification:_identify(src/swarm_controller) by extensions ['ignore', 'ignore_ament_install']
[0.209s] Level 1:colcon.colcon_core.package_identification:_identify(src/swarm_controller) by extension 'ignore'
[0.209s] Level 1:colcon.colcon_core.package_identification:_identify(src/swarm_controller) by extension 'ignore_ament_install'
[0.210s] Level 1:colcon.colcon_core.package_identification:_identify(src/swarm_controller) by extensions ['colcon_pkg']
[0.210s] Level 1:colcon.colcon_core.package_identification:_identify(src/swarm_controller) by extension 'colcon_pkg'
[0.210s] Level 1:colcon.colcon_core.package_identification:_identify(src/swarm_controller) by extensions ['colcon_meta']
[0.210s] Level 1:colcon.colcon_core.package_identification:_identify(src/swarm_controller) by extension 'colcon_meta'
[0.210s] Level 1:colcon.colcon_core.package_identification:_identify(src/swarm_controller) by extensions ['ros']
[0.210s] Level 1:colcon.colcon_core.package_identification:_identify(src/swarm_controller) by extension 'ros'
[0.213s] DEBUG:colcon.colcon_core.package_identification:Package 'src/swarm_controller' with type 'ros.ament_python' and name 'swarm_controller'
[0.213s] Level 1:colcon.colcon_core.package_identification:_identify(src/swarm_msgs) by extensions ['ignore', 'ignore_ament_install']
[0.213s] Level 1:colcon.colcon_core.package_identification:_identify(src/swarm_msgs) by extension 'ignore'
[0.213s] Level 1:colcon.colcon_core.package_identification:_identify(src/swarm_msgs) by extension 'ignore_ament_install'
[0.213s] Level 1:colcon.colcon_core.package_identification:_identify(src/swarm_msgs) by extensions ['colcon_pkg']
[0.213s] Level 1:colcon.colcon_core.package_identification:_identify(src/swarm_msgs) by extension 'colcon_pkg'
[0.213s] Level 1:colcon.colcon_core.package_identification:_identify(src/swarm_msgs) by extensions ['colcon_meta']
[0.213s] Level 1:colcon.colcon_core.package_identification:_identify(src/swarm_msgs) by extension 'colcon_meta'
[0.213s] Level 1:colcon.colcon_core.package_identification:_identify(src/swarm_msgs) by extensions ['ros']
[0.213s] Level 1:colcon.colcon_core.package_identification:_identify(src/swarm_msgs) by extension 'ros'
[0.214s] DEBUG:colcon.colcon_core.package_identification:Package 'src/swarm_msgs' with type 'ros.ament_cmake' and name 'swarm_msgs'
[0.214s] Level 1:colcon.colcon_core.package_identification:_identify(videos) by extensions ['ignore', 'ignore_ament_install']
[0.214s] Level 1:colcon.colcon_core.package_identification:_identify(videos) by extension 'ignore'
[0.214s] Level 1:colcon.colcon_core.package_identification:_identify(videos) by extension 'ignore_ament_install'
[0.214s] Level 1:colcon.colcon_core.package_identification:_identify(videos) by extensions ['colcon_pkg']
[0.214s] Level 1:colcon.colcon_core.package_identification:_identify(videos) by extension 'colcon_pkg'
[0.214s] Level 1:colcon.colcon_core.package_identification:_identify(videos) by extensions ['colcon_meta']
[0.214s] Level 1:colcon.colcon_core.package_identification:_identify(videos) by extension 'colcon_meta'
[0.214s] Level 1:colcon.colcon_core.package_identification:_identify(videos) by extensions ['ros']
[0.214s] Level 1:colcon.colcon_core.package_identification:_identify(videos) by extension 'ros'
[0.214s] Level 1:colcon.colcon_core.package_identification:_identify(videos) by extensions ['cmake', 'python']
[0.214s] Level 1:colcon.colcon_core.package_identification:_identify(videos) by extension 'cmake'
[0.214s] Level 1:colcon.colcon_core.package_identification:_identify(videos) by extension 'python'
[0.214s] Level 1:colcon.colcon_core.package_identification:_identify(videos) by extensions ['python_setup_py']
[0.215s] Level 1:colcon.colcon_core.package_identification:_identify(videos) by extension 'python_setup_py'
[0.215s] Level 1:colcon.colcon_core.package_discovery:discover_packages(recursive) using defaults
[0.215s] Level 1:colcon.colcon_core.package_discovery:discover_packages(ignore) discover
[0.215s] Level 1:colcon.colcon_core.package_discovery:discover_packages(ignore) using defaults
[0.215s] Level 1:colcon.colcon_core.package_discovery:discover_packages(path) discover
[0.215s] Level 1:colcon.colcon_core.package_discovery:discover_packages(path) using defaults
[0.233s] INFO:colcon.colcon_core.package_selection:Skipping not selected package 'swarm_msgs' in 'src/swarm_msgs'
[0.233s] Level 1:colcon.colcon_core.package_discovery:discover_packages(prefix_path) check parameters
[0.234s] Level 1:colcon.colcon_core.package_discovery:discover_packages(prefix_path) discover
[0.235s] DEBUG:colcon.colcon_installed_package_information.package_discovery:Found 1 installed packages in /home/mh/Documents/ros2_drone_swarm/install
[0.237s] DEBUG:colcon.colcon_installed_package_information.package_discovery:Found 323 installed packages in /opt/ros/jazzy
[0.238s] Level 1:colcon.colcon_core.package_discovery:discover_packages(prefix_path) using defaults
[0.291s] Level 5:colcon.colcon_core.verb:set package 'swarm_controller' build argument 'cmake_args' from command line to '['-DCMAKE_BUILD_TYPE=Release']'
[0.291s] Level 5:colcon.colcon_core.verb:set package 'swarm_controller' build argument 'cmake_target' from command line to 'None'
[0.291s] Level 5:colcon.colcon_core.verb:set package 'swarm_controller' build argument 'cmake_target_skip_unavailable' from command line to 'False'
[0.291s] Level 5:colcon.colcon_core.verb:set package 'swarm_controller' build argument 'cmake_clean_cache' from command line to 'False'
[0.291s] Level 5:colcon.colcon_core.verb:set package 'swarm_controller' build argument 'cmake_clean_first' from command line to 'False'
[0.291s] Level 5:colcon.colcon_core.verb:set package 'swarm_controller' build argument 'cmake_force_configure' from command line to 'False'
[0.292s] Level 5:colcon.colcon_core.verb:set package 'swarm_controller' build argument 'ament_cmake_args' from command line to 'None'
[0.292s] Level 5:colcon.colcon_core.verb:set package 'swarm_controller' build argument 'catkin_cmake_args' from command line to 'None'
[0.292s] Level 5:colcon.colcon_core.verb:set package 'swarm_controller' build argument 'catkin_skip_building_tests' from command line to 'False'
[0.292s] DEBUG:colcon.colcon_core.verb:Building package 'swarm_controller' with the following arguments: {'ament_cmake_args': None, 'build_base': '/home/mh/Documents/ros2_drone_swarm/build/swarm_controller', 'catkin_cmake_args': None, 'catkin_skip_building_tests': False, 'cmake_args': ['-DCMAKE_BUILD_TYPE=Release'], 'cmake_clean_cache': False, 'cmake_clean_first': False, 'cmake_force_configure': False, 'cmake_target': None, 'cmake_target_skip_unavailable': False, 'install_base': '/home/mh/Documents/ros2_drone_swarm/install/swarm_controller', 'merge_install': False, 'path': '/home/mh/Documents/ros2_drone_swarm/src/swarm_controller', 'symlink_install': True, 'test_result_base': None}
[0.292s] INFO:colcon.colcon_core.executor:Executing jobs using 'parallel' executor
[0.293s] DEBUG:colcon.colcon_parallel_executor.executor.parallel:run_until_complete
[0.293s] INFO:colcon.colcon_ros.task.ament_python.build:Building ROS package in '/home/mh/Documents/ros2_drone_swarm/src/swarm_controller' with build type 'ament_python'
[0.293s] Level 1:colcon.colcon_core.shell:create_environment_hook('swarm_controller', 'ament_prefix_path')
[0.296s] INFO:colcon.colcon_core.plugin_system:Skipping extension 'colcon_core.shell.bat': Not used on non-Windows systems
[0.296s] INFO:colcon.colcon_core.shell:Creating environment hook '/home/mh/Documents/ros2_drone_swarm/install/swarm_controller/share/swarm_controller/hook/ament_prefix_path.ps1'
[0.297s] INFO:colcon.colcon_core.shell:Creating environment descriptor '/home/mh/Documents/ros2_drone_swarm/install/swarm_controller/share/swarm_controller/hook/ament_prefix_path.dsv'
[0.297s] INFO:colcon.colcon_core.shell:Creating environment hook '/home/mh/Documents/ros2_drone_swarm/install/swarm_controller/share/swarm_controller/hook/ament_prefix_path.sh'
[0.298s] INFO:colcon.colcon_core.shell:Skip shell extension 'powershell' for command environment: Not usable outside of PowerShell
[0.298s] DEBUG:colcon.colcon_core.shell:Skip shell extension 'dsv' for command environment
[0.553s] INFO:colcon.colcon_core.task.python.build:Building Python package in '/home/mh/Documents/ros2_drone_swarm/src/swarm_controller'
[0.553s] INFO:colcon.colcon_core.shell:Skip shell extension 'powershell' for command environment: Not usable outside of PowerShell
[0.553s] DEBUG:colcon.colcon_core.shell:Skip shell extension 'dsv' for command environment
[1.250s] DEBUG:colcon.colcon_core.event_handler.log_command:Invoking command in '/home/mh/Documents/ros2_drone_swarm/build/swarm_controller': DEBUGINFOD_URLS=https://debuginfod.ubuntu.com PYTHONPATH=/home/mh/Documents/ros2_drone_swarm/build/swarm_controller/prefix_override:/usr/lib/python3/dist-packages/colcon_core/task/python/colcon_distutils_commands:/home/mh/Documents/ros2_drone_swarm/install/swarm_controller/lib/python3.12/site-packages:${PYTHONPATH} /usr/bin/python3 -W ignore:setup.py install is deprecated -W ignore:easy_install command is deprecated setup.py develop --editable --build-directory /home/mh/Documents/ros2_drone_swarm/build/swarm_controller/build --no-deps symlink_data
[2.020s] Level 1:colcon.colcon_core.shell:create_environment_hook('swarm_controller', 'pythonpath_develop')
[2.020s] INFO:colcon.colcon_core.shell:Creating environment hook '/home/mh/Documents/ros2_drone_swarm/build/swarm_controller/share/swarm_controller/hook/pythonpath_develop.ps1'
[2.020s] DEBUG:colcon.colcon_core.event_handler.log_command:Invoked command in '/home/mh/Documents/ros2_drone_swarm/build/swarm_controller' returned '0': DEBUGINFOD_URLS=https://debuginfod.ubuntu.com PYTHONPATH=/home/mh/Documents/ros2_drone_swarm/build/swarm_controller/prefix_override:/usr/lib/python3/dist-packages/colcon_core/task/python/colcon_distutils_commands:/home/mh/Documents/ros2_drone_swarm/install/swarm_controller/lib/python3.12/site-packages:${PYTHONPATH} /usr/bin/python3 -W ignore:setup.py install is deprecated -W ignore:easy_install command is deprecated setup.py develop --editable --build-directory /home/mh/Documents/ros2_drone_swarm/build/swarm_controller/build --no-deps symlink_data
[2.021s] INFO:colcon.colcon_core.shell:Creating environment descriptor '/home/mh/Documents/ros2_drone_swarm/build/swarm_controller/share/swarm_controller/hook/pythonpath_develop.dsv'
[2.021s] INFO:colcon.colcon_core.shell:Creating environment hook '/home/mh/Documents/ros2_drone_swarm/build/swarm_controller/share/swarm_controller/hook/pythonpath_develop.sh'
[2.023s] Level 1:colcon.colcon_core.environment:checking '/home/mh/Documents/ros2_drone_swarm/install/swarm_controller' for CMake module files
[2.024s] Level 1:colcon.colcon_core.environment:checking '/home/mh/Documents/ros2_drone_swarm/install/swarm_controller' for CMake config files
[2.025s] Level 1:colcon.colcon_core.environment:checking '/home/mh/Documents/ros2_drone_swarm/install/swarm_controller/lib'
[2.025s] Level 1:colcon.colcon_core.environment:checking '/home/mh/Documents/ros2_drone_swarm/install/swarm_controller/bin'
[2.025s] Level 1:colcon.colcon_core.shell:create_environment_hook('swarm_controller', 'path')
[2.025s] INFO:colcon.colcon_core.shell:Creating environment hook '/home/mh/Documents/ros2_drone_swarm/install/swarm_controller/share/swarm_controller/hook/path.ps1'
[2.025s] INFO:colcon.colcon_core.shell:Creating environment descriptor '/home/mh/Documents/ros2_drone_swarm/install/swarm_controller/share/swarm_controller/hook/path.dsv'
[2.026s] INFO:colcon.colcon_core.shell:Creating environment hook '/home/mh/Documents/ros2_drone_swarm/install/swarm_controller/share/swarm_controller/hook/path.sh'
[2.026s] Level 1:colcon.colcon_core.environment:checking '/home/mh/Documents/ros2_drone_swarm/install/swarm_controller/lib/pkgconfig/swarm_controller.pc'
[2.026s] Level 1:colcon.colcon_core.environment:checking '/home/mh/Documents/ros2_drone_swarm/install/swarm_controller/lib/python3.12/site-packages'
[2.026s] Level 1:colcon.colcon_core.shell:create_environment_hook('swarm_controller', 'pythonpath')
[2.027s] INFO:colcon.colcon_core.shell:Creating environment hook '/home/mh/Documents/ros2_drone_swarm/install/swarm_controller/share/swarm_controller/hook/pythonpath.ps1'
[2.027s] INFO:colcon.colcon_core.shell:Creating environment descriptor '/home/mh/Documents/ros2_drone_swarm/install/swarm_controller/share/swarm_controller/hook/pythonpath.dsv'
[2.027s] INFO:colcon.colcon_core.shell:Creating environment hook '/home/mh/Documents/ros2_drone_swarm/install/swarm_controller/share/swarm_controller/hook/pythonpath.sh'
[2.028s] Level 1:colcon.colcon_core.environment:checking '/home/mh/Documents/ros2_drone_swarm/install/swarm_controller/bin'
[2.028s] Level 1:colcon.colcon_core.shell:create_environment_hook('swarm_controller', 'pythonscriptspath')
[2.028s] INFO:colcon.colcon_core.shell:Creating environment hook '/home/mh/Documents/ros2_drone_swarm/install/swarm_controller/share/swarm_controller/hook/pythonscriptspath.ps1'
[2.028s] INFO:colcon.colcon_core.shell:Creating environment descriptor '/home/mh/Documents/ros2_drone_swarm/install/swarm_controller/share/swarm_controller/hook/pythonscriptspath.dsv'
[2.029s] INFO:colcon.colcon_core.shell:Creating environment hook '/home/mh/Documents/ros2_drone_swarm/install/swarm_controller/share/swarm_controller/hook/pythonscriptspath.sh'
[2.029s] Level 1:colcon.colcon_core.environment:create_environment_scripts_only(swarm_controller)
[2.029s] INFO:colcon.colcon_core.shell:Creating package script '/home/mh/Documents/ros2_drone_swarm/install/swarm_controller/share/swarm_controller/package.ps1'
[2.030s] INFO:colcon.colcon_core.shell:Creating package descriptor '/home/mh/Documents/ros2_drone_swarm/install/swarm_controller/share/swarm_controller/package.dsv'
[2.031s] INFO:colcon.colcon_core.shell:Creating package script '/home/mh/Documents/ros2_drone_swarm/install/swarm_controller/share/swarm_controller/package.sh'
[2.031s] INFO:colcon.colcon_core.shell:Creating package script '/home/mh/Documents/ros2_drone_swarm/install/swarm_controller/share/swarm_controller/package.bash'
[2.032s] INFO:colcon.colcon_core.shell:Creating package script '/home/mh/Documents/ros2_drone_swarm/install/swarm_controller/share/swarm_controller/package.zsh'
[2.032s] Level 1:colcon.colcon_core.environment:create_file_with_runtime_dependencies(/home/mh/Documents/ros2_drone_swarm/install/swarm_controller/share/colcon-core/packages/swarm_controller)
[2.033s] DEBUG:colcon.colcon_parallel_executor.executor.parallel:closing loop
[2.033s] DEBUG:colcon.colcon_parallel_executor.executor.parallel:loop closed
[2.033s] DEBUG:colcon.colcon_parallel_executor.executor.parallel:run_until_complete finished with '0'
[2.033s] DEBUG:colcon.colcon_core.event_reactor:joining thread
[2.038s] INFO:colcon.colcon_core.plugin_system:Skipping extension 'colcon_notification.desktop_notification.terminal_notifier': Not used on non-Darwin systems
[2.038s] INFO:colcon.colcon_core.plugin_system:Skipping extension 'colcon_notification.desktop_notification.win32': Not used on non-Windows systems
[2.038s] INFO:colcon.colcon_notification.desktop_notification:Sending desktop notification using 'notify2'
[2.044s] DEBUG:colcon.colcon_core.event_reactor:joined thread
[2.045s] INFO:colcon.colcon_core.shell:Creating prefix script '/home/mh/Documents/ros2_drone_swarm/install/local_setup.ps1'
[2.046s] INFO:colcon.colcon_core.shell:Creating prefix util module '/home/mh/Documents/ros2_drone_swarm/install/_local_setup_util_ps1.py'
[2.047s] INFO:colcon.colcon_core.shell:Creating prefix chain script '/home/mh/Documents/ros2_drone_swarm/install/setup.ps1'
[2.048s] INFO:colcon.colcon_core.shell:Creating prefix script '/home/mh/Documents/ros2_drone_swarm/install/local_setup.sh'
[2.048s] INFO:colcon.colcon_core.shell:Creating prefix util module '/home/mh/Documents/ros2_drone_swarm/install/_local_setup_util_sh.py'
[2.049s] INFO:colcon.colcon_core.shell:Creating prefix chain script '/home/mh/Documents/ros2_drone_swarm/install/setup.sh'
[2.050s] INFO:colcon.colcon_core.shell:Creating prefix script '/home/mh/Documents/ros2_drone_swarm/install/local_setup.bash'
[2.050s] INFO:colcon.colcon_core.shell:Creating prefix chain script '/home/mh/Documents/ros2_drone_swarm/install/setup.bash'
[2.051s] INFO:colcon.colcon_core.shell:Creating prefix script '/home/mh/Documents/ros2_drone_swarm/install/local_setup.zsh'
[2.052s] INFO:colcon.colcon_core.shell:Creating prefix chain script '/home/mh/Documents/ros2_drone_swarm/install/setup.zsh'
