[0.120s] DEBUG:colcon:Command line arguments: ['/usr/bin/colcon', 'build']
[0.120s] DEBUG:colcon:Parsed command line arguments: Namespace(log_base=None, log_level=None, verb_name='build', build_base='build', install_base='install', merge_install=False, symlink_install=False, test_result_base=None, continue_on_error=False, executor='parallel', parallel_workers=12, event_handlers=None, ignore_user_meta=False, metas=['./colcon.meta'], base_paths=['.'], packages_ignore=None, packages_ignore_regex=None, paths=None, packages_up_to=None, packages_up_to_regex=None, packages_above=None, packages_above_and_dependencies=None, packages_above_depth=None, packages_select_by_dep=None, packages_skip_by_dep=None, packages_skip_up_to=None, packages_select_build_failed=False, packages_skip_build_finished=False, packages_select_test_failures=False, packages_skip_test_passed=False, packages_select=None, packages_skip=None, packages_select_regex=None, packages_skip_regex=None, packages_start=None, packages_end=None, allow_overriding=[], cmake_args=None, cmake_target=None, cmake_target_skip_unavailable=False, cmake_clean_cache=False, cmake_clean_first=False, cmake_force_configure=False, ament_cmake_args=None, catkin_cmake_args=None, catkin_skip_building_tests=False, mixin_files=None, mixin=None, verb_parser=<colcon_mixin.mixin.mixin_argument.MixinArgumentDecorator object at 0x7dde5df9ad20>, verb_extension=<colcon_core.verb.build.BuildVerb object at 0x7dde5e0cf440>, main=<bound method BuildVerb.main of <colcon_core.verb.build.BuildVerb object at 0x7dde5e0cf440>>, mixin_verb=('build',))
[0.168s] Level 1:colcon.colcon_core.package_discovery:discover_packages(colcon_meta) check parameters
[0.168s] Level 1:colcon.colcon_core.package_discovery:discover_packages(recursive) check parameters
[0.168s] Level 1:colcon.colcon_core.package_discovery:discover_packages(ignore) check parameters
[0.168s] Level 1:colcon.colcon_core.package_discovery:discover_packages(path) check parameters
[0.168s] Level 1:colcon.colcon_core.package_discovery:discover_packages(colcon_meta) discover
[0.168s] Level 1:colcon.colcon_core.package_discovery:discover_packages(recursive) discover
[0.168s] INFO:colcon.colcon_core.package_discovery:Crawling recursively for packages in '/home/mh/Documents/ros2_drone_swarm'
[0.168s] Level 1:colcon.colcon_core.package_identification:_identify(.) by extensions ['ignore', 'ignore_ament_install']
[0.168s] Level 1:colcon.colcon_core.package_identification:_identify(.) by extension 'ignore'
[0.168s] Level 1:colcon.colcon_core.package_identification:_identify(.) by extension 'ignore_ament_install'
[0.168s] Level 1:colcon.colcon_core.package_identification:_identify(.) by extensions ['colcon_pkg']
[0.168s] Level 1:colcon.colcon_core.package_identification:_identify(.) by extension 'colcon_pkg'
[0.168s] Level 1:colcon.colcon_core.package_identification:_identify(.) by extensions ['colcon_meta']
[0.168s] Level 1:colcon.colcon_core.package_identification:_identify(.) by extension 'colcon_meta'
[0.168s] Level 1:colcon.colcon_core.package_identification:_identify(.) by extensions ['ros']
[0.168s] Level 1:colcon.colcon_core.package_identification:_identify(.) by extension 'ros'
[0.193s] Level 1:colcon.colcon_core.package_identification:_identify(.) by extensions ['cmake', 'python']
[0.193s] Level 1:colcon.colcon_core.package_identification:_identify(.) by extension 'cmake'
[0.193s] Level 1:colcon.colcon_core.package_identification:_identify(.) by extension 'python'
[0.193s] Level 1:colcon.colcon_core.package_identification:_identify(.) by extensions ['python_setup_py']
[0.193s] Level 1:colcon.colcon_core.package_identification:_identify(.) by extension 'python_setup_py'
[0.193s] Level 1:colcon.colcon_core.package_identification:_identify(Docs) by extensions ['ignore', 'ignore_ament_install']
[0.193s] Level 1:colcon.colcon_core.package_identification:_identify(Docs) by extension 'ignore'
[0.193s] Level 1:colcon.colcon_core.package_identification:_identify(Docs) by extension 'ignore_ament_install'
[0.193s] Level 1:colcon.colcon_core.package_identification:_identify(Docs) by extensions ['colcon_pkg']
[0.193s] Level 1:colcon.colcon_core.package_identification:_identify(Docs) by extension 'colcon_pkg'
[0.193s] Level 1:colcon.colcon_core.package_identification:_identify(Docs) by extensions ['colcon_meta']
[0.193s] Level 1:colcon.colcon_core.package_identification:_identify(Docs) by extension 'colcon_meta'
[0.193s] Level 1:colcon.colcon_core.package_identification:_identify(Docs) by extensions ['ros']
[0.193s] Level 1:colcon.colcon_core.package_identification:_identify(Docs) by extension 'ros'
[0.194s] Level 1:colcon.colcon_core.package_identification:_identify(Docs) by extensions ['cmake', 'python']
[0.194s] Level 1:colcon.colcon_core.package_identification:_identify(Docs) by extension 'cmake'
[0.194s] Level 1:colcon.colcon_core.package_identification:_identify(Docs) by extension 'python'
[0.194s] Level 1:colcon.colcon_core.package_identification:_identify(Docs) by extensions ['python_setup_py']
[0.194s] Level 1:colcon.colcon_core.package_identification:_identify(Docs) by extension 'python_setup_py'
[0.194s] Level 1:colcon.colcon_core.package_identification:_identify(build) by extensions ['ignore', 'ignore_ament_install']
[0.194s] Level 1:colcon.colcon_core.package_identification:_identify(build) by extension 'ignore'
[0.194s] Level 1:colcon.colcon_core.package_identification:_identify(build) ignored
[0.194s] Level 1:colcon.colcon_core.package_identification:_identify(install) by extensions ['ignore', 'ignore_ament_install']
[0.194s] Level 1:colcon.colcon_core.package_identification:_identify(install) by extension 'ignore'
[0.194s] Level 1:colcon.colcon_core.package_identification:_identify(install) ignored
[0.194s] Level 1:colcon.colcon_core.package_identification:_identify(log) by extensions ['ignore', 'ignore_ament_install']
[0.194s] Level 1:colcon.colcon_core.package_identification:_identify(log) by extension 'ignore'
[0.194s] Level 1:colcon.colcon_core.package_identification:_identify(log) ignored
[0.194s] Level 1:colcon.colcon_core.package_identification:_identify(logs) by extensions ['ignore', 'ignore_ament_install']
[0.194s] Level 1:colcon.colcon_core.package_identification:_identify(logs) by extension 'ignore'
[0.194s] Level 1:colcon.colcon_core.package_identification:_identify(logs) by extension 'ignore_ament_install'
[0.195s] Level 1:colcon.colcon_core.package_identification:_identify(logs) by extensions ['colcon_pkg']
[0.195s] Level 1:colcon.colcon_core.package_identification:_identify(logs) by extension 'colcon_pkg'
[0.195s] Level 1:colcon.colcon_core.package_identification:_identify(logs) by extensions ['colcon_meta']
[0.195s] Level 1:colcon.colcon_core.package_identification:_identify(logs) by extension 'colcon_meta'
[0.195s] Level 1:colcon.colcon_core.package_identification:_identify(logs) by extensions ['ros']
[0.195s] Level 1:colcon.colcon_core.package_identification:_identify(logs) by extension 'ros'
[0.195s] Level 1:colcon.colcon_core.package_identification:_identify(logs) by extensions ['cmake', 'python']
[0.195s] Level 1:colcon.colcon_core.package_identification:_identify(logs) by extension 'cmake'
[0.195s] Level 1:colcon.colcon_core.package_identification:_identify(logs) by extension 'python'
[0.195s] Level 1:colcon.colcon_core.package_identification:_identify(logs) by extensions ['python_setup_py']
[0.195s] Level 1:colcon.colcon_core.package_identification:_identify(logs) by extension 'python_setup_py'
[0.195s] Level 1:colcon.colcon_core.package_identification:_identify(my_env) by extensions ['ignore', 'ignore_ament_install']
[0.195s] Level 1:colcon.colcon_core.package_identification:_identify(my_env) by extension 'ignore'
[0.195s] Level 1:colcon.colcon_core.package_identification:_identify(my_env) by extension 'ignore_ament_install'
[0.195s] Level 1:colcon.colcon_core.package_identification:_identify(my_env) by extensions ['colcon_pkg']
[0.195s] Level 1:colcon.colcon_core.package_identification:_identify(my_env) by extension 'colcon_pkg'
[0.195s] Level 1:colcon.colcon_core.package_identification:_identify(my_env) by extensions ['colcon_meta']
[0.195s] Level 1:colcon.colcon_core.package_identification:_identify(my_env) by extension 'colcon_meta'
[0.195s] Level 1:colcon.colcon_core.package_identification:_identify(my_env) by extensions ['ros']
[0.195s] Level 1:colcon.colcon_core.package_identification:_identify(my_env) by extension 'ros'
[0.195s] Level 1:colcon.colcon_core.package_identification:_identify(my_env) by extensions ['cmake', 'python']
[0.195s] Level 1:colcon.colcon_core.package_identification:_identify(my_env) by extension 'cmake'
[0.195s] Level 1:colcon.colcon_core.package_identification:_identify(my_env) by extension 'python'
[0.195s] Level 1:colcon.colcon_core.package_identification:_identify(my_env) by extensions ['python_setup_py']
[0.195s] Level 1:colcon.colcon_core.package_identification:_identify(my_env) by extension 'python_setup_py'
[0.196s] Level 1:colcon.colcon_core.package_identification:_identify(my_env/bin) by extensions ['ignore', 'ignore_ament_install']
[0.196s] Level 1:colcon.colcon_core.package_identification:_identify(my_env/bin) by extension 'ignore'
[0.196s] Level 1:colcon.colcon_core.package_identification:_identify(my_env/bin) by extension 'ignore_ament_install'
[0.196s] Level 1:colcon.colcon_core.package_identification:_identify(my_env/bin) by extensions ['colcon_pkg']
[0.196s] Level 1:colcon.colcon_core.package_identification:_identify(my_env/bin) by extension 'colcon_pkg'
[0.196s] Level 1:colcon.colcon_core.package_identification:_identify(my_env/bin) by extensions ['colcon_meta']
[0.196s] Level 1:colcon.colcon_core.package_identification:_identify(my_env/bin) by extension 'colcon_meta'
[0.196s] Level 1:colcon.colcon_core.package_identification:_identify(my_env/bin) by extensions ['ros']
[0.196s] Level 1:colcon.colcon_core.package_identification:_identify(my_env/bin) by extension 'ros'
[0.196s] Level 1:colcon.colcon_core.package_identification:_identify(my_env/bin) by extensions ['cmake', 'python']
[0.196s] Level 1:colcon.colcon_core.package_identification:_identify(my_env/bin) by extension 'cmake'
[0.196s] Level 1:colcon.colcon_core.package_identification:_identify(my_env/bin) by extension 'python'
[0.196s] Level 1:colcon.colcon_core.package_identification:_identify(my_env/bin) by extensions ['python_setup_py']
[0.196s] Level 1:colcon.colcon_core.package_identification:_identify(my_env/bin) by extension 'python_setup_py'
[0.196s] Level 1:colcon.colcon_core.package_identification:_identify(src) by extensions ['ignore', 'ignore_ament_install']
[0.196s] Level 1:colcon.colcon_core.package_identification:_identify(src) by extension 'ignore'
[0.196s] Level 1:colcon.colcon_core.package_identification:_identify(src) by extension 'ignore_ament_install'
[0.196s] Level 1:colcon.colcon_core.package_identification:_identify(src) by extensions ['colcon_pkg']
[0.196s] Level 1:colcon.colcon_core.package_identification:_identify(src) by extension 'colcon_pkg'
[0.196s] Level 1:colcon.colcon_core.package_identification:_identify(src) by extensions ['colcon_meta']
[0.196s] Level 1:colcon.colcon_core.package_identification:_identify(src) by extension 'colcon_meta'
[0.197s] Level 1:colcon.colcon_core.package_identification:_identify(src) by extensions ['ros']
[0.197s] Level 1:colcon.colcon_core.package_identification:_identify(src) by extension 'ros'
[0.197s] Level 1:colcon.colcon_core.package_identification:_identify(src) by extensions ['cmake', 'python']
[0.197s] Level 1:colcon.colcon_core.package_identification:_identify(src) by extension 'cmake'
[0.197s] Level 1:colcon.colcon_core.package_identification:_identify(src) by extension 'python'
[0.197s] Level 1:colcon.colcon_core.package_identification:_identify(src) by extensions ['python_setup_py']
[0.197s] Level 1:colcon.colcon_core.package_identification:_identify(src) by extension 'python_setup_py'
[0.197s] Level 1:colcon.colcon_core.package_identification:_identify(src/swarm_controller) by extensions ['ignore', 'ignore_ament_install']
[0.197s] Level 1:colcon.colcon_core.package_identification:_identify(src/swarm_controller) by extension 'ignore'
[0.197s] Level 1:colcon.colcon_core.package_identification:_identify(src/swarm_controller) by extension 'ignore_ament_install'
[0.197s] Level 1:colcon.colcon_core.package_identification:_identify(src/swarm_controller) by extensions ['colcon_pkg']
[0.197s] Level 1:colcon.colcon_core.package_identification:_identify(src/swarm_controller) by extension 'colcon_pkg'
[0.197s] Level 1:colcon.colcon_core.package_identification:_identify(src/swarm_controller) by extensions ['colcon_meta']
[0.197s] Level 1:colcon.colcon_core.package_identification:_identify(src/swarm_controller) by extension 'colcon_meta'
[0.197s] Level 1:colcon.colcon_core.package_identification:_identify(src/swarm_controller) by extensions ['ros']
[0.197s] Level 1:colcon.colcon_core.package_identification:_identify(src/swarm_controller) by extension 'ros'
[0.200s] DEBUG:colcon.colcon_core.package_identification:Package 'src/swarm_controller' with type 'ros.ament_python' and name 'swarm_controller'
[0.200s] Level 1:colcon.colcon_core.package_identification:_identify(src/swarm_msgs) by extensions ['ignore', 'ignore_ament_install']
[0.200s] Level 1:colcon.colcon_core.package_identification:_identify(src/swarm_msgs) by extension 'ignore'
[0.200s] Level 1:colcon.colcon_core.package_identification:_identify(src/swarm_msgs) by extension 'ignore_ament_install'
[0.200s] Level 1:colcon.colcon_core.package_identification:_identify(src/swarm_msgs) by extensions ['colcon_pkg']
[0.200s] Level 1:colcon.colcon_core.package_identification:_identify(src/swarm_msgs) by extension 'colcon_pkg'
[0.200s] Level 1:colcon.colcon_core.package_identification:_identify(src/swarm_msgs) by extensions ['colcon_meta']
[0.200s] Level 1:colcon.colcon_core.package_identification:_identify(src/swarm_msgs) by extension 'colcon_meta'
[0.200s] Level 1:colcon.colcon_core.package_identification:_identify(src/swarm_msgs) by extensions ['ros']
[0.201s] Level 1:colcon.colcon_core.package_identification:_identify(src/swarm_msgs) by extension 'ros'
[0.201s] DEBUG:colcon.colcon_core.package_identification:Package 'src/swarm_msgs' with type 'ros.ament_cmake' and name 'swarm_msgs'
[0.201s] Level 1:colcon.colcon_core.package_identification:_identify(videos) by extensions ['ignore', 'ignore_ament_install']
[0.201s] Level 1:colcon.colcon_core.package_identification:_identify(videos) by extension 'ignore'
[0.201s] Level 1:colcon.colcon_core.package_identification:_identify(videos) by extension 'ignore_ament_install'
[0.201s] Level 1:colcon.colcon_core.package_identification:_identify(videos) by extensions ['colcon_pkg']
[0.201s] Level 1:colcon.colcon_core.package_identification:_identify(videos) by extension 'colcon_pkg'
[0.201s] Level 1:colcon.colcon_core.package_identification:_identify(videos) by extensions ['colcon_meta']
[0.202s] Level 1:colcon.colcon_core.package_identification:_identify(videos) by extension 'colcon_meta'
[0.202s] Level 1:colcon.colcon_core.package_identification:_identify(videos) by extensions ['ros']
[0.202s] Level 1:colcon.colcon_core.package_identification:_identify(videos) by extension 'ros'
[0.202s] Level 1:colcon.colcon_core.package_identification:_identify(videos) by extensions ['cmake', 'python']
[0.202s] Level 1:colcon.colcon_core.package_identification:_identify(videos) by extension 'cmake'
[0.202s] Level 1:colcon.colcon_core.package_identification:_identify(videos) by extension 'python'
[0.202s] Level 1:colcon.colcon_core.package_identification:_identify(videos) by extensions ['python_setup_py']
[0.202s] Level 1:colcon.colcon_core.package_identification:_identify(videos) by extension 'python_setup_py'
[0.202s] Level 1:colcon.colcon_core.package_discovery:discover_packages(recursive) using defaults
[0.202s] Level 1:colcon.colcon_core.package_discovery:discover_packages(ignore) discover
[0.202s] Level 1:colcon.colcon_core.package_discovery:discover_packages(ignore) using defaults
[0.202s] Level 1:colcon.colcon_core.package_discovery:discover_packages(path) discover
[0.202s] Level 1:colcon.colcon_core.package_discovery:discover_packages(path) using defaults
[0.219s] Level 1:colcon.colcon_core.package_discovery:discover_packages(prefix_path) check parameters
[0.219s] Level 1:colcon.colcon_core.package_discovery:discover_packages(prefix_path) discover
[0.219s] WARNING:colcon.colcon_ros.prefix_path.ament:The path '/home/mh/Documents/ros2_drone_swarm/install/swarm_controller' in the environment variable AMENT_PREFIX_PATH doesn't exist
[0.219s] WARNING:colcon.colcon_ros.prefix_path.ament:The path '/home/mh/Documents/ros2_drone_swarm/install/swarm_msgs' in the environment variable AMENT_PREFIX_PATH doesn't exist
[0.220s] WARNING:colcon.colcon_ros.prefix_path.catkin:The path '/home/mh/Documents/ros2_drone_swarm/install/swarm_msgs' in the environment variable CMAKE_PREFIX_PATH doesn't exist
[0.221s] DEBUG:colcon.colcon_installed_package_information.package_discovery:Found 0 installed packages in /home/mh/Documents/ros2_drone_swarm/install
[0.223s] DEBUG:colcon.colcon_installed_package_information.package_discovery:Found 323 installed packages in /opt/ros/jazzy
[0.226s] Level 1:colcon.colcon_core.package_discovery:discover_packages(prefix_path) using defaults
[0.273s] Level 5:colcon.colcon_core.verb:set package 'swarm_msgs' build argument 'cmake_args' from command line to 'None'
[0.273s] Level 5:colcon.colcon_core.verb:set package 'swarm_msgs' build argument 'cmake_target' from command line to 'None'
[0.273s] Level 5:colcon.colcon_core.verb:set package 'swarm_msgs' build argument 'cmake_target_skip_unavailable' from command line to 'False'
[0.273s] Level 5:colcon.colcon_core.verb:set package 'swarm_msgs' build argument 'cmake_clean_cache' from command line to 'False'
[0.273s] Level 5:colcon.colcon_core.verb:set package 'swarm_msgs' build argument 'cmake_clean_first' from command line to 'False'
[0.273s] Level 5:colcon.colcon_core.verb:set package 'swarm_msgs' build argument 'cmake_force_configure' from command line to 'False'
[0.273s] Level 5:colcon.colcon_core.verb:set package 'swarm_msgs' build argument 'ament_cmake_args' from command line to 'None'
[0.273s] Level 5:colcon.colcon_core.verb:set package 'swarm_msgs' build argument 'catkin_cmake_args' from command line to 'None'
[0.273s] Level 5:colcon.colcon_core.verb:set package 'swarm_msgs' build argument 'catkin_skip_building_tests' from command line to 'False'
[0.273s] DEBUG:colcon.colcon_core.verb:Building package 'swarm_msgs' with the following arguments: {'ament_cmake_args': None, 'build_base': '/home/mh/Documents/ros2_drone_swarm/build/swarm_msgs', 'catkin_cmake_args': None, 'catkin_skip_building_tests': False, 'cmake_args': None, 'cmake_clean_cache': False, 'cmake_clean_first': False, 'cmake_force_configure': False, 'cmake_target': None, 'cmake_target_skip_unavailable': False, 'install_base': '/home/mh/Documents/ros2_drone_swarm/install/swarm_msgs', 'merge_install': False, 'path': '/home/mh/Documents/ros2_drone_swarm/src/swarm_msgs', 'symlink_install': False, 'test_result_base': None}
[0.274s] Level 5:colcon.colcon_core.verb:set package 'swarm_controller' build argument 'cmake_args' from command line to 'None'
[0.274s] Level 5:colcon.colcon_core.verb:set package 'swarm_controller' build argument 'cmake_target' from command line to 'None'
[0.274s] Level 5:colcon.colcon_core.verb:set package 'swarm_controller' build argument 'cmake_target_skip_unavailable' from command line to 'False'
[0.274s] Level 5:colcon.colcon_core.verb:set package 'swarm_controller' build argument 'cmake_clean_cache' from command line to 'False'
[0.274s] Level 5:colcon.colcon_core.verb:set package 'swarm_controller' build argument 'cmake_clean_first' from command line to 'False'
[0.274s] Level 5:colcon.colcon_core.verb:set package 'swarm_controller' build argument 'cmake_force_configure' from command line to 'False'
[0.274s] Level 5:colcon.colcon_core.verb:set package 'swarm_controller' build argument 'ament_cmake_args' from command line to 'None'
[0.274s] Level 5:colcon.colcon_core.verb:set package 'swarm_controller' build argument 'catkin_cmake_args' from command line to 'None'
[0.274s] Level 5:colcon.colcon_core.verb:set package 'swarm_controller' build argument 'catkin_skip_building_tests' from command line to 'False'
[0.274s] DEBUG:colcon.colcon_core.verb:Building package 'swarm_controller' with the following arguments: {'ament_cmake_args': None, 'build_base': '/home/mh/Documents/ros2_drone_swarm/build/swarm_controller', 'catkin_cmake_args': None, 'catkin_skip_building_tests': False, 'cmake_args': None, 'cmake_clean_cache': False, 'cmake_clean_first': False, 'cmake_force_configure': False, 'cmake_target': None, 'cmake_target_skip_unavailable': False, 'install_base': '/home/mh/Documents/ros2_drone_swarm/install/swarm_controller', 'merge_install': False, 'path': '/home/mh/Documents/ros2_drone_swarm/src/swarm_controller', 'symlink_install': False, 'test_result_base': None}
[0.274s] INFO:colcon.colcon_core.executor:Executing jobs using 'parallel' executor
[0.274s] DEBUG:colcon.colcon_parallel_executor.executor.parallel:run_until_complete
[0.275s] INFO:colcon.colcon_ros.task.ament_cmake.build:Building ROS package in '/home/mh/Documents/ros2_drone_swarm/src/swarm_msgs' with build type 'ament_cmake'
[0.275s] INFO:colcon.colcon_cmake.task.cmake.build:Building CMake package in '/home/mh/Documents/ros2_drone_swarm/src/swarm_msgs'
[0.277s] INFO:colcon.colcon_core.plugin_system:Skipping extension 'colcon_core.shell.bat': Not used on non-Windows systems
[0.277s] INFO:colcon.colcon_core.shell:Skip shell extension 'powershell' for command environment: Not usable outside of PowerShell
[0.277s] DEBUG:colcon.colcon_core.shell:Skip shell extension 'dsv' for command environment
[0.288s] DEBUG:colcon.colcon_core.event_handler.log_command:Invoking command in '/home/mh/Documents/ros2_drone_swarm/build/swarm_msgs': CMAKE_PREFIX_PATH=${CMAKE_PREFIX_PATH}:/home/mh/Documents/ros2_drone_swarm/install/swarm_controller:/opt/ros/jazzy DEBUGINFOD_URLS=https://debuginfod.ubuntu.com /usr/bin/cmake /home/mh/Documents/ros2_drone_swarm/src/swarm_msgs -DCMAKE_INSTALL_PREFIX=/home/mh/Documents/ros2_drone_swarm/install/swarm_msgs
[3.795s] DEBUG:colcon.colcon_core.event_handler.log_command:Invoked command in '/home/mh/Documents/ros2_drone_swarm/build/swarm_msgs' returned '0': CMAKE_PREFIX_PATH=${CMAKE_PREFIX_PATH}:/home/mh/Documents/ros2_drone_swarm/install/swarm_controller:/opt/ros/jazzy DEBUGINFOD_URLS=https://debuginfod.ubuntu.com /usr/bin/cmake /home/mh/Documents/ros2_drone_swarm/src/swarm_msgs -DCMAKE_INSTALL_PREFIX=/home/mh/Documents/ros2_drone_swarm/install/swarm_msgs
[3.796s] DEBUG:colcon.colcon_core.event_handler.log_command:Invoking command in '/home/mh/Documents/ros2_drone_swarm/build/swarm_msgs': CMAKE_PREFIX_PATH=${CMAKE_PREFIX_PATH}:/home/mh/Documents/ros2_drone_swarm/install/swarm_controller:/opt/ros/jazzy DEBUGINFOD_URLS=https://debuginfod.ubuntu.com /usr/bin/cmake --build /home/mh/Documents/ros2_drone_swarm/build/swarm_msgs -- -j12 -l12
[11.398s] DEBUG:colcon.colcon_core.event_handler.log_command:Invoked command in '/home/mh/Documents/ros2_drone_swarm/build/swarm_msgs' returned '0': CMAKE_PREFIX_PATH=${CMAKE_PREFIX_PATH}:/home/mh/Documents/ros2_drone_swarm/install/swarm_controller:/opt/ros/jazzy DEBUGINFOD_URLS=https://debuginfod.ubuntu.com /usr/bin/cmake --build /home/mh/Documents/ros2_drone_swarm/build/swarm_msgs -- -j12 -l12
[11.409s] DEBUG:colcon.colcon_core.event_handler.log_command:Invoking command in '/home/mh/Documents/ros2_drone_swarm/build/swarm_msgs': CMAKE_PREFIX_PATH=${CMAKE_PREFIX_PATH}:/home/mh/Documents/ros2_drone_swarm/install/swarm_controller:/opt/ros/jazzy DEBUGINFOD_URLS=https://debuginfod.ubuntu.com /usr/bin/cmake --install /home/mh/Documents/ros2_drone_swarm/build/swarm_msgs
[11.522s] Level 1:colcon.colcon_core.environment:create_environment_scripts_only(swarm_msgs)
[11.523s] DEBUG:colcon.colcon_core.event_handler.log_command:Invoked command in '/home/mh/Documents/ros2_drone_swarm/build/swarm_msgs' returned '0': CMAKE_PREFIX_PATH=${CMAKE_PREFIX_PATH}:/home/mh/Documents/ros2_drone_swarm/install/swarm_controller:/opt/ros/jazzy DEBUGINFOD_URLS=https://debuginfod.ubuntu.com /usr/bin/cmake --install /home/mh/Documents/ros2_drone_swarm/build/swarm_msgs
[11.525s] Level 1:colcon.colcon_core.environment:checking '/home/mh/Documents/ros2_drone_swarm/install/swarm_msgs' for CMake module files
[11.525s] Level 1:colcon.colcon_core.environment:checking '/home/mh/Documents/ros2_drone_swarm/install/swarm_msgs' for CMake config files
[11.526s] Level 1:colcon.colcon_core.shell:create_environment_hook('swarm_msgs', 'cmake_prefix_path')
[11.526s] INFO:colcon.colcon_core.shell:Creating environment hook '/home/mh/Documents/ros2_drone_swarm/install/swarm_msgs/share/swarm_msgs/hook/cmake_prefix_path.ps1'
[11.526s] INFO:colcon.colcon_core.shell:Creating environment descriptor '/home/mh/Documents/ros2_drone_swarm/install/swarm_msgs/share/swarm_msgs/hook/cmake_prefix_path.dsv'
[11.527s] INFO:colcon.colcon_core.shell:Creating environment hook '/home/mh/Documents/ros2_drone_swarm/install/swarm_msgs/share/swarm_msgs/hook/cmake_prefix_path.sh'
[11.527s] Level 1:colcon.colcon_core.environment:checking '/home/mh/Documents/ros2_drone_swarm/install/swarm_msgs/lib'
[11.527s] Level 1:colcon.colcon_core.shell:create_environment_hook('swarm_msgs', 'ld_library_path_lib')
[11.528s] INFO:colcon.colcon_core.shell:Creating environment hook '/home/mh/Documents/ros2_drone_swarm/install/swarm_msgs/share/swarm_msgs/hook/ld_library_path_lib.ps1'
[11.528s] INFO:colcon.colcon_core.shell:Creating environment descriptor '/home/mh/Documents/ros2_drone_swarm/install/swarm_msgs/share/swarm_msgs/hook/ld_library_path_lib.dsv'
[11.528s] INFO:colcon.colcon_core.shell:Creating environment hook '/home/mh/Documents/ros2_drone_swarm/install/swarm_msgs/share/swarm_msgs/hook/ld_library_path_lib.sh'
[11.528s] Level 1:colcon.colcon_core.environment:checking '/home/mh/Documents/ros2_drone_swarm/install/swarm_msgs/bin'
[11.528s] Level 1:colcon.colcon_core.environment:checking '/home/mh/Documents/ros2_drone_swarm/install/swarm_msgs/lib/pkgconfig/swarm_msgs.pc'
[11.529s] Level 1:colcon.colcon_core.environment:checking '/home/mh/Documents/ros2_drone_swarm/install/swarm_msgs/lib/python3.12/site-packages'
[11.529s] Level 1:colcon.colcon_core.shell:create_environment_hook('swarm_msgs', 'pythonpath')
[11.529s] INFO:colcon.colcon_core.shell:Creating environment hook '/home/mh/Documents/ros2_drone_swarm/install/swarm_msgs/share/swarm_msgs/hook/pythonpath.ps1'
[11.529s] INFO:colcon.colcon_core.shell:Creating environment descriptor '/home/mh/Documents/ros2_drone_swarm/install/swarm_msgs/share/swarm_msgs/hook/pythonpath.dsv'
[11.529s] INFO:colcon.colcon_core.shell:Creating environment hook '/home/mh/Documents/ros2_drone_swarm/install/swarm_msgs/share/swarm_msgs/hook/pythonpath.sh'
[11.530s] Level 1:colcon.colcon_core.environment:checking '/home/mh/Documents/ros2_drone_swarm/install/swarm_msgs/bin'
[11.530s] INFO:colcon.colcon_core.shell:Creating package script '/home/mh/Documents/ros2_drone_swarm/install/swarm_msgs/share/swarm_msgs/package.ps1'
[11.531s] INFO:colcon.colcon_core.shell:Creating package descriptor '/home/mh/Documents/ros2_drone_swarm/install/swarm_msgs/share/swarm_msgs/package.dsv'
[11.531s] INFO:colcon.colcon_core.shell:Creating package script '/home/mh/Documents/ros2_drone_swarm/install/swarm_msgs/share/swarm_msgs/package.sh'
[11.532s] INFO:colcon.colcon_core.shell:Creating package script '/home/mh/Documents/ros2_drone_swarm/install/swarm_msgs/share/swarm_msgs/package.bash'
[11.532s] INFO:colcon.colcon_core.shell:Creating package script '/home/mh/Documents/ros2_drone_swarm/install/swarm_msgs/share/swarm_msgs/package.zsh'
[11.533s] Level 1:colcon.colcon_core.environment:create_file_with_runtime_dependencies(/home/mh/Documents/ros2_drone_swarm/install/swarm_msgs/share/colcon-core/packages/swarm_msgs)
[11.533s] Level 1:colcon.colcon_core.environment:create_environment_scripts_only(swarm_msgs)
[11.533s] Level 1:colcon.colcon_core.environment:checking '/home/mh/Documents/ros2_drone_swarm/install/swarm_msgs' for CMake module files
[11.534s] Level 1:colcon.colcon_core.environment:checking '/home/mh/Documents/ros2_drone_swarm/install/swarm_msgs' for CMake config files
[11.534s] Level 1:colcon.colcon_core.shell:create_environment_hook('swarm_msgs', 'cmake_prefix_path')
[11.534s] INFO:colcon.colcon_core.shell:Creating environment hook '/home/mh/Documents/ros2_drone_swarm/install/swarm_msgs/share/swarm_msgs/hook/cmake_prefix_path.ps1'
[11.535s] INFO:colcon.colcon_core.shell:Creating environment descriptor '/home/mh/Documents/ros2_drone_swarm/install/swarm_msgs/share/swarm_msgs/hook/cmake_prefix_path.dsv'
[11.535s] INFO:colcon.colcon_core.shell:Creating environment hook '/home/mh/Documents/ros2_drone_swarm/install/swarm_msgs/share/swarm_msgs/hook/cmake_prefix_path.sh'
[11.535s] Level 1:colcon.colcon_core.environment:checking '/home/mh/Documents/ros2_drone_swarm/install/swarm_msgs/lib'
[11.536s] Level 1:colcon.colcon_core.shell:create_environment_hook('swarm_msgs', 'ld_library_path_lib')
[11.536s] INFO:colcon.colcon_core.shell:Creating environment hook '/home/mh/Documents/ros2_drone_swarm/install/swarm_msgs/share/swarm_msgs/hook/ld_library_path_lib.ps1'
[11.536s] INFO:colcon.colcon_core.shell:Creating environment descriptor '/home/mh/Documents/ros2_drone_swarm/install/swarm_msgs/share/swarm_msgs/hook/ld_library_path_lib.dsv'
[11.536s] INFO:colcon.colcon_core.shell:Creating environment hook '/home/mh/Documents/ros2_drone_swarm/install/swarm_msgs/share/swarm_msgs/hook/ld_library_path_lib.sh'
[11.537s] Level 1:colcon.colcon_core.environment:checking '/home/mh/Documents/ros2_drone_swarm/install/swarm_msgs/bin'
[11.537s] Level 1:colcon.colcon_core.environment:checking '/home/mh/Documents/ros2_drone_swarm/install/swarm_msgs/lib/pkgconfig/swarm_msgs.pc'
[11.537s] Level 1:colcon.colcon_core.environment:checking '/home/mh/Documents/ros2_drone_swarm/install/swarm_msgs/lib/python3.12/site-packages'
[11.537s] Level 1:colcon.colcon_core.shell:create_environment_hook('swarm_msgs', 'pythonpath')
[11.537s] INFO:colcon.colcon_core.shell:Creating environment hook '/home/mh/Documents/ros2_drone_swarm/install/swarm_msgs/share/swarm_msgs/hook/pythonpath.ps1'
[11.537s] INFO:colcon.colcon_core.shell:Creating environment descriptor '/home/mh/Documents/ros2_drone_swarm/install/swarm_msgs/share/swarm_msgs/hook/pythonpath.dsv'
[11.538s] INFO:colcon.colcon_core.shell:Creating environment hook '/home/mh/Documents/ros2_drone_swarm/install/swarm_msgs/share/swarm_msgs/hook/pythonpath.sh'
[11.538s] Level 1:colcon.colcon_core.environment:checking '/home/mh/Documents/ros2_drone_swarm/install/swarm_msgs/bin'
[11.538s] INFO:colcon.colcon_core.shell:Creating package script '/home/mh/Documents/ros2_drone_swarm/install/swarm_msgs/share/swarm_msgs/package.ps1'
[11.539s] INFO:colcon.colcon_core.shell:Creating package descriptor '/home/mh/Documents/ros2_drone_swarm/install/swarm_msgs/share/swarm_msgs/package.dsv'
[11.540s] INFO:colcon.colcon_core.shell:Creating package script '/home/mh/Documents/ros2_drone_swarm/install/swarm_msgs/share/swarm_msgs/package.sh'
[11.541s] INFO:colcon.colcon_core.shell:Creating package script '/home/mh/Documents/ros2_drone_swarm/install/swarm_msgs/share/swarm_msgs/package.bash'
[11.541s] INFO:colcon.colcon_core.shell:Creating package script '/home/mh/Documents/ros2_drone_swarm/install/swarm_msgs/share/swarm_msgs/package.zsh'
[11.541s] Level 1:colcon.colcon_core.environment:create_file_with_runtime_dependencies(/home/mh/Documents/ros2_drone_swarm/install/swarm_msgs/share/colcon-core/packages/swarm_msgs)
[11.541s] INFO:colcon.colcon_ros.task.ament_python.build:Building ROS package in '/home/mh/Documents/ros2_drone_swarm/src/swarm_controller' with build type 'ament_python'
[11.542s] Level 1:colcon.colcon_core.shell:create_environment_hook('swarm_controller', 'ament_prefix_path')
[11.542s] INFO:colcon.colcon_core.shell:Creating environment hook '/home/mh/Documents/ros2_drone_swarm/install/swarm_controller/share/swarm_controller/hook/ament_prefix_path.ps1'
[11.543s] INFO:colcon.colcon_core.shell:Creating environment descriptor '/home/mh/Documents/ros2_drone_swarm/install/swarm_controller/share/swarm_controller/hook/ament_prefix_path.dsv'
[11.543s] INFO:colcon.colcon_core.shell:Creating environment hook '/home/mh/Documents/ros2_drone_swarm/install/swarm_controller/share/swarm_controller/hook/ament_prefix_path.sh'
[11.543s] INFO:colcon.colcon_core.shell:Skip shell extension 'powershell' for command environment: Not usable outside of PowerShell
[11.543s] DEBUG:colcon.colcon_core.shell:Skip shell extension 'dsv' for command environment
[11.770s] INFO:colcon.colcon_core.task.python.build:Building Python package in '/home/mh/Documents/ros2_drone_swarm/src/swarm_controller'
[11.771s] INFO:colcon.colcon_core.shell:Skip shell extension 'powershell' for command environment: Not usable outside of PowerShell
[11.771s] DEBUG:colcon.colcon_core.shell:Skip shell extension 'dsv' for command environment
[12.420s] DEBUG:colcon.colcon_core.event_handler.log_command:Invoking command in '/home/mh/Documents/ros2_drone_swarm/src/swarm_controller': DEBUGINFOD_URLS=https://debuginfod.ubuntu.com PYTHONPATH=/home/mh/Documents/ros2_drone_swarm/build/swarm_controller/prefix_override:/usr/lib/python3/dist-packages/colcon_core/task/python/colcon_distutils_commands:/home/mh/Documents/ros2_drone_swarm/install/swarm_controller/lib/python3.12/site-packages:/home/mh/Documents/ros2_drone_swarm/install/swarm_msgs/lib/python3.12/site-packages:/home/mh/Documents/ros2_drone_swarm/install/swarm_controller/lib/python3.12/site-packages:/opt/ros/jazzy/lib/python3.12/site-packages /usr/bin/python3 -W ignore:setup.py install is deprecated -W ignore:easy_install command is deprecated setup.py egg_info --egg-base ../../build/swarm_controller build --build-base /home/mh/Documents/ros2_drone_swarm/build/swarm_controller/build install --record /home/mh/Documents/ros2_drone_swarm/build/swarm_controller/install.log --single-version-externally-managed install_data
[13.051s] Level 1:colcon.colcon_core.environment:checking '/home/mh/Documents/ros2_drone_swarm/install/swarm_controller' for CMake module files
[13.052s] DEBUG:colcon.colcon_core.event_handler.log_command:Invoked command in '/home/mh/Documents/ros2_drone_swarm/src/swarm_controller' returned '0': DEBUGINFOD_URLS=https://debuginfod.ubuntu.com PYTHONPATH=/home/mh/Documents/ros2_drone_swarm/build/swarm_controller/prefix_override:/usr/lib/python3/dist-packages/colcon_core/task/python/colcon_distutils_commands:/home/mh/Documents/ros2_drone_swarm/install/swarm_controller/lib/python3.12/site-packages:/home/mh/Documents/ros2_drone_swarm/install/swarm_msgs/lib/python3.12/site-packages:/home/mh/Documents/ros2_drone_swarm/install/swarm_controller/lib/python3.12/site-packages:/opt/ros/jazzy/lib/python3.12/site-packages /usr/bin/python3 -W ignore:setup.py install is deprecated -W ignore:easy_install command is deprecated setup.py egg_info --egg-base ../../build/swarm_controller build --build-base /home/mh/Documents/ros2_drone_swarm/build/swarm_controller/build install --record /home/mh/Documents/ros2_drone_swarm/build/swarm_controller/install.log --single-version-externally-managed install_data
[13.052s] Level 1:colcon.colcon_core.environment:checking '/home/mh/Documents/ros2_drone_swarm/install/swarm_controller' for CMake config files
[13.053s] Level 1:colcon.colcon_core.environment:checking '/home/mh/Documents/ros2_drone_swarm/install/swarm_controller/lib'
[13.053s] Level 1:colcon.colcon_core.environment:checking '/home/mh/Documents/ros2_drone_swarm/install/swarm_controller/bin'
[13.053s] Level 1:colcon.colcon_core.shell:create_environment_hook('swarm_controller', 'path')
[13.053s] INFO:colcon.colcon_core.shell:Creating environment hook '/home/mh/Documents/ros2_drone_swarm/install/swarm_controller/share/swarm_controller/hook/path.ps1'
[13.054s] INFO:colcon.colcon_core.shell:Creating environment descriptor '/home/mh/Documents/ros2_drone_swarm/install/swarm_controller/share/swarm_controller/hook/path.dsv'
[13.054s] INFO:colcon.colcon_core.shell:Creating environment hook '/home/mh/Documents/ros2_drone_swarm/install/swarm_controller/share/swarm_controller/hook/path.sh'
[13.054s] Level 1:colcon.colcon_core.environment:checking '/home/mh/Documents/ros2_drone_swarm/install/swarm_controller/lib/pkgconfig/swarm_controller.pc'
[13.054s] Level 1:colcon.colcon_core.environment:checking '/home/mh/Documents/ros2_drone_swarm/install/swarm_controller/lib/python3.12/site-packages'
[13.055s] Level 1:colcon.colcon_core.shell:create_environment_hook('swarm_controller', 'pythonpath')
[13.055s] INFO:colcon.colcon_core.shell:Creating environment hook '/home/mh/Documents/ros2_drone_swarm/install/swarm_controller/share/swarm_controller/hook/pythonpath.ps1'
[13.055s] INFO:colcon.colcon_core.shell:Creating environment descriptor '/home/mh/Documents/ros2_drone_swarm/install/swarm_controller/share/swarm_controller/hook/pythonpath.dsv'
[13.055s] INFO:colcon.colcon_core.shell:Creating environment hook '/home/mh/Documents/ros2_drone_swarm/install/swarm_controller/share/swarm_controller/hook/pythonpath.sh'
[13.056s] Level 1:colcon.colcon_core.environment:checking '/home/mh/Documents/ros2_drone_swarm/install/swarm_controller/bin'
[13.056s] Level 1:colcon.colcon_core.shell:create_environment_hook('swarm_controller', 'pythonscriptspath')
[13.056s] INFO:colcon.colcon_core.shell:Creating environment hook '/home/mh/Documents/ros2_drone_swarm/install/swarm_controller/share/swarm_controller/hook/pythonscriptspath.ps1'
[13.056s] INFO:colcon.colcon_core.shell:Creating environment descriptor '/home/mh/Documents/ros2_drone_swarm/install/swarm_controller/share/swarm_controller/hook/pythonscriptspath.dsv'
[13.056s] INFO:colcon.colcon_core.shell:Creating environment hook '/home/mh/Documents/ros2_drone_swarm/install/swarm_controller/share/swarm_controller/hook/pythonscriptspath.sh'
[13.057s] Level 1:colcon.colcon_core.environment:create_environment_scripts_only(swarm_controller)
[13.057s] INFO:colcon.colcon_core.shell:Creating package script '/home/mh/Documents/ros2_drone_swarm/install/swarm_controller/share/swarm_controller/package.ps1'
[13.058s] INFO:colcon.colcon_core.shell:Creating package descriptor '/home/mh/Documents/ros2_drone_swarm/install/swarm_controller/share/swarm_controller/package.dsv'
[13.058s] INFO:colcon.colcon_core.shell:Creating package script '/home/mh/Documents/ros2_drone_swarm/install/swarm_controller/share/swarm_controller/package.sh'
[13.058s] INFO:colcon.colcon_core.shell:Creating package script '/home/mh/Documents/ros2_drone_swarm/install/swarm_controller/share/swarm_controller/package.bash'
[13.059s] INFO:colcon.colcon_core.shell:Creating package script '/home/mh/Documents/ros2_drone_swarm/install/swarm_controller/share/swarm_controller/package.zsh'
[13.059s] Level 1:colcon.colcon_core.environment:create_file_with_runtime_dependencies(/home/mh/Documents/ros2_drone_swarm/install/swarm_controller/share/colcon-core/packages/swarm_controller)
[13.059s] DEBUG:colcon.colcon_parallel_executor.executor.parallel:closing loop
[13.060s] DEBUG:colcon.colcon_parallel_executor.executor.parallel:loop closed
[13.060s] DEBUG:colcon.colcon_parallel_executor.executor.parallel:run_until_complete finished with '0'
[13.060s] DEBUG:colcon.colcon_core.event_reactor:joining thread
[13.067s] INFO:colcon.colcon_core.plugin_system:Skipping extension 'colcon_notification.desktop_notification.terminal_notifier': Not used on non-Darwin systems
[13.067s] INFO:colcon.colcon_core.plugin_system:Skipping extension 'colcon_notification.desktop_notification.win32': Not used on non-Windows systems
[13.067s] INFO:colcon.colcon_notification.desktop_notification:Sending desktop notification using 'notify2'
[13.082s] DEBUG:colcon.colcon_core.event_reactor:joined thread
[13.082s] INFO:colcon.colcon_core.shell:Creating prefix script '/home/mh/Documents/ros2_drone_swarm/install/local_setup.ps1'
[13.083s] INFO:colcon.colcon_core.shell:Creating prefix util module '/home/mh/Documents/ros2_drone_swarm/install/_local_setup_util_ps1.py'
[13.083s] INFO:colcon.colcon_core.shell:Creating prefix chain script '/home/mh/Documents/ros2_drone_swarm/install/setup.ps1'
[13.085s] INFO:colcon.colcon_core.shell:Creating prefix script '/home/mh/Documents/ros2_drone_swarm/install/local_setup.sh'
[13.085s] INFO:colcon.colcon_core.shell:Creating prefix util module '/home/mh/Documents/ros2_drone_swarm/install/_local_setup_util_sh.py'
[13.086s] INFO:colcon.colcon_core.shell:Creating prefix chain script '/home/mh/Documents/ros2_drone_swarm/install/setup.sh'
[13.087s] INFO:colcon.colcon_core.shell:Creating prefix script '/home/mh/Documents/ros2_drone_swarm/install/local_setup.bash'
[13.088s] INFO:colcon.colcon_core.shell:Creating prefix chain script '/home/mh/Documents/ros2_drone_swarm/install/setup.bash'
[13.089s] INFO:colcon.colcon_core.shell:Creating prefix script '/home/mh/Documents/ros2_drone_swarm/install/local_setup.zsh'
[13.089s] INFO:colcon.colcon_core.shell:Creating prefix chain script '/home/mh/Documents/ros2_drone_swarm/install/setup.zsh'
