running egg_info
creating ../../build/swarm_controller/swarm_controller.egg-info
writing ../../build/swarm_controller/swarm_controller.egg-info/PKG-INFO
writing dependency_links to ../../build/swarm_controller/swarm_controller.egg-info/dependency_links.txt
writing entry points to ../../build/swarm_controller/swarm_controller.egg-info/entry_points.txt
writing requirements to ../../build/swarm_controller/swarm_controller.egg-info/requires.txt
writing top-level names to ../../build/swarm_controller/swarm_controller.egg-info/top_level.txt
writing manifest file '../../build/swarm_controller/swarm_controller.egg-info/SOURCES.txt'
reading manifest file '../../build/swarm_controller/swarm_controller.egg-info/SOURCES.txt'
writing manifest file '../../build/swarm_controller/swarm_controller.egg-info/SOURCES.txt'
running build
running build_py
creating /home/mh/Documents/ros2_drone_swarm/build/swarm_controller/build
creating /home/mh/Documents/ros2_drone_swarm/build/swarm_controller/build/lib
creating /home/mh/Documents/ros2_drone_swarm/build/swarm_controller/build/lib/swarm_controller
copying swarm_controller/mission_executor.py -> /home/mh/Documents/ros2_drone_swarm/build/swarm_controller/build/lib/swarm_controller
copying swarm_controller/__init__.py -> /home/mh/Documents/ros2_drone_swarm/build/swarm_controller/build/lib/swarm_controller
copying swarm_controller/swarm_drone.py -> /home/mh/Documents/ros2_drone_swarm/build/swarm_controller/build/lib/swarm_controller
copying swarm_controller/formation_controller.py -> /home/mh/Documents/ros2_drone_swarm/build/swarm_controller/build/lib/swarm_controller
running install
running install_lib
creating /home/mh/Documents/ros2_drone_swarm/install/swarm_controller/lib/python3.12/site-packages/swarm_controller
copying /home/mh/Documents/ros2_drone_swarm/build/swarm_controller/build/lib/swarm_controller/mission_executor.py -> /home/mh/Documents/ros2_drone_swarm/install/swarm_controller/lib/python3.12/site-packages/swarm_controller
copying /home/mh/Documents/ros2_drone_swarm/build/swarm_controller/build/lib/swarm_controller/__init__.py -> /home/mh/Documents/ros2_drone_swarm/install/swarm_controller/lib/python3.12/site-packages/swarm_controller
copying /home/mh/Documents/ros2_drone_swarm/build/swarm_controller/build/lib/swarm_controller/swarm_drone.py -> /home/mh/Documents/ros2_drone_swarm/install/swarm_controller/lib/python3.12/site-packages/swarm_controller
copying /home/mh/Documents/ros2_drone_swarm/build/swarm_controller/build/lib/swarm_controller/formation_controller.py -> /home/mh/Documents/ros2_drone_swarm/install/swarm_controller/lib/python3.12/site-packages/swarm_controller
byte-compiling /home/mh/Documents/ros2_drone_swarm/install/swarm_controller/lib/python3.12/site-packages/swarm_controller/mission_executor.py to mission_executor.cpython-312.pyc
byte-compiling /home/mh/Documents/ros2_drone_swarm/install/swarm_controller/lib/python3.12/site-packages/swarm_controller/__init__.py to __init__.cpython-312.pyc
byte-compiling /home/mh/Documents/ros2_drone_swarm/install/swarm_controller/lib/python3.12/site-packages/swarm_controller/swarm_drone.py to swarm_drone.cpython-312.pyc
byte-compiling /home/mh/Documents/ros2_drone_swarm/install/swarm_controller/lib/python3.12/site-packages/swarm_controller/formation_controller.py to formation_controller.cpython-312.pyc
running install_data
creating /home/mh/Documents/ros2_drone_swarm/install/swarm_controller/share/ament_index
creating /home/mh/Documents/ros2_drone_swarm/install/swarm_controller/share/ament_index/resource_index
creating /home/mh/Documents/ros2_drone_swarm/install/swarm_controller/share/ament_index/resource_index/packages
copying resource/swarm_controller -> /home/mh/Documents/ros2_drone_swarm/install/swarm_controller/share/ament_index/resource_index/packages
copying package.xml -> /home/mh/Documents/ros2_drone_swarm/install/swarm_controller/share/swarm_controller
creating /home/mh/Documents/ros2_drone_swarm/install/swarm_controller/share/swarm_controller/launch
copying launch/simple_test.launch.py -> /home/mh/Documents/ros2_drone_swarm/install/swarm_controller/share/swarm_controller/launch
copying launch/run_competition.launch.py -> /home/mh/Documents/ros2_drone_swarm/install/swarm_controller/share/swarm_controller/launch
creating /home/mh/Documents/ros2_drone_swarm/install/swarm_controller/share/swarm_controller/worlds
copying worlds/swarm_arena.world -> /home/mh/Documents/ros2_drone_swarm/install/swarm_controller/share/swarm_controller/worlds
creating /home/mh/Documents/ros2_drone_swarm/install/swarm_controller/share/swarm_controller/config
copying config/swarm_params.yaml -> /home/mh/Documents/ros2_drone_swarm/install/swarm_controller/share/swarm_controller/config
running install_egg_info
Copying ../../build/swarm_controller/swarm_controller.egg-info to /home/mh/Documents/ros2_drone_swarm/install/swarm_controller/lib/python3.12/site-packages/swarm_controller-1.0.0-py3.12.egg-info
running install_scripts
Installing formation_controller script to /home/mh/Documents/ros2_drone_swarm/install/swarm_controller/bin
Installing mission_executor script to /home/mh/Documents/ros2_drone_swarm/install/swarm_controller/bin
Installing swarm_drone script to /home/mh/Documents/ros2_drone_swarm/install/swarm_controller/bin
writing list of installed files to '/home/mh/Documents/ros2_drone_swarm/build/swarm_controller/install.log'
