[0.877s] Invoking command in '/home/mh/Documents/ros2_drone_swarm/src/swarm_controller': DEBUGINFOD_URLS=https://debuginfod.ubuntu.com PYTHONPATH=/home/mh/Documents/ros2_drone_swarm/build/swarm_controller/prefix_override:/usr/lib/python3/dist-packages/colcon_core/task/python/colcon_distutils_commands:/home/mh/Documents/ros2_drone_swarm/install/swarm_controller/lib/python3.12/site-packages:/home/mh/Documents/ros2_drone_swarm/install/swarm_msgs/lib/python3.12/site-packages:/home/mh/Documents/ros2_drone_swarm/install/swarm_controller/lib/python3.12/site-packages:/opt/ros/jazzy/lib/python3.12/site-packages /usr/bin/python3 -W ignore:setup.py install is deprecated -W ignore:easy_install command is deprecated setup.py egg_info --egg-base ../../build/swarm_controller build --build-base /home/mh/Documents/ros2_drone_swarm/build/swarm_controller/build install --record /home/mh/Documents/ros2_drone_swarm/build/swarm_controller/install.log --single-version-externally-managed install_data
[1.162s] running egg_info
[1.162s] creating ../../build/swarm_controller/swarm_controller.egg-info
[1.187s] writing ../../build/swarm_controller/swarm_controller.egg-info/PKG-INFO
[1.187s] writing dependency_links to ../../build/swarm_controller/swarm_controller.egg-info/dependency_links.txt
[1.188s] writing entry points to ../../build/swarm_controller/swarm_controller.egg-info/entry_points.txt
[1.188s] writing requirements to ../../build/swarm_controller/swarm_controller.egg-info/requires.txt
[1.188s] writing top-level names to ../../build/swarm_controller/swarm_controller.egg-info/top_level.txt
[1.188s] writing manifest file '../../build/swarm_controller/swarm_controller.egg-info/SOURCES.txt'
[1.236s] reading manifest file '../../build/swarm_controller/swarm_controller.egg-info/SOURCES.txt'
[1.237s] writing manifest file '../../build/swarm_controller/swarm_controller.egg-info/SOURCES.txt'
[1.237s] running build
[1.237s] running build_py
[1.237s] creating /home/mh/Documents/ros2_drone_swarm/build/swarm_controller/build
[1.238s] creating /home/mh/Documents/ros2_drone_swarm/build/swarm_controller/build/lib
[1.238s] creating /home/mh/Documents/ros2_drone_swarm/build/swarm_controller/build/lib/swarm_controller
[1.238s] copying swarm_controller/mission_executor.py -> /home/mh/Documents/ros2_drone_swarm/build/swarm_controller/build/lib/swarm_controller
[1.238s] copying swarm_controller/__init__.py -> /home/mh/Documents/ros2_drone_swarm/build/swarm_controller/build/lib/swarm_controller
[1.238s] copying swarm_controller/swarm_drone.py -> /home/mh/Documents/ros2_drone_swarm/build/swarm_controller/build/lib/swarm_controller
[1.238s] copying swarm_controller/formation_controller.py -> /home/mh/Documents/ros2_drone_swarm/build/swarm_controller/build/lib/swarm_controller
[1.238s] running install
[1.245s] running install_lib
[1.270s] creating /home/mh/Documents/ros2_drone_swarm/install/swarm_controller/lib/python3.12/site-packages/swarm_controller
[1.270s] copying /home/mh/Documents/ros2_drone_swarm/build/swarm_controller/build/lib/swarm_controller/mission_executor.py -> /home/mh/Documents/ros2_drone_swarm/install/swarm_controller/lib/python3.12/site-packages/swarm_controller
[1.270s] copying /home/mh/Documents/ros2_drone_swarm/build/swarm_controller/build/lib/swarm_controller/__init__.py -> /home/mh/Documents/ros2_drone_swarm/install/swarm_controller/lib/python3.12/site-packages/swarm_controller
[1.270s] copying /home/mh/Documents/ros2_drone_swarm/build/swarm_controller/build/lib/swarm_controller/swarm_drone.py -> /home/mh/Documents/ros2_drone_swarm/install/swarm_controller/lib/python3.12/site-packages/swarm_controller
[1.270s] copying /home/mh/Documents/ros2_drone_swarm/build/swarm_controller/build/lib/swarm_controller/formation_controller.py -> /home/mh/Documents/ros2_drone_swarm/install/swarm_controller/lib/python3.12/site-packages/swarm_controller
[1.271s] byte-compiling /home/mh/Documents/ros2_drone_swarm/install/swarm_controller/lib/python3.12/site-packages/swarm_controller/mission_executor.py to mission_executor.cpython-312.pyc
[1.274s] byte-compiling /home/mh/Documents/ros2_drone_swarm/install/swarm_controller/lib/python3.12/site-packages/swarm_controller/__init__.py to __init__.cpython-312.pyc
[1.274s] byte-compiling /home/mh/Documents/ros2_drone_swarm/install/swarm_controller/lib/python3.12/site-packages/swarm_controller/swarm_drone.py to swarm_drone.cpython-312.pyc
[1.278s] byte-compiling /home/mh/Documents/ros2_drone_swarm/install/swarm_controller/lib/python3.12/site-packages/swarm_controller/formation_controller.py to formation_controller.cpython-312.pyc
[1.280s] running install_data
[1.281s] creating /home/mh/Documents/ros2_drone_swarm/install/swarm_controller/share/ament_index
[1.281s] creating /home/mh/Documents/ros2_drone_swarm/install/swarm_controller/share/ament_index/resource_index
[1.281s] creating /home/mh/Documents/ros2_drone_swarm/install/swarm_controller/share/ament_index/resource_index/packages
[1.281s] copying resource/swarm_controller -> /home/mh/Documents/ros2_drone_swarm/install/swarm_controller/share/ament_index/resource_index/packages
[1.281s] copying package.xml -> /home/mh/Documents/ros2_drone_swarm/install/swarm_controller/share/swarm_controller
[1.281s] creating /home/mh/Documents/ros2_drone_swarm/install/swarm_controller/share/swarm_controller/launch
[1.281s] copying launch/simple_test.launch.py -> /home/mh/Documents/ros2_drone_swarm/install/swarm_controller/share/swarm_controller/launch
[1.282s] copying launch/run_competition.launch.py -> /home/mh/Documents/ros2_drone_swarm/install/swarm_controller/share/swarm_controller/launch
[1.282s] creating /home/mh/Documents/ros2_drone_swarm/install/swarm_controller/share/swarm_controller/worlds
[1.282s] copying worlds/swarm_arena.world -> /home/mh/Documents/ros2_drone_swarm/install/swarm_controller/share/swarm_controller/worlds
[1.282s] creating /home/mh/Documents/ros2_drone_swarm/install/swarm_controller/share/swarm_controller/config
[1.282s] copying config/swarm_params.yaml -> /home/mh/Documents/ros2_drone_swarm/install/swarm_controller/share/swarm_controller/config
[1.282s] running install_egg_info
[1.305s] Copying ../../build/swarm_controller/swarm_controller.egg-info to /home/mh/Documents/ros2_drone_swarm/install/swarm_controller/lib/python3.12/site-packages/swarm_controller-1.0.0-py3.12.egg-info
[1.306s] running install_scripts
[1.483s] Installing formation_controller script to /home/mh/Documents/ros2_drone_swarm/install/swarm_controller/bin
[1.484s] Installing mission_executor script to /home/mh/Documents/ros2_drone_swarm/install/swarm_controller/bin
[1.484s] Installing swarm_drone script to /home/mh/Documents/ros2_drone_swarm/install/swarm_controller/bin
[1.484s] writing list of installed files to '/home/mh/Documents/ros2_drone_swarm/build/swarm_controller/install.log'
[1.509s] Invoked command in '/home/mh/Documents/ros2_drone_swarm/src/swarm_controller' returned '0': DEBUGINFOD_URLS=https://debuginfod.ubuntu.com PYTHONPATH=/home/mh/Documents/ros2_drone_swarm/build/swarm_controller/prefix_override:/usr/lib/python3/dist-packages/colcon_core/task/python/colcon_distutils_commands:/home/mh/Documents/ros2_drone_swarm/install/swarm_controller/lib/python3.12/site-packages:/home/mh/Documents/ros2_drone_swarm/install/swarm_msgs/lib/python3.12/site-packages:/home/mh/Documents/ros2_drone_swarm/install/swarm_controller/lib/python3.12/site-packages:/opt/ros/jazzy/lib/python3.12/site-packages /usr/bin/python3 -W ignore:setup.py install is deprecated -W ignore:easy_install command is deprecated setup.py egg_info --egg-base ../../build/swarm_controller build --build-base /home/mh/Documents/ros2_drone_swarm/build/swarm_controller/build install --record /home/mh/Documents/ros2_drone_swarm/build/swarm_controller/install.log --single-version-externally-managed install_data
