[0.908s] Invoking command in '/home/mh/Documents/ros2_drone_swarm/build/swarm_controller': DEBUGINFOD_URLS=https://debuginfod.ubuntu.com PYTHONPATH=/home/mh/Documents/ros2_drone_swarm/build/swarm_controller/prefix_override:/usr/lib/python3/dist-packages/colcon_core/task/python/colcon_distutils_commands:/home/mh/Documents/ros2_drone_swarm/install/swarm_controller/lib/python3.12/site-packages:${PYTHONPATH} /usr/bin/python3 -W ignore:setup.py install is deprecated -W ignore:easy_install command is deprecated setup.py develop --editable --build-directory /home/mh/Documents/ros2_drone_swarm/build/swarm_controller/build --no-deps symlink_data
[1.256s] running develop
[1.494s] running egg_info
[1.494s] creating swarm_controller.egg-info
[1.517s] writing swarm_controller.egg-info/PKG-INFO
[1.518s] writing dependency_links to swarm_controller.egg-info/dependency_links.txt
[1.518s] writing entry points to swarm_controller.egg-info/entry_points.txt
[1.518s] writing requirements to swarm_controller.egg-info/requires.txt
[1.518s] writing top-level names to swarm_controller.egg-info/top_level.txt
[1.518s] writing manifest file 'swarm_controller.egg-info/SOURCES.txt'
[1.564s] reading manifest file 'swarm_controller.egg-info/SOURCES.txt'
[1.565s] writing manifest file 'swarm_controller.egg-info/SOURCES.txt'
[1.589s] running build_ext
[1.589s] Creating /home/mh/Documents/ros2_drone_swarm/install/swarm_controller/lib/python3.12/site-packages/swarm-controller.egg-link (link to .)
[1.590s] Installing formation_controller script to /home/mh/Documents/ros2_drone_swarm/install/swarm_controller/bin
[1.590s] Installing mission_executor script to /home/mh/Documents/ros2_drone_swarm/install/swarm_controller/bin
[1.590s] Installing swarm_drone script to /home/mh/Documents/ros2_drone_swarm/install/swarm_controller/bin
[1.590s] 
[1.590s] Installed /home/mh/Documents/ros2_drone_swarm/build/swarm_controller
[1.590s] running symlink_data
[1.590s] creating /home/mh/Documents/ros2_drone_swarm/install/swarm_controller/share/ament_index
[1.591s] creating /home/mh/Documents/ros2_drone_swarm/install/swarm_controller/share/ament_index/resource_index
[1.591s] creating /home/mh/Documents/ros2_drone_swarm/install/swarm_controller/share/ament_index/resource_index/packages
[1.591s] symbolically linking /home/mh/Documents/ros2_drone_swarm/build/swarm_controller/resource/swarm_controller -> /home/mh/Documents/ros2_drone_swarm/install/swarm_controller/share/ament_index/resource_index/packages
[1.591s] symbolically linking /home/mh/Documents/ros2_drone_swarm/build/swarm_controller/package.xml -> /home/mh/Documents/ros2_drone_swarm/install/swarm_controller/share/swarm_controller
[1.591s] creating /home/mh/Documents/ros2_drone_swarm/install/swarm_controller/share/swarm_controller/launch
[1.591s] symbolically linking /home/mh/Documents/ros2_drone_swarm/build/swarm_controller/launch/simple_drone_test.launch.py -> /home/mh/Documents/ros2_drone_swarm/install/swarm_controller/share/swarm_controller/launch
[1.591s] symbolically linking /home/mh/Documents/ros2_drone_swarm/build/swarm_controller/launch/simple_test.launch.py -> /home/mh/Documents/ros2_drone_swarm/install/swarm_controller/share/swarm_controller/launch
[1.591s] symbolically linking /home/mh/Documents/ros2_drone_swarm/build/swarm_controller/launch/run_competition.launch.py -> /home/mh/Documents/ros2_drone_swarm/install/swarm_controller/share/swarm_controller/launch
[1.591s] creating /home/mh/Documents/ros2_drone_swarm/install/swarm_controller/share/swarm_controller/worlds
[1.591s] symbolically linking /home/mh/Documents/ros2_drone_swarm/build/swarm_controller/worlds/swarm_arena.world -> /home/mh/Documents/ros2_drone_swarm/install/swarm_controller/share/swarm_controller/worlds
[1.592s] creating /home/mh/Documents/ros2_drone_swarm/install/swarm_controller/share/swarm_controller/config
[1.592s] symbolically linking /home/mh/Documents/ros2_drone_swarm/build/swarm_controller/config/swarm_params.yaml -> /home/mh/Documents/ros2_drone_swarm/install/swarm_controller/share/swarm_controller/config
[1.592s] symbolically linking /home/mh/Documents/ros2_drone_swarm/build/swarm_controller/config/swarm_viz.rviz -> /home/mh/Documents/ros2_drone_swarm/install/swarm_controller/share/swarm_controller/config
[1.592s] creating /home/mh/Documents/ros2_drone_swarm/install/swarm_controller/share/swarm_controller/models
[1.592s] creating /home/mh/Documents/ros2_drone_swarm/install/swarm_controller/share/swarm_controller/models/x500
[1.592s] symbolically linking /home/mh/Documents/ros2_drone_swarm/build/swarm_controller/models/x500/model.sdf.backup -> /home/mh/Documents/ros2_drone_swarm/install/swarm_controller/share/swarm_controller/models/x500
[1.592s] symbolically linking /home/mh/Documents/ros2_drone_swarm/build/swarm_controller/models/x500/model.sdf -> /home/mh/Documents/ros2_drone_swarm/install/swarm_controller/share/swarm_controller/models/x500
[1.592s] symbolically linking /home/mh/Documents/ros2_drone_swarm/build/swarm_controller/models/x500/model.config -> /home/mh/Documents/ros2_drone_swarm/install/swarm_controller/share/swarm_controller/models/x500
[1.622s] Invoked command in '/home/mh/Documents/ros2_drone_swarm/build/swarm_controller' returned '0': DEBUGINFOD_URLS=https://debuginfod.ubuntu.com PYTHONPATH=/home/mh/Documents/ros2_drone_swarm/build/swarm_controller/prefix_override:/usr/lib/python3/dist-packages/colcon_core/task/python/colcon_distutils_commands:/home/mh/Documents/ros2_drone_swarm/install/swarm_controller/lib/python3.12/site-packages:${PYTHONPATH} /usr/bin/python3 -W ignore:setup.py install is deprecated -W ignore:easy_install command is deprecated setup.py develop --editable --build-directory /home/mh/Documents/ros2_drone_swarm/build/swarm_controller/build --no-deps symlink_data
